000 (5770884.239.000) 07/22 11:51:17 Job submitted from host: <188.185.125.71:9618?addrs=188.185.125.71-9618+[2001-1458-d00-4a--100-15e]-9618&alias=bigbird28.cern.ch&noUDP&sock=schedd_2239_58a3>
...
040 (5770884.239.000) 07/22 11:52:52 Started transferring input files
	Transferring to host: <188.185.193.187:9618?addrs=188.185.193.187-9618+[2001-1458-303-20--100-b7]-9618&alias=b9p19p4773.cern.ch&noUDP&sock=slot1_31_4182_58e3_37641>
...
040 (5770884.239.000) 07/22 11:52:52 Finished transferring input files
...
001 (5770884.239.000) 07/22 11:52:53 Job executing on host: <188.185.193.187:9618?addrs=188.185.193.187-9618+[2001-1458-303-20--100-b7]-9618&alias=b9p19p4773.cern.ch&noUDP&sock=startd_3473_c481>
	SlotName: slot1_31@b9p19p4773.cern.ch
	CondorScratchDir = "/pool/condor/dir_3348040"
	Cpus = 1
	Disk = 3732
	GPUs = 0
	Memory = 3000
...
006 (5770884.239.000) 07/22 11:53:07 Image size of job updated: 9436
	10  -  MemoryUsage of job (MB)
	9436  -  ResidentSetSize of job (KB)
...
006 (5770884.239.000) 07/22 11:58:08 Image size of job updated: 179704
	176  -  MemoryUsage of job (MB)
	179704  -  ResidentSetSize of job (KB)
...
006 (5770884.239.000) 07/22 12:03:09 Image size of job updated: 478756
	399  -  MemoryUsage of job (MB)
	407580  -  ResidentSetSize of job (KB)
...
006 (5770884.239.000) 07/22 12:08:09 Image size of job updated: 902616
	842  -  MemoryUsage of job (MB)
	862044  -  ResidentSetSize of job (KB)
...
006 (5770884.239.000) 07/22 12:13:10 Image size of job updated: 944120
	911  -  MemoryUsage of job (MB)
	931904  -  ResidentSetSize of job (KB)
...
006 (5770884.239.000) 07/22 12:18:11 Image size of job updated: 947900
	911  -  MemoryUsage of job (MB)
	931904  -  ResidentSetSize of job (KB)
...
006 (5770884.239.000) 07/22 12:23:11 Image size of job updated: 947900
	913  -  MemoryUsage of job (MB)
	934276  -  ResidentSetSize of job (KB)
...
006 (5770884.239.000) 07/22 12:28:12 Image size of job updated: 1034104
	996  -  MemoryUsage of job (MB)
	1019512  -  ResidentSetSize of job (KB)
...
006 (5770884.239.000) 07/22 12:33:12 Image size of job updated: 1050184
	1026  -  MemoryUsage of job (MB)
	1050184  -  ResidentSetSize of job (KB)
...
006 (5770884.239.000) 07/22 12:38:12 Image size of job updated: 1060052
	1036  -  MemoryUsage of job (MB)
	1060052  -  ResidentSetSize of job (KB)
...
006 (5770884.239.000) 07/22 12:43:13 Image size of job updated: 1063380
	1039  -  MemoryUsage of job (MB)
	1063380  -  ResidentSetSize of job (KB)
...
006 (5770884.239.000) 07/22 12:48:13 Image size of job updated: 1063416
	1039  -  MemoryUsage of job (MB)
	1063416  -  ResidentSetSize of job (KB)
...
006 (5770884.239.000) 07/22 12:53:13 Image size of job updated: 1069004
	1044  -  MemoryUsage of job (MB)
	1069004  -  ResidentSetSize of job (KB)
...
006 (5770884.239.000) 07/22 12:58:14 Image size of job updated: 1069228
	1045  -  MemoryUsage of job (MB)
	1069228  -  ResidentSetSize of job (KB)
...
006 (5770884.239.000) 07/22 13:03:14 Image size of job updated: 1079940
	1055  -  MemoryUsage of job (MB)
	1079940  -  ResidentSetSize of job (KB)
...
006 (5770884.239.000) 07/22 13:08:14 Image size of job updated: 1079960
	1055  -  MemoryUsage of job (MB)
	1079960  -  ResidentSetSize of job (KB)
...
006 (5770884.239.000) 07/22 13:13:15 Image size of job updated: 1079976
	1055  -  MemoryUsage of job (MB)
	1079976  -  ResidentSetSize of job (KB)
...
006 (5770884.239.000) 07/22 13:18:15 Image size of job updated: 1079984
	1055  -  MemoryUsage of job (MB)
	1079984  -  ResidentSetSize of job (KB)
...
006 (5770884.239.000) 07/22 13:38:16 Image size of job updated: 1079988
	1055  -  MemoryUsage of job (MB)
	1079988  -  ResidentSetSize of job (KB)
...
006 (5770884.239.000) 07/22 13:43:17 Image size of job updated: 1080440
	1056  -  MemoryUsage of job (MB)
	1080440  -  ResidentSetSize of job (KB)
...
006 (5770884.239.000) 07/22 13:48:18 Image size of job updated: 1080444
	1056  -  MemoryUsage of job (MB)
	1080444  -  ResidentSetSize of job (KB)
...
006 (5770884.239.000) 07/22 13:53:18 Image size of job updated: 1080548
	1056  -  MemoryUsage of job (MB)
	1080548  -  ResidentSetSize of job (KB)
...
006 (5770884.239.000) 07/22 13:58:19 Image size of job updated: 1082088
	1056  -  MemoryUsage of job (MB)
	1080548  -  ResidentSetSize of job (KB)
...
040 (5770884.239.000) 07/22 14:03:48 Started transferring output files
...
040 (5770884.239.000) 07/22 14:03:48 Finished transferring output files
...
005 (5770884.239.000) 07/22 14:03:48 Job terminated.
	(1) Normal termination (return value 0)
		Usr 0 01:51:46, Sys 0 00:02:25  -  Run Remote Usage
		Usr 0 00:00:00, Sys 0 00:00:00  -  Run Local Usage
		Usr 0 01:51:46, Sys 0 00:02:25  -  Total Remote Usage
		Usr 0 00:00:00, Sys 0 00:00:00  -  Total Local Usage
	769758  -  Run Bytes Sent By Job
	1666  -  Run Bytes Received By Job
	769758  -  Total Bytes Sent By Job
	1666  -  Total Bytes Received By Job
	Partitionable Resources :    Usage  Request Allocated 
	   Cpus                 :     0.95        1         1 
	   Disk (KB)            :   776           2      3732 
	   GPUs                 :                           0 
	   Memory (MB)          :  1056        3000      3000 

	Job terminated of its own accord at 2025-07-22T12:03:48Z with exit-code 0.
...
