000 (5770884.209.000) 07/22 11:51:17 Job submitted from host: <188.185.125.71:9618?addrs=188.185.125.71-9618+[2001-1458-d00-4a--100-15e]-9618&alias=bigbird28.cern.ch&noUDP&sock=schedd_2239_58a3>
...
040 (5770884.209.000) 07/22 11:52:41 Started transferring input files
	Transferring to host: <188.185.198.152:9618?addrs=188.185.198.152-9618+[2001-1458-303-25--100-94]-9618&alias=b9p15p7161.cern.ch&noUDP&sock=slot1_10_1162902_68f2_34710>
...
040 (5770884.209.000) 07/22 11:52:41 Finished transferring input files
...
001 (5770884.209.000) 07/22 11:52:42 Job executing on host: <188.185.198.152:9618?addrs=188.185.198.152-9618+[2001-1458-303-25--100-94]-9618&alias=b9p15p7161.cern.ch&noUDP&sock=startd_1162853_03b7>
	SlotName: slot1_10@b9p15p7161.cern.ch
	CondorScratchDir = "/pool/condor/dir_716637"
	Cpus = 1
	Disk = 3865
	GPUs = 0
	Memory = 3000
...
006 (5770884.209.000) 07/22 11:52:56 Image size of job updated: 13448
	14  -  MemoryUsage of job (MB)
	13448  -  ResidentSetSize of job (KB)
...
006 (5770884.209.000) 07/22 11:57:57 Image size of job updated: 180032
	176  -  MemoryUsage of job (MB)
	180032  -  ResidentSetSize of job (KB)
...
006 (5770884.209.000) 07/22 12:02:58 Image size of job updated: 499312
	399  -  MemoryUsage of job (MB)
	407596  -  ResidentSetSize of job (KB)
...
006 (5770884.209.000) 07/22 12:07:58 Image size of job updated: 1016048
	921  -  MemoryUsage of job (MB)
	942376  -  ResidentSetSize of job (KB)
...
006 (5770884.209.000) 07/22 12:12:59 Image size of job updated: 1018144
	992  -  MemoryUsage of job (MB)
	1015420  -  ResidentSetSize of job (KB)
...
006 (5770884.209.000) 07/22 12:18:00 Image size of job updated: 1065040
	1017  -  MemoryUsage of job (MB)
	1040624  -  ResidentSetSize of job (KB)
...
006 (5770884.209.000) 07/22 12:23:00 Image size of job updated: 1069696
	1027  -  MemoryUsage of job (MB)
	1051532  -  ResidentSetSize of job (KB)
...
006 (5770884.209.000) 07/22 12:28:01 Image size of job updated: 1073960
	1049  -  MemoryUsage of job (MB)
	1073960  -  ResidentSetSize of job (KB)
...
006 (5770884.209.000) 07/22 12:33:02 Image size of job updated: 1077308
	1053  -  MemoryUsage of job (MB)
	1077308  -  ResidentSetSize of job (KB)
...
006 (5770884.209.000) 07/22 12:38:02 Image size of job updated: 1077496
	1053  -  MemoryUsage of job (MB)
	1077496  -  ResidentSetSize of job (KB)
...
006 (5770884.209.000) 07/22 12:43:03 Image size of job updated: 1078440
	1054  -  MemoryUsage of job (MB)
	1078440  -  ResidentSetSize of job (KB)
...
006 (5770884.209.000) 07/22 12:48:04 Image size of job updated: 1078448
	1054  -  MemoryUsage of job (MB)
	1078448  -  ResidentSetSize of job (KB)
...
006 (5770884.209.000) 07/22 12:53:04 Image size of job updated: 1078572
	1054  -  MemoryUsage of job (MB)
	1078572  -  ResidentSetSize of job (KB)
...
006 (5770884.209.000) 07/22 12:58:05 Image size of job updated: 1078576
	1054  -  MemoryUsage of job (MB)
	1078576  -  ResidentSetSize of job (KB)
...
006 (5770884.209.000) 07/22 13:03:05 Image size of job updated: 1080664
	1056  -  MemoryUsage of job (MB)
	1080664  -  ResidentSetSize of job (KB)
...
006 (5770884.209.000) 07/22 13:08:05 Image size of job updated: 1080916
	1056  -  MemoryUsage of job (MB)
	1080916  -  ResidentSetSize of job (KB)
...
006 (5770884.209.000) 07/22 13:13:06 Image size of job updated: 1095924
	1056  -  MemoryUsage of job (MB)
	1080916  -  ResidentSetSize of job (KB)
...
006 (5770884.209.000) 07/22 13:18:06 Image size of job updated: 1095924
	1061  -  MemoryUsage of job (MB)
	1086460  -  ResidentSetSize of job (KB)
...
006 (5770884.209.000) 07/22 13:23:06 Image size of job updated: 1095924
	1062  -  MemoryUsage of job (MB)
	1086544  -  ResidentSetSize of job (KB)
...
006 (5770884.209.000) 07/22 13:28:07 Image size of job updated: 1095924
	1063  -  MemoryUsage of job (MB)
	1087520  -  ResidentSetSize of job (KB)
...
006 (5770884.209.000) 07/22 13:33:07 Image size of job updated: 1095924
	1063  -  MemoryUsage of job (MB)
	1087524  -  ResidentSetSize of job (KB)
...
006 (5770884.209.000) 07/22 13:38:07 Image size of job updated: 1105372
	1063  -  MemoryUsage of job (MB)
	1087808  -  ResidentSetSize of job (KB)
...
006 (5770884.209.000) 07/22 13:43:08 Image size of job updated: 1107044
	1081  -  MemoryUsage of job (MB)
	1106824  -  ResidentSetSize of job (KB)
...
006 (5770884.209.000) 07/22 13:48:08 Image size of job updated: 1116540
	1081  -  MemoryUsage of job (MB)
	1106824  -  ResidentSetSize of job (KB)
...
006 (5770884.209.000) 07/22 13:50:34 Image size of job updated: 1117732
	1081  -  MemoryUsage of job (MB)
	1106824  -  ResidentSetSize of job (KB)
...
040 (5770884.209.000) 07/22 13:50:35 Started transferring output files
...
040 (5770884.209.000) 07/22 13:50:35 Finished transferring output files
...
005 (5770884.209.000) 07/22 13:50:35 Job terminated.
	(1) Normal termination (return value 0)
		Usr 0 01:40:27, Sys 0 00:02:03  -  Run Remote Usage
		Usr 0 00:00:00, Sys 0 00:00:00  -  Run Local Usage
		Usr 0 01:40:27, Sys 0 00:02:03  -  Total Remote Usage
		Usr 0 00:00:00, Sys 0 00:00:00  -  Total Local Usage
	688030  -  Run Bytes Sent By Job
	1666  -  Run Bytes Received By Job
	688030  -  Total Bytes Sent By Job
	1666  -  Total Bytes Received By Job
	Partitionable Resources :    Usage  Request Allocated 
	   Cpus                 :     0.65        1         1 
	   Disk (KB)            :   696           2      3865 
	   GPUs                 :                           0 
	   Memory (MB)          :  1081        3000      3000 

	Job terminated of its own accord at 2025-07-22T11:50:34Z with exit-code 0.
...
