000 (5770884.162.000) 07/22 11:51:17 Job submitted from host: <188.185.125.71:9618?addrs=188.185.125.71-9618+[2001-1458-d00-4a--100-15e]-9618&alias=bigbird28.cern.ch&noUDP&sock=schedd_2239_58a3>
...
040 (5770884.162.000) 07/22 11:52:24 Started transferring input files
	Transferring to host: <188.185.194.38:9618?addrs=188.185.194.38-9618+[2001-1458-303-21--100-22]-9618&alias=b9p20p2517.cern.ch&noUDP&sock=slot1_18_4772_0e3b_37057>
...
040 (5770884.162.000) 07/22 11:52:24 Finished transferring input files
...
001 (5770884.162.000) 07/22 11:52:25 Job executing on host: <188.185.194.38:9618?addrs=188.185.194.38-9618+[2001-1458-303-21--100-22]-9618&alias=b9p20p2517.cern.ch&noUDP&sock=startd_4229_521a>
	SlotName: slot1_18@b9p20p2517.cern.ch
	CondorScratchDir = "/pool/condor/dir_2244770"
	Cpus = 1
	Disk = 3850
	GPUs = 0
	Memory = 3000
...
006 (5770884.162.000) 07/22 11:52:38 Image size of job updated: 14800
	15  -  MemoryUsage of job (MB)
	14800  -  ResidentSetSize of job (KB)
...
006 (5770884.162.000) 07/22 11:57:38 Image size of job updated: 178988
	175  -  MemoryUsage of job (MB)
	178988  -  ResidentSetSize of job (KB)
...
006 (5770884.162.000) 07/22 12:02:39 Image size of job updated: 759012
	742  -  MemoryUsage of job (MB)
	759012  -  ResidentSetSize of job (KB)
...
006 (5770884.162.000) 07/22 12:07:39 Image size of job updated: 922664
	902  -  MemoryUsage of job (MB)
	922664  -  ResidentSetSize of job (KB)
...
006 (5770884.162.000) 07/22 12:12:39 Image size of job updated: 923912
	903  -  MemoryUsage of job (MB)
	923912  -  ResidentSetSize of job (KB)
...
006 (5770884.162.000) 07/22 12:17:40 Image size of job updated: 924128
	903  -  MemoryUsage of job (MB)
	924128  -  ResidentSetSize of job (KB)
...
006 (5770884.162.000) 07/22 12:22:40 Image size of job updated: 938096
	917  -  MemoryUsage of job (MB)
	938096  -  ResidentSetSize of job (KB)
...
006 (5770884.162.000) 07/22 12:27:40 Image size of job updated: 938140
	917  -  MemoryUsage of job (MB)
	938140  -  ResidentSetSize of job (KB)
...
006 (5770884.162.000) 07/22 12:32:42 Image size of job updated: 938164
	917  -  MemoryUsage of job (MB)
	938164  -  ResidentSetSize of job (KB)
...
006 (5770884.162.000) 07/22 12:37:42 Image size of job updated: 938240
	917  -  MemoryUsage of job (MB)
	938240  -  ResidentSetSize of job (KB)
...
006 (5770884.162.000) 07/22 12:42:42 Image size of job updated: 940020
	918  -  MemoryUsage of job (MB)
	940020  -  ResidentSetSize of job (KB)
...
006 (5770884.162.000) 07/22 12:47:43 Image size of job updated: 940036
	919  -  MemoryUsage of job (MB)
	940036  -  ResidentSetSize of job (KB)
...
006 (5770884.162.000) 07/22 12:52:44 Image size of job updated: 940044
	919  -  MemoryUsage of job (MB)
	940044  -  ResidentSetSize of job (KB)
...
006 (5770884.162.000) 07/22 12:57:44 Image size of job updated: 940048
	919  -  MemoryUsage of job (MB)
	940048  -  ResidentSetSize of job (KB)
...
006 (5770884.162.000) 07/22 13:07:46 Image size of job updated: 940056
	919  -  MemoryUsage of job (MB)
	940056  -  ResidentSetSize of job (KB)
...
040 (5770884.162.000) 07/22 13:14:26 Started transferring output files
...
040 (5770884.162.000) 07/22 13:14:26 Finished transferring output files
...
005 (5770884.162.000) 07/22 13:14:26 Job terminated.
	(1) Normal termination (return value 0)
		Usr 0 01:09:02, Sys 0 00:01:14  -  Run Remote Usage
		Usr 0 00:00:00, Sys 0 00:00:00  -  Run Local Usage
		Usr 0 01:09:02, Sys 0 00:01:14  -  Total Remote Usage
		Usr 0 00:00:00, Sys 0 00:00:00  -  Total Local Usage
	473164  -  Run Bytes Sent By Job
	1666  -  Run Bytes Received By Job
	473164  -  Total Bytes Sent By Job
	1666  -  Total Bytes Received By Job
	Partitionable Resources :    Usage  Request Allocated 
	   Cpus                 :     0.96        1         1 
	   Disk (KB)            :   486           2      3850 
	   GPUs                 :                           0 
	   Memory (MB)          :   919        3000      3000 

	Job terminated of its own accord at 2025-07-22T11:14:26Z with exit-code 0.
...
