000 (5770884.170.000) 07/22 11:51:17 Job submitted from host: <188.185.125.71:9618?addrs=188.185.125.71-9618+[2001-1458-d00-4a--100-15e]-9618&alias=bigbird28.cern.ch&noUDP&sock=schedd_2239_58a3>
...
040 (5770884.170.000) 07/22 11:52:30 Started transferring input files
	Transferring to host: <188.185.193.84:9618?addrs=188.185.193.84-9618+[2001-1458-303-20--100-50]-9618&alias=b9p19p9237.cern.ch&noUDP&sock=slot1_17_9699_92a3_38800>
...
040 (5770884.170.000) 07/22 11:52:30 Finished transferring input files
...
001 (5770884.170.000) 07/22 11:52:31 Job executing on host: <188.185.193.84:9618?addrs=188.185.193.84-9618+[2001-1458-303-20--100-50]-9618&alias=b9p19p9237.cern.ch&noUDP&sock=startd_8276_39e2>
	SlotName: slot1_17@b9p19p9237.cern.ch
	CondorScratchDir = "/pool/condor/dir_1998346"
	Cpus = 1
	Disk = 3887
	GPUs = 0
	Memory = 3000
...
006 (5770884.170.000) 07/22 11:52:45 Image size of job updated: 14860
	15  -  MemoryUsage of job (MB)
	14860  -  ResidentSetSize of job (KB)
...
006 (5770884.170.000) 07/22 11:57:46 Image size of job updated: 180200
	176  -  MemoryUsage of job (MB)
	180200  -  ResidentSetSize of job (KB)
...
006 (5770884.170.000) 07/22 12:02:47 Image size of job updated: 887284
	867  -  MemoryUsage of job (MB)
	887284  -  ResidentSetSize of job (KB)
...
006 (5770884.170.000) 07/22 12:07:47 Image size of job updated: 925808
	905  -  MemoryUsage of job (MB)
	925808  -  ResidentSetSize of job (KB)
...
006 (5770884.170.000) 07/22 12:12:48 Image size of job updated: 927348
	906  -  MemoryUsage of job (MB)
	927348  -  ResidentSetSize of job (KB)
...
006 (5770884.170.000) 07/22 12:17:48 Image size of job updated: 928432
	907  -  MemoryUsage of job (MB)
	928432  -  ResidentSetSize of job (KB)
...
006 (5770884.170.000) 07/22 12:22:48 Image size of job updated: 943012
	921  -  MemoryUsage of job (MB)
	943012  -  ResidentSetSize of job (KB)
...
006 (5770884.170.000) 07/22 12:27:49 Image size of job updated: 943072
	921  -  MemoryUsage of job (MB)
	943072  -  ResidentSetSize of job (KB)
...
006 (5770884.170.000) 07/22 12:32:49 Image size of job updated: 951728
	930  -  MemoryUsage of job (MB)
	951728  -  ResidentSetSize of job (KB)
...
006 (5770884.170.000) 07/22 12:42:50 Image size of job updated: 951744
	930  -  MemoryUsage of job (MB)
	951744  -  ResidentSetSize of job (KB)
...
006 (5770884.170.000) 07/22 12:47:50 Image size of job updated: 951764
	930  -  MemoryUsage of job (MB)
	951764  -  ResidentSetSize of job (KB)
...
006 (5770884.170.000) 07/22 12:52:51 Image size of job updated: 951784
	930  -  MemoryUsage of job (MB)
	951784  -  ResidentSetSize of job (KB)
...
006 (5770884.170.000) 07/22 12:57:52 Image size of job updated: 960060
	938  -  MemoryUsage of job (MB)
	960060  -  ResidentSetSize of job (KB)
...
006 (5770884.170.000) 07/22 13:02:52 Image size of job updated: 960088
	938  -  MemoryUsage of job (MB)
	960088  -  ResidentSetSize of job (KB)
...
006 (5770884.170.000) 07/22 13:07:53 Image size of job updated: 960100
	938  -  MemoryUsage of job (MB)
	960100  -  ResidentSetSize of job (KB)
...
006 (5770884.170.000) 07/22 13:12:54 Image size of job updated: 960108
	938  -  MemoryUsage of job (MB)
	960108  -  ResidentSetSize of job (KB)
...
040 (5770884.170.000) 07/22 13:26:11 Started transferring output files
...
040 (5770884.170.000) 07/22 13:26:11 Finished transferring output files
...
005 (5770884.170.000) 07/22 13:26:11 Job terminated.
	(1) Normal termination (return value 0)
		Usr 0 01:19:41, Sys 0 00:01:02  -  Run Remote Usage
		Usr 0 00:00:00, Sys 0 00:00:00  -  Run Local Usage
		Usr 0 01:19:41, Sys 0 00:01:02  -  Total Remote Usage
		Usr 0 00:00:00, Sys 0 00:00:00  -  Total Local Usage
	547894  -  Run Bytes Sent By Job
	1666  -  Run Bytes Received By Job
	547894  -  Total Bytes Sent By Job
	1666  -  Total Bytes Received By Job
	Partitionable Resources :    Usage  Request Allocated 
	   Cpus                 :     0.97        1         1 
	   Disk (KB)            :   559           2      3887 
	   GPUs                 :                           0 
	   Memory (MB)          :   938        3000      3000 

	Job terminated of its own accord at 2025-07-22T11:26:11Z with exit-code 0.
...
