000 (5770884.198.000) 07/22 11:51:17 Job submitted from host: <188.185.125.71:9618?addrs=188.185.125.71-9618+[2001-1458-d00-4a--100-15e]-9618&alias=bigbird28.cern.ch&noUDP&sock=schedd_2239_58a3>
...
040 (5770884.198.000) 07/22 11:52:38 Started transferring input files
	Transferring to host: <188.185.194.125:9618?addrs=188.185.194.125-9618+[2001-1458-303-21--100-79]-9618&alias=b9p20p8620.cern.ch&noUDP&sock=slot1_19_10851_42d2_12764>
...
040 (5770884.198.000) 07/22 11:52:38 Finished transferring input files
...
001 (5770884.198.000) 07/22 11:52:39 Job executing on host: <188.185.194.125:9618?addrs=188.185.194.125-9618+[2001-1458-303-21--100-79]-9618&alias=b9p20p8620.cern.ch&noUDP&sock=startd_9202_6295>
	SlotName: slot1_19@b9p20p8620.cern.ch
	CondorScratchDir = "/pool/condor/dir_2109762"
	Cpus = 1
	Disk = 3794
	GPUs = 0
	Memory = 3000
...
006 (5770884.198.000) 07/22 11:52:53 Image size of job updated: 14716
	15  -  MemoryUsage of job (MB)
	14716  -  ResidentSetSize of job (KB)
...
006 (5770884.198.000) 07/22 11:57:54 Image size of job updated: 180076
	176  -  MemoryUsage of job (MB)
	180076  -  ResidentSetSize of job (KB)
...
006 (5770884.198.000) 07/22 12:02:55 Image size of job updated: 479296
	448  -  MemoryUsage of job (MB)
	458248  -  ResidentSetSize of job (KB)
...
006 (5770884.198.000) 07/22 12:07:55 Image size of job updated: 940140
	919  -  MemoryUsage of job (MB)
	940140  -  ResidentSetSize of job (KB)
...
006 (5770884.198.000) 07/22 12:12:56 Image size of job updated: 997012
	942  -  MemoryUsage of job (MB)
	964396  -  ResidentSetSize of job (KB)
...
006 (5770884.198.000) 07/22 12:17:56 Image size of job updated: 997012
	944  -  MemoryUsage of job (MB)
	966172  -  ResidentSetSize of job (KB)
...
006 (5770884.198.000) 07/22 12:27:57 Image size of job updated: 1012360
	944  -  MemoryUsage of job (MB)
	966172  -  ResidentSetSize of job (KB)
...
006 (5770884.198.000) 07/22 12:37:57 Image size of job updated: 1013404
	990  -  MemoryUsage of job (MB)
	1013404  -  ResidentSetSize of job (KB)
...
006 (5770884.198.000) 07/22 12:42:58 Image size of job updated: 1050772
	1016  -  MemoryUsage of job (MB)
	1039700  -  ResidentSetSize of job (KB)
...
006 (5770884.198.000) 07/22 13:02:59 Image size of job updated: 1050772
	1018  -  MemoryUsage of job (MB)
	1042172  -  ResidentSetSize of job (KB)
...
006 (5770884.198.000) 07/22 13:07:59 Image size of job updated: 1050812
	1019  -  MemoryUsage of job (MB)
	1043316  -  ResidentSetSize of job (KB)
...
006 (5770884.198.000) 07/22 13:13:00 Image size of job updated: 1056456
	1027  -  MemoryUsage of job (MB)
	1051544  -  ResidentSetSize of job (KB)
...
006 (5770884.198.000) 07/22 13:18:00 Image size of job updated: 1058824
	1027  -  MemoryUsage of job (MB)
	1051544  -  ResidentSetSize of job (KB)
...
006 (5770884.198.000) 07/22 13:23:00 Image size of job updated: 1061096
	1027  -  MemoryUsage of job (MB)
	1051544  -  ResidentSetSize of job (KB)
...
006 (5770884.198.000) 07/22 13:28:01 Image size of job updated: 1061096
	1030  -  MemoryUsage of job (MB)
	1053728  -  ResidentSetSize of job (KB)
...
006 (5770884.198.000) 07/22 13:33:01 Image size of job updated: 1065832
	1030  -  MemoryUsage of job (MB)
	1053728  -  ResidentSetSize of job (KB)
...
006 (5770884.198.000) 07/22 13:38:01 Image size of job updated: 1065832
	1037  -  MemoryUsage of job (MB)
	1061632  -  ResidentSetSize of job (KB)
...
006 (5770884.198.000) 07/22 13:43:02 Image size of job updated: 1067796
	1037  -  MemoryUsage of job (MB)
	1061632  -  ResidentSetSize of job (KB)
...
006 (5770884.198.000) 07/22 14:03:03 Image size of job updated: 1067924
	1040  -  MemoryUsage of job (MB)
	1064324  -  ResidentSetSize of job (KB)
...
006 (5770884.198.000) 07/22 14:08:03 Image size of job updated: 1074008
	1040  -  MemoryUsage of job (MB)
	1064356  -  ResidentSetSize of job (KB)
...
040 (5770884.198.000) 07/22 14:10:00 Started transferring output files
...
040 (5770884.198.000) 07/22 14:10:00 Finished transferring output files
...
005 (5770884.198.000) 07/22 14:10:00 Job terminated.
	(1) Normal termination (return value 0)
		Usr 0 01:57:15, Sys 0 00:01:50  -  Run Remote Usage
		Usr 0 00:00:00, Sys 0 00:00:00  -  Run Local Usage
		Usr 0 01:57:15, Sys 0 00:01:50  -  Total Remote Usage
		Usr 0 00:00:00, Sys 0 00:00:00  -  Total Local Usage
	804841  -  Run Bytes Sent By Job
	1666  -  Run Bytes Received By Job
	804841  -  Total Bytes Sent By Job
	1666  -  Total Bytes Received By Job
	Partitionable Resources :    Usage  Request Allocated 
	   Cpus                 :     0.96        1         1 
	   Disk (KB)            :   810           2      3794 
	   GPUs                 :                           0 
	   Memory (MB)          :  1040        3000      3000 

	Job terminated of its own accord at 2025-07-22T12:10:00Z with exit-code 0.
...
