000 (5770884.199.000) 07/22 11:51:17 Job submitted from host: <188.185.125.71:9618?addrs=188.185.125.71-9618+[2001-1458-d00-4a--100-15e]-9618&alias=bigbird28.cern.ch&noUDP&sock=schedd_2239_58a3>
...
040 (5770884.199.000) 07/22 11:52:42 Started transferring input files
	Transferring to host: <188.185.196.57:9618?addrs=188.185.196.57-9618+[2001-1458-303-23--100-35]-9618&alias=b9p16p1771.cern.ch&noUDP&sock=slot1_5_8655_faf9_54264>
...
040 (5770884.199.000) 07/22 11:52:42 Finished transferring input files
...
001 (5770884.199.000) 07/22 11:52:43 Job executing on host: <188.185.196.57:9618?addrs=188.185.196.57-9618+[2001-1458-303-23--100-35]-9618&alias=b9p16p1771.cern.ch&noUDP&sock=startd_8079_19b9>
	SlotName: slot1_5@b9p16p1771.cern.ch
	CondorScratchDir = "/pool/condor/dir_430428"
	Cpus = 1
	Disk = 3754
	GPUs = 0
	Memory = 3000
...
006 (5770884.199.000) 07/22 11:52:52 Image size of job updated: 20836
	21  -  MemoryUsage of job (MB)
	20836  -  ResidentSetSize of job (KB)
...
006 (5770884.199.000) 07/22 11:57:53 Image size of job updated: 604832
	591  -  MemoryUsage of job (MB)
	604832  -  ResidentSetSize of job (KB)
...
006 (5770884.199.000) 07/22 12:02:53 Image size of job updated: 949360
	928  -  MemoryUsage of job (MB)
	949360  -  ResidentSetSize of job (KB)
...
006 (5770884.199.000) 07/22 12:07:53 Image size of job updated: 1333668
	1303  -  MemoryUsage of job (MB)
	1333668  -  ResidentSetSize of job (KB)
...
006 (5770884.199.000) 07/22 12:12:54 Image size of job updated: 1418880
	1386  -  MemoryUsage of job (MB)
	1418880  -  ResidentSetSize of job (KB)
...
006 (5770884.199.000) 07/22 12:17:55 Image size of job updated: 1493164
	1459  -  MemoryUsage of job (MB)
	1493164  -  ResidentSetSize of job (KB)
...
006 (5770884.199.000) 07/22 12:22:55 Image size of job updated: 1520656
	1486  -  MemoryUsage of job (MB)
	1520656  -  ResidentSetSize of job (KB)
...
006 (5770884.199.000) 07/22 12:27:56 Image size of job updated: 1522960
	1488  -  MemoryUsage of job (MB)
	1522960  -  ResidentSetSize of job (KB)
...
006 (5770884.199.000) 07/22 12:32:57 Image size of job updated: 1548652
	1513  -  MemoryUsage of job (MB)
	1548652  -  ResidentSetSize of job (KB)
...
006 (5770884.199.000) 07/22 12:37:57 Image size of job updated: 1561724
	1526  -  MemoryUsage of job (MB)
	1561724  -  ResidentSetSize of job (KB)
...
006 (5770884.199.000) 07/22 12:42:57 Image size of job updated: 1561724
	1526  -  MemoryUsage of job (MB)
	1561796  -  ResidentSetSize of job (KB)
...
040 (5770884.199.000) 07/22 14:28:46 Started transferring output files
...
040 (5770884.199.000) 07/22 14:28:46 Finished transferring output files
...
005 (5770884.199.000) 07/22 14:28:46 Job terminated.
	(1) Normal termination (return value 0)
		Usr 0 02:04:58, Sys 0 00:02:50  -  Run Remote Usage
		Usr 0 00:00:00, Sys 0 00:00:00  -  Run Local Usage
		Usr 0 02:04:58, Sys 0 00:02:50  -  Total Remote Usage
		Usr 0 00:00:00, Sys 0 00:00:00  -  Total Local Usage
	926423  -  Run Bytes Sent By Job
	1666  -  Run Bytes Received By Job
	926423  -  Total Bytes Sent By Job
	1666  -  Total Bytes Received By Job
	Partitionable Resources :    Usage  Request Allocated 
	   Cpus                 :     0.93        1         1 
	   Disk (KB)            :   929           2      3754 
	   GPUs                 :                           0 
	   Memory (MB)          :  1526        3000      3000 

	Job terminated of its own accord at 2025-07-22T12:28:46Z with exit-code 0.
...
