000 (5770884.119.000) 07/22 11:51:17 Job submitted from host: <188.185.125.71:9618?addrs=188.185.125.71-9618+[2001-1458-d00-4a--100-15e]-9618&alias=bigbird28.cern.ch&noUDP&sock=schedd_2239_58a3>
...
040 (5770884.119.000) 07/22 11:52:12 Started transferring input files
	Transferring to host: <188.185.195.64:9618?addrs=188.185.195.64-9618+[2001-1458-303-22--100-3c]-9618&alias=b9p17p2560.cern.ch&noUDP&sock=slot1_27_4699_9ed8_36712>
...
040 (5770884.119.000) 07/22 11:52:12 Finished transferring input files
...
001 (5770884.119.000) 07/22 11:52:13 Job executing on host: <188.185.195.64:9618?addrs=188.185.195.64-9618+[2001-1458-303-22--100-3c]-9618&alias=b9p17p2560.cern.ch&noUDP&sock=startd_4130_6a3a>
	SlotName: slot1_27@b9p17p2560.cern.ch
	CondorScratchDir = "/pool/condor/dir_214508"
	Cpus = 1
	Disk = 3886
	GPUs = 0
	Memory = 3000
...
006 (5770884.119.000) 07/22 11:52:27 Image size of job updated: 15148
	15  -  MemoryUsage of job (MB)
	15148  -  ResidentSetSize of job (KB)
...
006 (5770884.119.000) 07/22 11:57:28 Image size of job updated: 180316
	177  -  MemoryUsage of job (MB)
	180316  -  ResidentSetSize of job (KB)
...
006 (5770884.119.000) 07/22 12:02:28 Image size of job updated: 520824
	447  -  MemoryUsage of job (MB)
	457328  -  ResidentSetSize of job (KB)
...
006 (5770884.119.000) 07/22 12:07:28 Image size of job updated: 1035328
	1012  -  MemoryUsage of job (MB)
	1035328  -  ResidentSetSize of job (KB)
...
006 (5770884.119.000) 07/22 12:12:29 Image size of job updated: 1072456
	1017  -  MemoryUsage of job (MB)
	1040412  -  ResidentSetSize of job (KB)
...
006 (5770884.119.000) 07/22 12:22:29 Image size of job updated: 1072456
	1030  -  MemoryUsage of job (MB)
	1053820  -  ResidentSetSize of job (KB)
...
006 (5770884.119.000) 07/22 12:27:30 Image size of job updated: 1072456
	1030  -  MemoryUsage of job (MB)
	1053888  -  ResidentSetSize of job (KB)
...
006 (5770884.119.000) 07/22 12:57:34 Image size of job updated: 1072456
	1047  -  MemoryUsage of job (MB)
	1071776  -  ResidentSetSize of job (KB)
...
006 (5770884.119.000) 07/22 13:02:35 Image size of job updated: 1075888
	1051  -  MemoryUsage of job (MB)
	1075888  -  ResidentSetSize of job (KB)
...
006 (5770884.119.000) 07/22 13:32:38 Image size of job updated: 1080736
	1051  -  MemoryUsage of job (MB)
	1075888  -  ResidentSetSize of job (KB)
...
006 (5770884.119.000) 07/22 13:57:39 Image size of job updated: 1080956
	1051  -  MemoryUsage of job (MB)
	1075888  -  ResidentSetSize of job (KB)
...
006 (5770884.119.000) 07/22 14:02:40 Image size of job updated: 1090332
	1051  -  MemoryUsage of job (MB)
	1075888  -  ResidentSetSize of job (KB)
...
006 (5770884.119.000) 07/22 14:12:40 Image size of job updated: 1096300
	1056  -  MemoryUsage of job (MB)
	1080840  -  ResidentSetSize of job (KB)
...
040 (5770884.119.000) 07/22 14:13:22 Started transferring output files
...
040 (5770884.119.000) 07/22 14:13:22 Finished transferring output files
...
005 (5770884.119.000) 07/22 14:13:22 Job terminated.
	(1) Normal termination (return value 0)
		Usr 0 02:01:30, Sys 0 00:01:43  -  Run Remote Usage
		Usr 0 00:00:00, Sys 0 00:00:00  -  Run Local Usage
		Usr 0 02:01:30, Sys 0 00:01:43  -  Total Remote Usage
		Usr 0 00:00:00, Sys 0 00:00:00  -  Total Local Usage
	831387  -  Run Bytes Sent By Job
	1666  -  Run Bytes Received By Job
	831387  -  Total Bytes Sent By Job
	1666  -  Total Bytes Received By Job
	Partitionable Resources :    Usage  Request Allocated 
	   Cpus                 :     0.97        1         1 
	   Disk (KB)            :   836           2      3886 
	   GPUs                 :                           0 
	   Memory (MB)          :  1056        3000      3000 

	Job terminated of its own accord at 2025-07-22T12:13:22Z with exit-code 0.
...
