000 (5770884.077.000) 07/22 11:51:17 Job submitted from host: <188.185.125.71:9618?addrs=188.185.125.71-9618+[2001-1458-d00-4a--100-15e]-9618&alias=bigbird28.cern.ch&noUDP&sock=schedd_2239_58a3>
...
040 (5770884.077.000) 07/22 11:51:58 Started transferring input files
	Transferring to host: <188.185.195.47:9618?addrs=188.185.195.47-9618+[2001-1458-303-22--100-2b]-9618&alias=b9p17p0662.cern.ch&noUDP&sock=slot1_14_10102_85d4_39117>
...
040 (5770884.077.000) 07/22 11:51:58 Finished transferring input files
...
001 (5770884.077.000) 07/22 11:51:59 Job executing on host: <188.185.195.47:9618?addrs=188.185.195.47-9618+[2001-1458-303-22--100-2b]-9618&alias=b9p17p0662.cern.ch&noUDP&sock=startd_8516_d89d>
	SlotName: slot1_14@b9p17p0662.cern.ch
	CondorScratchDir = "/pool/condor/dir_295125"
	Cpus = 1
	Disk = 3849
	GPUs = 0
	Memory = 3000
...
006 (5770884.077.000) 07/22 11:52:13 Image size of job updated: 14792
	2  -  MemoryUsage of job (MB)
	1440  -  ResidentSetSize of job (KB)
...
006 (5770884.077.000) 07/22 11:57:15 Image size of job updated: 182716
	179  -  MemoryUsage of job (MB)
	182716  -  ResidentSetSize of job (KB)
...
006 (5770884.077.000) 07/22 12:02:15 Image size of job updated: 511536
	409  -  MemoryUsage of job (MB)
	418216  -  ResidentSetSize of job (KB)
...
006 (5770884.077.000) 07/22 12:07:15 Image size of job updated: 1014696
	991  -  MemoryUsage of job (MB)
	1014696  -  ResidentSetSize of job (KB)
...
006 (5770884.077.000) 07/22 12:12:16 Image size of job updated: 1029620
	991  -  MemoryUsage of job (MB)
	1014696  -  ResidentSetSize of job (KB)
...
006 (5770884.077.000) 07/22 12:17:16 Image size of job updated: 1042128
	1016  -  MemoryUsage of job (MB)
	1040220  -  ResidentSetSize of job (KB)
...
006 (5770884.077.000) 07/22 12:22:16 Image size of job updated: 1047700
	1024  -  MemoryUsage of job (MB)
	1047700  -  ResidentSetSize of job (KB)
...
006 (5770884.077.000) 07/22 12:27:17 Image size of job updated: 1060864
	1036  -  MemoryUsage of job (MB)
	1060864  -  ResidentSetSize of job (KB)
...
006 (5770884.077.000) 07/22 12:32:17 Image size of job updated: 1072860
	1036  -  MemoryUsage of job (MB)
	1060864  -  ResidentSetSize of job (KB)
...
006 (5770884.077.000) 07/22 12:37:18 Image size of job updated: 1072860
	1040  -  MemoryUsage of job (MB)
	1064556  -  ResidentSetSize of job (KB)
...
006 (5770884.077.000) 07/22 12:47:19 Image size of job updated: 1075384
	1050  -  MemoryUsage of job (MB)
	1074436  -  ResidentSetSize of job (KB)
...
006 (5770884.077.000) 07/22 12:52:20 Image size of job updated: 1075384
	1051  -  MemoryUsage of job (MB)
	1075348  -  ResidentSetSize of job (KB)
...
006 (5770884.077.000) 07/22 12:57:21 Image size of job updated: 1077528
	1051  -  MemoryUsage of job (MB)
	1075348  -  ResidentSetSize of job (KB)
...
006 (5770884.077.000) 07/22 13:02:21 Image size of job updated: 1077528
	1052  -  MemoryUsage of job (MB)
	1076584  -  ResidentSetSize of job (KB)
...
006 (5770884.077.000) 07/22 13:12:22 Image size of job updated: 1079120
	1052  -  MemoryUsage of job (MB)
	1076584  -  ResidentSetSize of job (KB)
...
006 (5770884.077.000) 07/22 13:17:22 Image size of job updated: 1079120
	1054  -  MemoryUsage of job (MB)
	1078664  -  ResidentSetSize of job (KB)
...
006 (5770884.077.000) 07/22 13:32:23 Image size of job updated: 1079120
	1054  -  MemoryUsage of job (MB)
	1078676  -  ResidentSetSize of job (KB)
...
006 (5770884.077.000) 07/22 13:37:24 Image size of job updated: 1093860
	1054  -  MemoryUsage of job (MB)
	1078676  -  ResidentSetSize of job (KB)
...
006 (5770884.077.000) 07/22 13:47:24 Image size of job updated: 1093860
	1054  -  MemoryUsage of job (MB)
	1078732  -  ResidentSetSize of job (KB)
...
006 (5770884.077.000) 07/22 13:52:25 Image size of job updated: 1093860
	1060  -  MemoryUsage of job (MB)
	1084488  -  ResidentSetSize of job (KB)
...
006 (5770884.077.000) 07/22 14:07:26 Image size of job updated: 1093860
	1060  -  MemoryUsage of job (MB)
	1084816  -  ResidentSetSize of job (KB)
...
006 (5770884.077.000) 07/22 14:17:26 Image size of job updated: 1102172
	1060  -  MemoryUsage of job (MB)
	1084816  -  ResidentSetSize of job (KB)
...
006 (5770884.077.000) 07/22 14:22:27 Image size of job updated: 1108424
	1069  -  MemoryUsage of job (MB)
	1093652  -  ResidentSetSize of job (KB)
...
040 (5770884.077.000) 07/22 14:26:11 Started transferring output files
...
040 (5770884.077.000) 07/22 14:26:11 Finished transferring output files
...
005 (5770884.077.000) 07/22 14:26:11 Job terminated.
	(1) Normal termination (return value 0)
		Usr 0 02:10:03, Sys 0 00:01:47  -  Run Remote Usage
		Usr 0 00:00:00, Sys 0 00:00:00  -  Run Local Usage
		Usr 0 02:10:03, Sys 0 00:01:47  -  Total Remote Usage
		Usr 0 00:00:00, Sys 0 00:00:00  -  Total Local Usage
	911733  -  Run Bytes Sent By Job
	1666  -  Run Bytes Received By Job
	911733  -  Total Bytes Sent By Job
	1666  -  Total Bytes Received By Job
	Partitionable Resources :    Usage  Request Allocated 
	   Cpus                 :     0.91        1         1 
	   Disk (KB)            :   914           2      3849 
	   GPUs                 :                           0 
	   Memory (MB)          :  1069        3000      3000 

	Job terminated of its own accord at 2025-07-22T12:26:11Z with exit-code 0.
...
