000 (5770884.184.000) 07/22 11:51:17 Job submitted from host: <188.185.125.71:9618?addrs=188.185.125.71-9618+[2001-1458-d00-4a--100-15e]-9618&alias=bigbird28.cern.ch&noUDP&sock=schedd_2239_58a3>
...
040 (5770884.184.000) 07/22 11:52:33 Started transferring input files
	Transferring to host: <188.185.194.90:9618?addrs=188.185.194.90-9618+[2001-1458-303-21--100-56]-9618&alias=b9p20p0608.cern.ch&noUDP&sock=slot1_16_2688119_c399_37345>
...
040 (5770884.184.000) 07/22 11:52:33 Finished transferring input files
...
001 (5770884.184.000) 07/22 11:52:34 Job executing on host: <188.185.194.90:9618?addrs=188.185.194.90-9618+[2001-1458-303-21--100-56]-9618&alias=b9p20p0608.cern.ch&noUDP&sock=startd_2688031_437e>
	SlotName: slot1_16@b9p20p0608.cern.ch
	CondorScratchDir = "/pool/condor/dir_2710602"
	Cpus = 1
	Disk = 3790
	GPUs = 0
	Memory = 3000
...
006 (5770884.184.000) 07/22 11:52:48 Image size of job updated: 9144
	9  -  MemoryUsage of job (MB)
	9144  -  ResidentSetSize of job (KB)
...
006 (5770884.184.000) 07/22 11:57:49 Image size of job updated: 174636
	171  -  MemoryUsage of job (MB)
	174636  -  ResidentSetSize of job (KB)
...
006 (5770884.184.000) 07/22 12:02:49 Image size of job updated: 512412
	501  -  MemoryUsage of job (MB)
	512412  -  ResidentSetSize of job (KB)
...
006 (5770884.184.000) 07/22 12:07:50 Image size of job updated: 880828
	861  -  MemoryUsage of job (MB)
	880828  -  ResidentSetSize of job (KB)
...
006 (5770884.184.000) 07/22 12:12:50 Image size of job updated: 994764
	861  -  MemoryUsage of job (MB)
	880828  -  ResidentSetSize of job (KB)
...
006 (5770884.184.000) 07/22 12:17:50 Image size of job updated: 994764
	918  -  MemoryUsage of job (MB)
	939804  -  ResidentSetSize of job (KB)
...
006 (5770884.184.000) 07/22 12:27:51 Image size of job updated: 1041932
	922  -  MemoryUsage of job (MB)
	943996  -  ResidentSetSize of job (KB)
...
006 (5770884.184.000) 07/22 12:32:52 Image size of job updated: 1064012
	1040  -  MemoryUsage of job (MB)
	1064012  -  ResidentSetSize of job (KB)
...
006 (5770884.184.000) 07/22 12:37:53 Image size of job updated: 1078672
	1054  -  MemoryUsage of job (MB)
	1078672  -  ResidentSetSize of job (KB)
...
006 (5770884.184.000) 07/22 12:42:53 Image size of job updated: 1079180
	1054  -  MemoryUsage of job (MB)
	1079180  -  ResidentSetSize of job (KB)
...
006 (5770884.184.000) 07/22 12:47:54 Image size of job updated: 1080984
	1056  -  MemoryUsage of job (MB)
	1080984  -  ResidentSetSize of job (KB)
...
006 (5770884.184.000) 07/22 12:52:55 Image size of job updated: 1081748
	1057  -  MemoryUsage of job (MB)
	1081748  -  ResidentSetSize of job (KB)
...
006 (5770884.184.000) 07/22 13:02:56 Image size of job updated: 1081756
	1057  -  MemoryUsage of job (MB)
	1081756  -  ResidentSetSize of job (KB)
...
006 (5770884.184.000) 07/22 13:12:57 Image size of job updated: 1081760
	1057  -  MemoryUsage of job (MB)
	1081760  -  ResidentSetSize of job (KB)
...
006 (5770884.184.000) 07/22 13:17:58 Image size of job updated: 1081776
	1057  -  MemoryUsage of job (MB)
	1081776  -  ResidentSetSize of job (KB)
...
006 (5770884.184.000) 07/22 13:22:59 Image size of job updated: 1094184
	1061  -  MemoryUsage of job (MB)
	1085504  -  ResidentSetSize of job (KB)
...
006 (5770884.184.000) 07/22 13:27:59 Image size of job updated: 1102404
	1077  -  MemoryUsage of job (MB)
	1102404  -  ResidentSetSize of job (KB)
...
006 (5770884.184.000) 07/22 13:33:00 Image size of job updated: 1102580
	1077  -  MemoryUsage of job (MB)
	1102404  -  ResidentSetSize of job (KB)
...
006 (5770884.184.000) 07/22 14:08:05 Image size of job updated: 1102904
	1077  -  MemoryUsage of job (MB)
	1102404  -  ResidentSetSize of job (KB)
...
006 (5770884.184.000) 07/22 14:31:26 Image size of job updated: 1103312
	1077  -  MemoryUsage of job (MB)
	1102404  -  ResidentSetSize of job (KB)
...
040 (5770884.184.000) 07/22 14:31:26 Started transferring output files
...
040 (5770884.184.000) 07/22 14:31:26 Finished transferring output files
...
005 (5770884.184.000) 07/22 14:31:26 Job terminated.
	(1) Normal termination (return value 0)
		Usr 0 01:59:34, Sys 0 00:02:16  -  Run Remote Usage
		Usr 0 00:00:00, Sys 0 00:00:00  -  Run Local Usage
		Usr 0 01:59:34, Sys 0 00:02:16  -  Total Remote Usage
		Usr 0 00:00:00, Sys 0 00:00:00  -  Total Local Usage
	940733  -  Run Bytes Sent By Job
	1666  -  Run Bytes Received By Job
	940733  -  Total Bytes Sent By Job
	1666  -  Total Bytes Received By Job
	Partitionable Resources :    Usage  Request Allocated 
	   Cpus                 :     0.82        1         1 
	   Disk (KB)            :   943           2      3790 
	   GPUs                 :                           0 
	   Memory (MB)          :  1077        3000      3000 

	Job terminated of its own accord at 2025-07-22T12:31:26Z with exit-code 0.
...
