000 (5770884.053.000) 07/22 11:51:17 Job submitted from host: <188.185.125.71:9618?addrs=188.185.125.71-9618+[2001-1458-d00-4a--100-15e]-9618&alias=bigbird28.cern.ch&noUDP&sock=schedd_2239_58a3>
...
040 (5770884.053.000) 07/22 11:51:50 Started transferring input files
	Transferring to host: <188.185.195.16:9618?addrs=188.185.195.16-9618+[2001-1458-303-22--100-c]-9618&alias=b9p17p8686.cern.ch&noUDP&sock=slot1_32_8629_a938_54038>
...
040 (5770884.053.000) 07/22 11:51:50 Finished transferring input files
...
001 (5770884.053.000) 07/22 11:51:51 Job executing on host: <188.185.195.16:9618?addrs=188.185.195.16-9618+[2001-1458-303-22--100-c]-9618&alias=b9p17p8686.cern.ch&noUDP&sock=startd_8005_57b7>
	SlotName: slot1_32@b9p17p8686.cern.ch
	CondorScratchDir = "/pool/condor/dir_2512236"
	Cpus = 1
	Disk = 3806
	GPUs = 0
	Memory = 3000
...
006 (5770884.053.000) 07/22 11:52:05 Image size of job updated: 79568
	78  -  MemoryUsage of job (MB)
	79568  -  ResidentSetSize of job (KB)
...
006 (5770884.053.000) 07/22 11:57:06 Image size of job updated: 191472
	187  -  MemoryUsage of job (MB)
	191472  -  ResidentSetSize of job (KB)
...
006 (5770884.053.000) 07/22 12:02:07 Image size of job updated: 914924
	894  -  MemoryUsage of job (MB)
	914924  -  ResidentSetSize of job (KB)
...
006 (5770884.053.000) 07/22 12:07:07 Image size of job updated: 925148
	904  -  MemoryUsage of job (MB)
	925148  -  ResidentSetSize of job (KB)
...
006 (5770884.053.000) 07/22 12:12:08 Image size of job updated: 927744
	906  -  MemoryUsage of job (MB)
	927744  -  ResidentSetSize of job (KB)
...
006 (5770884.053.000) 07/22 12:17:09 Image size of job updated: 927824
	907  -  MemoryUsage of job (MB)
	927824  -  ResidentSetSize of job (KB)
...
006 (5770884.053.000) 07/22 12:22:09 Image size of job updated: 929144
	908  -  MemoryUsage of job (MB)
	929144  -  ResidentSetSize of job (KB)
...
006 (5770884.053.000) 07/22 12:27:10 Image size of job updated: 929196
	908  -  MemoryUsage of job (MB)
	929196  -  ResidentSetSize of job (KB)
...
006 (5770884.053.000) 07/22 12:32:11 Image size of job updated: 929220
	908  -  MemoryUsage of job (MB)
	929220  -  ResidentSetSize of job (KB)
...
006 (5770884.053.000) 07/22 12:37:11 Image size of job updated: 929228
	908  -  MemoryUsage of job (MB)
	929228  -  ResidentSetSize of job (KB)
...
006 (5770884.053.000) 07/22 12:42:12 Image size of job updated: 942620
	921  -  MemoryUsage of job (MB)
	942620  -  ResidentSetSize of job (KB)
...
006 (5770884.053.000) 07/22 12:47:13 Image size of job updated: 942636
	921  -  MemoryUsage of job (MB)
	942636  -  ResidentSetSize of job (KB)
...
006 (5770884.053.000) 07/22 12:52:13 Image size of job updated: 942644
	921  -  MemoryUsage of job (MB)
	942644  -  ResidentSetSize of job (KB)
...
006 (5770884.053.000) 07/22 12:57:14 Image size of job updated: 942668
	921  -  MemoryUsage of job (MB)
	942668  -  ResidentSetSize of job (KB)
...
006 (5770884.053.000) 07/22 13:02:15 Image size of job updated: 942680
	921  -  MemoryUsage of job (MB)
	942680  -  ResidentSetSize of job (KB)
...
006 (5770884.053.000) 07/22 13:07:15 Image size of job updated: 942696
	921  -  MemoryUsage of job (MB)
	942696  -  ResidentSetSize of job (KB)
...
006 (5770884.053.000) 07/22 13:12:16 Image size of job updated: 948412
	927  -  MemoryUsage of job (MB)
	948412  -  ResidentSetSize of job (KB)
...
006 (5770884.053.000) 07/22 13:17:06 Image size of job updated: 948420
	927  -  MemoryUsage of job (MB)
	948412  -  ResidentSetSize of job (KB)
...
040 (5770884.053.000) 07/22 13:17:06 Started transferring output files
...
040 (5770884.053.000) 07/22 13:17:06 Finished transferring output files
...
005 (5770884.053.000) 07/22 13:17:06 Job terminated.
	(1) Normal termination (return value 0)
		Usr 0 01:13:58, Sys 0 00:01:00  -  Run Remote Usage
		Usr 0 00:00:00, Sys 0 00:00:00  -  Run Local Usage
		Usr 0 01:13:58, Sys 0 00:01:00  -  Total Remote Usage
		Usr 0 00:00:00, Sys 0 00:00:00  -  Total Local Usage
	501511  -  Run Bytes Sent By Job
	1666  -  Run Bytes Received By Job
	501511  -  Total Bytes Sent By Job
	1666  -  Total Bytes Received By Job
	Partitionable Resources :    Usage  Request Allocated 
	   Cpus                 :     0.90        1         1 
	   Disk (KB)            :   514           2      3806 
	   GPUs                 :                           0 
	   Memory (MB)          :   927        3000      3000 

	Job terminated of its own accord at 2025-07-22T11:17:06Z with exit-code 0.
...
