000 (5770884.131.000) 07/22 11:51:17 Job submitted from host: <188.185.125.71:9618?addrs=188.185.125.71-9618+[2001-1458-d00-4a--100-15e]-9618&alias=bigbird28.cern.ch&noUDP&sock=schedd_2239_58a3>
...
040 (5770884.131.000) 07/22 11:52:23 Started transferring input files
	Transferring to host: <188.185.198.155:9618?addrs=188.185.198.155-9618+[2001-1458-303-25--100-97]-9618&alias=b9p15p3240.cern.ch&noUDP&sock=slot1_49_3538119_a89e_37708>
...
040 (5770884.131.000) 07/22 11:52:23 Finished transferring input files
...
001 (5770884.131.000) 07/22 11:52:24 Job executing on host: <188.185.198.155:9618?addrs=188.185.198.155-9618+[2001-1458-303-25--100-97]-9618&alias=b9p15p3240.cern.ch&noUDP&sock=startd_3538081_dc09>
	SlotName: slot1_49@b9p15p3240.cern.ch
	CondorScratchDir = "/pool/condor/dir_2825327"
	Cpus = 1
	Disk = 3806
	GPUs = 0
	Memory = 3000
...
006 (5770884.131.000) 07/22 11:52:38 Image size of job updated: 15000
	15  -  MemoryUsage of job (MB)
	15000  -  ResidentSetSize of job (KB)
...
006 (5770884.131.000) 07/22 11:57:39 Image size of job updated: 180392
	177  -  MemoryUsage of job (MB)
	180392  -  ResidentSetSize of job (KB)
...
006 (5770884.131.000) 07/22 12:02:40 Image size of job updated: 861100
	792  -  MemoryUsage of job (MB)
	810232  -  ResidentSetSize of job (KB)
...
006 (5770884.131.000) 07/22 12:07:40 Image size of job updated: 924920
	904  -  MemoryUsage of job (MB)
	924920  -  ResidentSetSize of job (KB)
...
006 (5770884.131.000) 07/22 12:12:41 Image size of job updated: 927380
	906  -  MemoryUsage of job (MB)
	927380  -  ResidentSetSize of job (KB)
...
006 (5770884.131.000) 07/22 12:17:42 Image size of job updated: 945072
	923  -  MemoryUsage of job (MB)
	945072  -  ResidentSetSize of job (KB)
...
006 (5770884.131.000) 07/22 12:22:42 Image size of job updated: 945152
	923  -  MemoryUsage of job (MB)
	945152  -  ResidentSetSize of job (KB)
...
006 (5770884.131.000) 07/22 12:27:43 Image size of job updated: 945252
	924  -  MemoryUsage of job (MB)
	945252  -  ResidentSetSize of job (KB)
...
006 (5770884.131.000) 07/22 12:32:43 Image size of job updated: 945288
	924  -  MemoryUsage of job (MB)
	945288  -  ResidentSetSize of job (KB)
...
006 (5770884.131.000) 07/22 12:37:43 Image size of job updated: 945292
	924  -  MemoryUsage of job (MB)
	945292  -  ResidentSetSize of job (KB)
...
006 (5770884.131.000) 07/22 12:42:44 Image size of job updated: 945624
	924  -  MemoryUsage of job (MB)
	945624  -  ResidentSetSize of job (KB)
...
006 (5770884.131.000) 07/22 12:47:44 Image size of job updated: 945632
	924  -  MemoryUsage of job (MB)
	945632  -  ResidentSetSize of job (KB)
...
006 (5770884.131.000) 07/22 12:52:45 Image size of job updated: 945640
	924  -  MemoryUsage of job (MB)
	945640  -  ResidentSetSize of job (KB)
...
006 (5770884.131.000) 07/22 12:57:46 Image size of job updated: 945644
	924  -  MemoryUsage of job (MB)
	945644  -  ResidentSetSize of job (KB)
...
006 (5770884.131.000) 07/22 13:02:46 Image size of job updated: 945648
	924  -  MemoryUsage of job (MB)
	945648  -  ResidentSetSize of job (KB)
...
006 (5770884.131.000) 07/22 13:07:47 Image size of job updated: 945680
	924  -  MemoryUsage of job (MB)
	945680  -  ResidentSetSize of job (KB)
...
006 (5770884.131.000) 07/22 13:12:48 Image size of job updated: 952620
	931  -  MemoryUsage of job (MB)
	952620  -  ResidentSetSize of job (KB)
...
006 (5770884.131.000) 07/22 13:17:48 Image size of job updated: 963148
	941  -  MemoryUsage of job (MB)
	963148  -  ResidentSetSize of job (KB)
...
006 (5770884.131.000) 07/22 13:22:26 Image size of job updated: 963156
	941  -  MemoryUsage of job (MB)
	963148  -  ResidentSetSize of job (KB)
...
040 (5770884.131.000) 07/22 13:22:26 Started transferring output files
...
040 (5770884.131.000) 07/22 13:22:26 Finished transferring output files
...
005 (5770884.131.000) 07/22 13:22:26 Job terminated.
	(1) Normal termination (return value 0)
		Usr 0 01:15:29, Sys 0 00:00:55  -  Run Remote Usage
		Usr 0 00:00:00, Sys 0 00:00:00  -  Run Local Usage
		Usr 0 01:15:29, Sys 0 00:00:55  -  Total Remote Usage
		Usr 0 00:00:00, Sys 0 00:00:00  -  Total Local Usage
	525844  -  Run Bytes Sent By Job
	1666  -  Run Bytes Received By Job
	525844  -  Total Bytes Sent By Job
	1666  -  Total Bytes Received By Job
	Partitionable Resources :    Usage  Request Allocated 
	   Cpus                 :     0.95        1         1 
	   Disk (KB)            :   538           2      3806 
	   GPUs                 :                           0 
	   Memory (MB)          :   941        3000      3000 

	Job terminated of its own accord at 2025-07-22T11:22:26Z with exit-code 0.
...
