000 (5770884.223.000) 07/22 11:51:17 Job submitted from host: <188.185.125.71:9618?addrs=188.185.125.71-9618+[2001-1458-d00-4a--100-15e]-9618&alias=bigbird28.cern.ch&noUDP&sock=schedd_2239_58a3>
...
040 (5770884.223.000) 07/22 11:52:47 Started transferring input files
	Transferring to host: <188.185.195.138:9618?addrs=188.185.195.138-9618+[2001-1458-303-22--100-86]-9618&alias=b9p17p4362.cern.ch&noUDP&sock=slot1_8_11518_390d_50493>
...
040 (5770884.223.000) 07/22 11:52:47 Finished transferring input files
...
001 (5770884.223.000) 07/22 11:52:48 Job executing on host: <188.185.195.138:9618?addrs=188.185.195.138-9618+[2001-1458-303-22--100-86]-9618&alias=b9p17p4362.cern.ch&noUDP&sock=startd_10181_e5cc>
	SlotName: slot1_8@b9p17p4362.cern.ch
	CondorScratchDir = "/pool/condor/dir_2636122"
	Cpus = 1
	Disk = 3723
	GPUs = 0
	Memory = 3000
...
006 (5770884.223.000) 07/22 11:52:57 Image size of job updated: 17484
	18  -  MemoryUsage of job (MB)
	17484  -  ResidentSetSize of job (KB)
...
006 (5770884.223.000) 07/22 11:57:58 Image size of job updated: 605968
	592  -  MemoryUsage of job (MB)
	605968  -  ResidentSetSize of job (KB)
...
006 (5770884.223.000) 07/22 12:02:58 Image size of job updated: 945448
	924  -  MemoryUsage of job (MB)
	945448  -  ResidentSetSize of job (KB)
...
006 (5770884.223.000) 07/22 12:07:58 Image size of job updated: 1519180
	1484  -  MemoryUsage of job (MB)
	1519180  -  ResidentSetSize of job (KB)
...
006 (5770884.223.000) 07/22 12:12:59 Image size of job updated: 1530936
	1496  -  MemoryUsage of job (MB)
	1530936  -  ResidentSetSize of job (KB)
...
040 (5770884.223.000) 07/22 14:04:26 Started transferring output files
...
040 (5770884.223.000) 07/22 14:04:26 Finished transferring output files
...
005 (5770884.223.000) 07/22 14:04:26 Job terminated.
	(1) Normal termination (return value 0)
		Usr 0 01:50:57, Sys 0 00:02:07  -  Run Remote Usage
		Usr 0 00:00:00, Sys 0 00:00:00  -  Run Local Usage
		Usr 0 01:50:57, Sys 0 00:02:07  -  Total Remote Usage
		Usr 0 00:00:00, Sys 0 00:00:00  -  Total Local Usage
	768803  -  Run Bytes Sent By Job
	1666  -  Run Bytes Received By Job
	768803  -  Total Bytes Sent By Job
	1666  -  Total Bytes Received By Job
	Partitionable Resources :    Usage  Request Allocated 
	   Cpus                 :     0.42        1         1 
	   Disk (KB)            :   775           2      3723 
	   GPUs                 :                           0 
	   Memory (MB)          :  1496        3000      3000 

	Job terminated of its own accord at 2025-07-22T12:04:26Z with exit-code 0.
...
