000 (5770884.165.000) 07/22 11:51:17 Job submitted from host: <188.185.125.71:9618?addrs=188.185.125.71-9618+[2001-1458-d00-4a--100-15e]-9618&alias=bigbird28.cern.ch&noUDP&sock=schedd_2239_58a3>
...
040 (5770884.165.000) 07/22 11:52:27 Started transferring input files
	Transferring to host: <128.142.248.80:9618?addrs=128.142.248.80-9618+[2001-1458-301-73--100-140]-9618&alias=b9g23p6060.cern.ch&noUDP&sock=slot1_33_1140692_74ab_74802>
...
040 (5770884.165.000) 07/22 11:52:27 Finished transferring input files
...
001 (5770884.165.000) 07/22 11:52:28 Job executing on host: <128.142.248.80:9618?addrs=128.142.248.80-9618+[2001-1458-301-73--100-140]-9618&alias=b9g23p6060.cern.ch&noUDP&sock=startd_8000_e9be>
	SlotName: slot1_33@b9g23p6060.cern.ch
	CondorScratchDir = "/pool/condor/dir_788955"
	Cpus = 1
	Disk = 3978
	GPUs = 0
	Memory = 3000
...
006 (5770884.165.000) 07/22 11:52:41 Image size of job updated: 14908
	15  -  MemoryUsage of job (MB)
	14908  -  ResidentSetSize of job (KB)
...
006 (5770884.165.000) 07/22 11:57:41 Image size of job updated: 180324
	177  -  MemoryUsage of job (MB)
	180324  -  ResidentSetSize of job (KB)
...
006 (5770884.165.000) 07/22 12:02:42 Image size of job updated: 891380
	871  -  MemoryUsage of job (MB)
	891380  -  ResidentSetSize of job (KB)
...
006 (5770884.165.000) 07/22 12:07:42 Image size of job updated: 926160
	905  -  MemoryUsage of job (MB)
	926160  -  ResidentSetSize of job (KB)
...
006 (5770884.165.000) 07/22 12:12:42 Image size of job updated: 945724
	924  -  MemoryUsage of job (MB)
	945724  -  ResidentSetSize of job (KB)
...
006 (5770884.165.000) 07/22 12:17:43 Image size of job updated: 945788
	924  -  MemoryUsage of job (MB)
	945788  -  ResidentSetSize of job (KB)
...
006 (5770884.165.000) 07/22 12:22:43 Image size of job updated: 945824
	924  -  MemoryUsage of job (MB)
	945824  -  ResidentSetSize of job (KB)
...
006 (5770884.165.000) 07/22 12:27:43 Image size of job updated: 945840
	924  -  MemoryUsage of job (MB)
	945840  -  ResidentSetSize of job (KB)
...
006 (5770884.165.000) 07/22 12:32:44 Image size of job updated: 945856
	924  -  MemoryUsage of job (MB)
	945856  -  ResidentSetSize of job (KB)
...
006 (5770884.165.000) 07/22 12:37:44 Image size of job updated: 945884
	924  -  MemoryUsage of job (MB)
	945884  -  ResidentSetSize of job (KB)
...
006 (5770884.165.000) 07/22 12:42:44 Image size of job updated: 945896
	924  -  MemoryUsage of job (MB)
	945896  -  ResidentSetSize of job (KB)
...
006 (5770884.165.000) 07/22 12:47:45 Image size of job updated: 946064
	924  -  MemoryUsage of job (MB)
	946064  -  ResidentSetSize of job (KB)
...
006 (5770884.165.000) 07/22 12:52:46 Image size of job updated: 946088
	924  -  MemoryUsage of job (MB)
	946088  -  ResidentSetSize of job (KB)
...
006 (5770884.165.000) 07/22 12:57:46 Image size of job updated: 946092
	924  -  MemoryUsage of job (MB)
	946092  -  ResidentSetSize of job (KB)
...
006 (5770884.165.000) 07/22 13:02:47 Image size of job updated: 946100
	924  -  MemoryUsage of job (MB)
	946100  -  ResidentSetSize of job (KB)
...
006 (5770884.165.000) 07/22 13:07:48 Image size of job updated: 946120
	924  -  MemoryUsage of job (MB)
	946120  -  ResidentSetSize of job (KB)
...
006 (5770884.165.000) 07/22 13:12:48 Image size of job updated: 946144
	924  -  MemoryUsage of job (MB)
	946144  -  ResidentSetSize of job (KB)
...
040 (5770884.165.000) 07/22 13:21:55 Started transferring output files
...
040 (5770884.165.000) 07/22 13:21:55 Finished transferring output files
...
005 (5770884.165.000) 07/22 13:21:55 Job terminated.
	(1) Normal termination (return value 0)
		Usr 0 01:16:59, Sys 0 00:00:57  -  Run Remote Usage
		Usr 0 00:00:00, Sys 0 00:00:00  -  Run Local Usage
		Usr 0 01:16:59, Sys 0 00:00:57  -  Total Remote Usage
		Usr 0 00:00:00, Sys 0 00:00:00  -  Total Local Usage
	522560  -  Run Bytes Sent By Job
	1666  -  Run Bytes Received By Job
	522560  -  Total Bytes Sent By Job
	1666  -  Total Bytes Received By Job
	Partitionable Resources :    Usage  Request Allocated 
	   Cpus                 :     0.99        1         1 
	   Disk (KB)            :   535           2      3978 
	   GPUs                 :                           0 
	   Memory (MB)          :   924        3000      3000 

	Job terminated of its own accord at 2025-07-22T11:21:55Z with exit-code 0.
...
