000 (5770884.137.000) 07/22 11:51:17 Job submitted from host: <188.185.125.71:9618?addrs=188.185.125.71-9618+[2001-1458-d00-4a--100-15e]-9618&alias=bigbird28.cern.ch&noUDP&sock=schedd_2239_58a3>
...
040 (5770884.137.000) 07/22 11:52:23 Started transferring input files
	Transferring to host: <188.185.194.182:9618?addrs=188.185.194.182-9618+[2001-1458-303-21--100-b2]-9618&alias=b9p20p3715.cern.ch&noUDP&sock=slot1_42_1540909_899e_33160>
...
040 (5770884.137.000) 07/22 11:52:23 Finished transferring input files
...
001 (5770884.137.000) 07/22 11:52:24 Job executing on host: <188.185.194.182:9618?addrs=188.185.194.182-9618+[2001-1458-303-21--100-b2]-9618&alias=b9p20p3715.cern.ch&noUDP&sock=startd_1540871_eb9a>
	SlotName: slot1_42@b9p20p3715.cern.ch
	CondorScratchDir = "/pool/condor/dir_761641"
	Cpus = 1
	Disk = 3891
	GPUs = 0
	Memory = 3000
...
006 (5770884.137.000) 07/22 11:52:38 Image size of job updated: 13168
	13  -  MemoryUsage of job (MB)
	13168  -  ResidentSetSize of job (KB)
...
006 (5770884.137.000) 07/22 11:57:39 Image size of job updated: 178752
	175  -  MemoryUsage of job (MB)
	178752  -  ResidentSetSize of job (KB)
...
006 (5770884.137.000) 07/22 12:02:40 Image size of job updated: 758304
	741  -  MemoryUsage of job (MB)
	758304  -  ResidentSetSize of job (KB)
...
006 (5770884.137.000) 07/22 12:07:40 Image size of job updated: 923332
	902  -  MemoryUsage of job (MB)
	923332  -  ResidentSetSize of job (KB)
...
006 (5770884.137.000) 07/22 12:12:41 Image size of job updated: 923456
	902  -  MemoryUsage of job (MB)
	923456  -  ResidentSetSize of job (KB)
...
006 (5770884.137.000) 07/22 12:17:41 Image size of job updated: 926592
	905  -  MemoryUsage of job (MB)
	926592  -  ResidentSetSize of job (KB)
...
006 (5770884.137.000) 07/22 12:22:41 Image size of job updated: 940068
	919  -  MemoryUsage of job (MB)
	940068  -  ResidentSetSize of job (KB)
...
006 (5770884.137.000) 07/22 12:27:42 Image size of job updated: 940112
	919  -  MemoryUsage of job (MB)
	940112  -  ResidentSetSize of job (KB)
...
006 (5770884.137.000) 07/22 12:32:42 Image size of job updated: 940292
	919  -  MemoryUsage of job (MB)
	940292  -  ResidentSetSize of job (KB)
...
006 (5770884.137.000) 07/22 12:37:43 Image size of job updated: 940324
	919  -  MemoryUsage of job (MB)
	940324  -  ResidentSetSize of job (KB)
...
006 (5770884.137.000) 07/22 12:42:44 Image size of job updated: 940332
	919  -  MemoryUsage of job (MB)
	940332  -  ResidentSetSize of job (KB)
...
006 (5770884.137.000) 07/22 12:47:44 Image size of job updated: 940348
	919  -  MemoryUsage of job (MB)
	940348  -  ResidentSetSize of job (KB)
...
006 (5770884.137.000) 07/22 12:52:45 Image size of job updated: 946916
	925  -  MemoryUsage of job (MB)
	946916  -  ResidentSetSize of job (KB)
...
006 (5770884.137.000) 07/22 12:57:46 Image size of job updated: 946924
	925  -  MemoryUsage of job (MB)
	946924  -  ResidentSetSize of job (KB)
...
006 (5770884.137.000) 07/22 13:07:47 Image size of job updated: 954712
	933  -  MemoryUsage of job (MB)
	954712  -  ResidentSetSize of job (KB)
...
006 (5770884.137.000) 07/22 13:12:47 Image size of job updated: 954724
	933  -  MemoryUsage of job (MB)
	954724  -  ResidentSetSize of job (KB)
...
006 (5770884.137.000) 07/22 13:17:47 Image size of job updated: 954732
	933  -  MemoryUsage of job (MB)
	954732  -  ResidentSetSize of job (KB)
...
006 (5770884.137.000) 07/22 13:22:48 Image size of job updated: 954748
	933  -  MemoryUsage of job (MB)
	954748  -  ResidentSetSize of job (KB)
...
006 (5770884.137.000) 07/22 13:32:49 Image size of job updated: 954772
	933  -  MemoryUsage of job (MB)
	954772  -  ResidentSetSize of job (KB)
...
006 (5770884.137.000) 07/22 13:41:24 Image size of job updated: 954780
	933  -  MemoryUsage of job (MB)
	954772  -  ResidentSetSize of job (KB)
...
040 (5770884.137.000) 07/22 13:41:24 Started transferring output files
...
040 (5770884.137.000) 07/22 13:41:24 Finished transferring output files
...
005 (5770884.137.000) 07/22 13:41:24 Job terminated.
	(1) Normal termination (return value 0)
		Usr 0 01:28:45, Sys 0 00:01:43  -  Run Remote Usage
		Usr 0 00:00:00, Sys 0 00:00:00  -  Run Local Usage
		Usr 0 01:28:45, Sys 0 00:01:43  -  Total Remote Usage
		Usr 0 00:00:00, Sys 0 00:00:00  -  Total Local Usage
	644352  -  Run Bytes Sent By Job
	1666  -  Run Bytes Received By Job
	644352  -  Total Bytes Sent By Job
	1666  -  Total Bytes Received By Job
	Partitionable Resources :    Usage  Request Allocated 
	   Cpus                 :     0.94        1         1 
	   Disk (KB)            :   653           2      3891 
	   GPUs                 :                           0 
	   Memory (MB)          :   933        3000      3000 

	Job terminated of its own accord at 2025-07-22T11:41:24Z with exit-code 0.
...
