000 (5770884.230.000) 07/22 11:51:17 Job submitted from host: <188.185.125.71:9618?addrs=188.185.125.71-9618+[2001-1458-d00-4a--100-15e]-9618&alias=bigbird28.cern.ch&noUDP&sock=schedd_2239_58a3>
...
040 (5770884.230.000) 07/22 11:52:57 Started transferring input files
	Transferring to host: <188.185.198.147:9618?addrs=188.185.198.147-9618+[2001-1458-303-25--100-8f]-9618&alias=b9p15p5848.cern.ch&noUDP&sock=slot1_31_7135_00bb_56721>
...
040 (5770884.230.000) 07/22 11:52:57 Finished transferring input files
...
001 (5770884.230.000) 07/22 11:52:58 Job executing on host: <188.185.198.147:9618?addrs=188.185.198.147-9618+[2001-1458-303-25--100-8f]-9618&alias=b9p15p5848.cern.ch&noUDP&sock=startd_6557_2295>
	SlotName: slot1_31@b9p15p5848.cern.ch
	CondorScratchDir = "/pool/condor/dir_505989"
	Cpus = 1
	Disk = 3911
	GPUs = 0
	Memory = 3000
...
006 (5770884.230.000) 07/22 11:53:12 Image size of job updated: 9128
	9  -  MemoryUsage of job (MB)
	9128  -  ResidentSetSize of job (KB)
...
006 (5770884.230.000) 07/22 11:58:13 Image size of job updated: 179532
	176  -  MemoryUsage of job (MB)
	179532  -  ResidentSetSize of job (KB)
...
006 (5770884.230.000) 07/22 12:03:14 Image size of job updated: 470876
	399  -  MemoryUsage of job (MB)
	407576  -  ResidentSetSize of job (KB)
...
006 (5770884.230.000) 07/22 12:08:14 Image size of job updated: 1035424
	1004  -  MemoryUsage of job (MB)
	1028024  -  ResidentSetSize of job (KB)
...
006 (5770884.230.000) 07/22 12:13:15 Image size of job updated: 1054776
	1029  -  MemoryUsage of job (MB)
	1052860  -  ResidentSetSize of job (KB)
...
006 (5770884.230.000) 07/22 12:18:15 Image size of job updated: 1070536
	1029  -  MemoryUsage of job (MB)
	1052860  -  ResidentSetSize of job (KB)
...
006 (5770884.230.000) 07/22 12:23:15 Image size of job updated: 1071604
	1037  -  MemoryUsage of job (MB)
	1061076  -  ResidentSetSize of job (KB)
...
006 (5770884.230.000) 07/22 12:28:16 Image size of job updated: 1075748
	1037  -  MemoryUsage of job (MB)
	1061076  -  ResidentSetSize of job (KB)
...
006 (5770884.230.000) 07/22 12:43:17 Image size of job updated: 1075748
	1047  -  MemoryUsage of job (MB)
	1071488  -  ResidentSetSize of job (KB)
...
006 (5770884.230.000) 07/22 12:48:17 Image size of job updated: 1075748
	1048  -  MemoryUsage of job (MB)
	1072396  -  ResidentSetSize of job (KB)
...
006 (5770884.230.000) 07/22 12:53:17 Image size of job updated: 1075748
	1050  -  MemoryUsage of job (MB)
	1074980  -  ResidentSetSize of job (KB)
...
006 (5770884.230.000) 07/22 12:58:18 Image size of job updated: 1075748
	1050  -  MemoryUsage of job (MB)
	1075072  -  ResidentSetSize of job (KB)
...
006 (5770884.230.000) 07/22 13:03:18 Image size of job updated: 1075748
	1051  -  MemoryUsage of job (MB)
	1075240  -  ResidentSetSize of job (KB)
...
006 (5770884.230.000) 07/22 13:08:19 Image size of job updated: 1075748
	1051  -  MemoryUsage of job (MB)
	1075384  -  ResidentSetSize of job (KB)
...
006 (5770884.230.000) 07/22 13:13:20 Image size of job updated: 1075748
	1051  -  MemoryUsage of job (MB)
	1075388  -  ResidentSetSize of job (KB)
...
006 (5770884.230.000) 07/22 13:18:20 Image size of job updated: 1075748
	1051  -  MemoryUsage of job (MB)
	1075392  -  ResidentSetSize of job (KB)
...
006 (5770884.230.000) 07/22 13:23:21 Image size of job updated: 1075748
	1051  -  MemoryUsage of job (MB)
	1075396  -  ResidentSetSize of job (KB)
...
006 (5770884.230.000) 07/22 13:33:21 Image size of job updated: 1075748
	1051  -  MemoryUsage of job (MB)
	1075408  -  ResidentSetSize of job (KB)
...
006 (5770884.230.000) 07/22 13:38:22 Image size of job updated: 1075748
	1051  -  MemoryUsage of job (MB)
	1075432  -  ResidentSetSize of job (KB)
...
006 (5770884.230.000) 07/22 13:43:22 Image size of job updated: 1075748
	1051  -  MemoryUsage of job (MB)
	1075484  -  ResidentSetSize of job (KB)
...
006 (5770884.230.000) 07/22 13:48:23 Image size of job updated: 1075748
	1051  -  MemoryUsage of job (MB)
	1075512  -  ResidentSetSize of job (KB)
...
006 (5770884.230.000) 07/22 13:53:23 Image size of job updated: 1075748
	1051  -  MemoryUsage of job (MB)
	1075520  -  ResidentSetSize of job (KB)
...
006 (5770884.230.000) 07/22 13:58:23 Image size of job updated: 1078816
	1054  -  MemoryUsage of job (MB)
	1078816  -  ResidentSetSize of job (KB)
...
006 (5770884.230.000) 07/22 14:03:24 Image size of job updated: 1079724
	1054  -  MemoryUsage of job (MB)
	1078816  -  ResidentSetSize of job (KB)
...
040 (5770884.230.000) 07/22 14:06:10 Started transferring output files
...
040 (5770884.230.000) 07/22 14:06:10 Finished transferring output files
...
005 (5770884.230.000) 07/22 14:06:10 Job terminated.
	(1) Normal termination (return value 0)
		Usr 0 01:47:32, Sys 0 00:01:44  -  Run Remote Usage
		Usr 0 00:00:00, Sys 0 00:00:00  -  Run Local Usage
		Usr 0 01:47:32, Sys 0 00:01:44  -  Total Remote Usage
		Usr 0 00:00:00, Sys 0 00:00:00  -  Total Local Usage
	784703  -  Run Bytes Sent By Job
	1666  -  Run Bytes Received By Job
	784703  -  Total Bytes Sent By Job
	1666  -  Total Bytes Received By Job
	Partitionable Resources :    Usage  Request Allocated 
	   Cpus                 :     0.94        1         1 
	   Disk (KB)            :   790           2      3911 
	   GPUs                 :                           0 
	   Memory (MB)          :  1054        3000      3000 

	Job terminated of its own accord at 2025-07-22T12:06:10Z with exit-code 0.
...
