000 (5770884.098.000) 07/22 11:51:17 Job submitted from host: <188.185.125.71:9618?addrs=188.185.125.71-9618+[2001-1458-d00-4a--100-15e]-9618&alias=bigbird28.cern.ch&noUDP&sock=schedd_2239_58a3>
...
040 (5770884.098.000) 07/22 11:52:07 Started transferring input files
	Transferring to host: <188.185.195.122:9618?addrs=188.185.195.122-9618+[2001-1458-303-22--100-76]-9618&alias=b9p17p5468.cern.ch&noUDP&sock=slot1_45_6031_228e_55974>
...
040 (5770884.098.000) 07/22 11:52:07 Finished transferring input files
...
001 (5770884.098.000) 07/22 11:52:08 Job executing on host: <188.185.195.122:9618?addrs=188.185.195.122-9618+[2001-1458-303-22--100-76]-9618&alias=b9p17p5468.cern.ch&noUDP&sock=startd_5228_8d37>
	SlotName: slot1_45@b9p17p5468.cern.ch
	CondorScratchDir = "/pool/condor/dir_3736752"
	Cpus = 1
	Disk = 3825
	GPUs = 0
	Memory = 3000
...
006 (5770884.098.000) 07/22 11:52:22 Image size of job updated: 18252
	18  -  MemoryUsage of job (MB)
	18252  -  ResidentSetSize of job (KB)
...
006 (5770884.098.000) 07/22 11:57:23 Image size of job updated: 182424
	179  -  MemoryUsage of job (MB)
	182424  -  ResidentSetSize of job (KB)
...
006 (5770884.098.000) 07/22 12:02:23 Image size of job updated: 525452
	405  -  MemoryUsage of job (MB)
	414188  -  ResidentSetSize of job (KB)
...
006 (5770884.098.000) 07/22 12:07:23 Image size of job updated: 950036
	849  -  MemoryUsage of job (MB)
	868900  -  ResidentSetSize of job (KB)
...
006 (5770884.098.000) 07/22 12:12:24 Image size of job updated: 994544
	911  -  MemoryUsage of job (MB)
	932196  -  ResidentSetSize of job (KB)
...
006 (5770884.098.000) 07/22 12:17:24 Image size of job updated: 1018444
	991  -  MemoryUsage of job (MB)
	1013880  -  ResidentSetSize of job (KB)
...
006 (5770884.098.000) 07/22 12:22:24 Image size of job updated: 1045224
	1021  -  MemoryUsage of job (MB)
	1045224  -  ResidentSetSize of job (KB)
...
006 (5770884.098.000) 07/22 12:27:25 Image size of job updated: 1067332
	1041  -  MemoryUsage of job (MB)
	1065084  -  ResidentSetSize of job (KB)
...
006 (5770884.098.000) 07/22 12:32:25 Image size of job updated: 1067332
	1041  -  MemoryUsage of job (MB)
	1065880  -  ResidentSetSize of job (KB)
...
006 (5770884.098.000) 07/22 12:37:25 Image size of job updated: 1073444
	1041  -  MemoryUsage of job (MB)
	1065880  -  ResidentSetSize of job (KB)
...
006 (5770884.098.000) 07/22 12:42:26 Image size of job updated: 1075644
	1051  -  MemoryUsage of job (MB)
	1075644  -  ResidentSetSize of job (KB)
...
006 (5770884.098.000) 07/22 12:47:26 Image size of job updated: 1076724
	1051  -  MemoryUsage of job (MB)
	1075644  -  ResidentSetSize of job (KB)
...
006 (5770884.098.000) 07/22 12:52:26 Image size of job updated: 1083196
	1051  -  MemoryUsage of job (MB)
	1075644  -  ResidentSetSize of job (KB)
...
006 (5770884.098.000) 07/22 13:52:30 Image size of job updated: 1092264
	1051  -  MemoryUsage of job (MB)
	1075644  -  ResidentSetSize of job (KB)
...
006 (5770884.098.000) 07/22 14:02:31 Image size of job updated: 1108064
	1083  -  MemoryUsage of job (MB)
	1108064  -  ResidentSetSize of job (KB)
...
040 (5770884.098.000) 07/22 14:09:36 Started transferring output files
...
040 (5770884.098.000) 07/22 14:09:36 Finished transferring output files
...
005 (5770884.098.000) 07/22 14:09:36 Job terminated.
	(1) Normal termination (return value 0)
		Usr 0 01:54:32, Sys 0 00:02:30  -  Run Remote Usage
		Usr 0 00:00:00, Sys 0 00:00:00  -  Run Local Usage
		Usr 0 01:54:32, Sys 0 00:02:30  -  Total Remote Usage
		Usr 0 00:00:00, Sys 0 00:00:00  -  Total Local Usage
	808809  -  Run Bytes Sent By Job
	1666  -  Run Bytes Received By Job
	808809  -  Total Bytes Sent By Job
	1666  -  Total Bytes Received By Job
	Partitionable Resources :    Usage  Request Allocated 
	   Cpus                 :     0.69        1         1 
	   Disk (KB)            :   814           2      3825 
	   GPUs                 :                           0 
	   Memory (MB)          :  1083        3000      3000 

	Job terminated of its own accord at 2025-07-22T12:09:36Z with exit-code 0.
...
