000 (5770884.231.000) 07/22 11:51:17 Job submitted from host: <188.185.125.71:9618?addrs=188.185.125.71-9618+[2001-1458-d00-4a--100-15e]-9618&alias=bigbird28.cern.ch&noUDP&sock=schedd_2239_58a3>
...
040 (5770884.231.000) 07/22 11:52:50 Started transferring input files
	Transferring to host: <188.185.194.42:9618?addrs=188.185.194.42-9618+[2001-1458-303-21--100-26]-9618&alias=b9p20p1111.cern.ch&noUDP&sock=slot1_9_4345_320a_38609>
...
040 (5770884.231.000) 07/22 11:52:50 Finished transferring input files
...
001 (5770884.231.000) 07/22 11:52:51 Job executing on host: <188.185.194.42:9618?addrs=188.185.194.42-9618+[2001-1458-303-21--100-26]-9618&alias=b9p20p1111.cern.ch&noUDP&sock=startd_3684_7efd>
	SlotName: slot1_9@b9p20p1111.cern.ch
	CondorScratchDir = "/pool/condor/dir_3856266"
	Cpus = 1
	Disk = 3833
	GPUs = 0
	Memory = 3000
...
006 (5770884.231.000) 07/22 11:53:04 Image size of job updated: 9404
	10  -  MemoryUsage of job (MB)
	9404  -  ResidentSetSize of job (KB)
...
006 (5770884.231.000) 07/22 11:58:04 Image size of job updated: 178228
	175  -  MemoryUsage of job (MB)
	178228  -  ResidentSetSize of job (KB)
...
006 (5770884.231.000) 07/22 12:03:05 Image size of job updated: 514232
	424  -  MemoryUsage of job (MB)
	434168  -  ResidentSetSize of job (KB)
...
006 (5770884.231.000) 07/22 12:08:05 Image size of job updated: 1005176
	982  -  MemoryUsage of job (MB)
	1005176  -  ResidentSetSize of job (KB)
...
006 (5770884.231.000) 07/22 12:13:06 Image size of job updated: 1053896
	1030  -  MemoryUsage of job (MB)
	1053896  -  ResidentSetSize of job (KB)
...
006 (5770884.231.000) 07/22 12:18:07 Image size of job updated: 1057384
	1030  -  MemoryUsage of job (MB)
	1053896  -  ResidentSetSize of job (KB)
...
006 (5770884.231.000) 07/22 12:23:07 Image size of job updated: 1070076
	1030  -  MemoryUsage of job (MB)
	1053896  -  ResidentSetSize of job (KB)
...
006 (5770884.231.000) 07/22 12:28:08 Image size of job updated: 1074284
	1030  -  MemoryUsage of job (MB)
	1053896  -  ResidentSetSize of job (KB)
...
006 (5770884.231.000) 07/22 12:43:10 Image size of job updated: 1074284
	1038  -  MemoryUsage of job (MB)
	1062064  -  ResidentSetSize of job (KB)
...
006 (5770884.231.000) 07/22 12:48:11 Image size of job updated: 1074284
	1039  -  MemoryUsage of job (MB)
	1063396  -  ResidentSetSize of job (KB)
...
006 (5770884.231.000) 07/22 12:58:12 Image size of job updated: 1074284
	1042  -  MemoryUsage of job (MB)
	1066704  -  ResidentSetSize of job (KB)
...
006 (5770884.231.000) 07/22 13:03:12 Image size of job updated: 1075448
	1043  -  MemoryUsage of job (MB)
	1067776  -  ResidentSetSize of job (KB)
...
006 (5770884.231.000) 07/22 13:33:14 Image size of job updated: 1076224
	1043  -  MemoryUsage of job (MB)
	1067776  -  ResidentSetSize of job (KB)
...
006 (5770884.231.000) 07/22 13:38:15 Image size of job updated: 1076636
	1043  -  MemoryUsage of job (MB)
	1067776  -  ResidentSetSize of job (KB)
...
006 (5770884.231.000) 07/22 13:43:16 Image size of job updated: 1076636
	1052  -  MemoryUsage of job (MB)
	1076244  -  ResidentSetSize of job (KB)
...
006 (5770884.231.000) 07/22 13:48:16 Image size of job updated: 1085424
	1052  -  MemoryUsage of job (MB)
	1076408  -  ResidentSetSize of job (KB)
...
006 (5770884.231.000) 07/22 14:13:18 Image size of job updated: 1087724
	1052  -  MemoryUsage of job (MB)
	1076408  -  ResidentSetSize of job (KB)
...
006 (5770884.231.000) 07/22 14:18:18 Image size of job updated: 1102804
	1052  -  MemoryUsage of job (MB)
	1076408  -  ResidentSetSize of job (KB)
...
040 (5770884.231.000) 07/22 14:20:55 Started transferring output files
...
040 (5770884.231.000) 07/22 14:20:55 Finished transferring output files
...
005 (5770884.231.000) 07/22 14:20:55 Job terminated.
	(1) Normal termination (return value 0)
		Usr 0 02:04:46, Sys 0 00:02:45  -  Run Remote Usage
		Usr 0 00:00:00, Sys 0 00:00:00  -  Run Local Usage
		Usr 0 02:04:46, Sys 0 00:02:45  -  Total Remote Usage
		Usr 0 00:00:00, Sys 0 00:00:00  -  Total Local Usage
	873425  -  Run Bytes Sent By Job
	1666  -  Run Bytes Received By Job
	873425  -  Total Bytes Sent By Job
	1666  -  Total Bytes Received By Job
	Partitionable Resources :    Usage  Request Allocated 
	   Cpus                 :     0.89        1         1 
	   Disk (KB)            :   877           2      3833 
	   GPUs                 :                           0 
	   Memory (MB)          :  1052        3000      3000 

	Job terminated of its own accord at 2025-07-22T12:20:55Z with exit-code 0.
...
