000 (5770884.033.000) 07/22 11:51:17 Job submitted from host: <188.185.125.71:9618?addrs=188.185.125.71-9618+[2001-1458-d00-4a--100-15e]-9618&alias=bigbird28.cern.ch&noUDP&sock=schedd_2239_58a3>
...
040 (5770884.033.000) 07/22 11:51:43 Started transferring input files
	Transferring to host: <128.142.129.19:9618?addrs=128.142.129.19-9618+[2001-1458-301-57--100-7]-9618&alias=b9g16p6321.cern.ch&noUDP&sock=slot1_28_3559680_556a_57263>
...
040 (5770884.033.000) 07/22 11:51:43 Finished transferring input files
...
001 (5770884.033.000) 07/22 11:51:44 Job executing on host: <128.142.129.19:9618?addrs=128.142.129.19-9618+[2001-1458-301-57--100-7]-9618&alias=b9g16p6321.cern.ch&noUDP&sock=startd_4411_2857>
	SlotName: slot1_28@b9g16p6321.cern.ch
	CondorScratchDir = "/pool/condor/dir_2452242"
	Cpus = 1
	Disk = 2377
	GPUs = 0
	Memory = 3000
...
006 (5770884.033.000) 07/22 11:51:52 Image size of job updated: 268436
	263  -  MemoryUsage of job (MB)
	268436  -  ResidentSetSize of job (KB)
...
006 (5770884.033.000) 07/22 11:56:52 Image size of job updated: 658160
	643  -  MemoryUsage of job (MB)
	658160  -  ResidentSetSize of job (KB)
...
006 (5770884.033.000) 07/22 12:01:53 Image size of job updated: 1436692
	1404  -  MemoryUsage of job (MB)
	1436692  -  ResidentSetSize of job (KB)
...
006 (5770884.033.000) 07/22 12:06:53 Image size of job updated: 1443492
	1410  -  MemoryUsage of job (MB)
	1443492  -  ResidentSetSize of job (KB)
...
006 (5770884.033.000) 07/22 12:11:53 Image size of job updated: 1445324
	1412  -  MemoryUsage of job (MB)
	1445324  -  ResidentSetSize of job (KB)
...
006 (5770884.033.000) 07/22 12:16:54 Image size of job updated: 1452196
	1419  -  MemoryUsage of job (MB)
	1452196  -  ResidentSetSize of job (KB)
...
006 (5770884.033.000) 07/22 12:21:55 Image size of job updated: 1452336
	1419  -  MemoryUsage of job (MB)
	1452336  -  ResidentSetSize of job (KB)
...
006 (5770884.033.000) 07/22 12:26:55 Image size of job updated: 1457860
	1424  -  MemoryUsage of job (MB)
	1457860  -  ResidentSetSize of job (KB)
...
006 (5770884.033.000) 07/22 12:31:56 Image size of job updated: 1457924
	1424  -  MemoryUsage of job (MB)
	1457924  -  ResidentSetSize of job (KB)
...
006 (5770884.033.000) 07/22 12:36:57 Image size of job updated: 1457956
	1424  -  MemoryUsage of job (MB)
	1457956  -  ResidentSetSize of job (KB)
...
006 (5770884.033.000) 07/22 12:41:57 Image size of job updated: 1457960
	1424  -  MemoryUsage of job (MB)
	1457960  -  ResidentSetSize of job (KB)
...
006 (5770884.033.000) 07/22 12:46:58 Image size of job updated: 1459360
	1426  -  MemoryUsage of job (MB)
	1459360  -  ResidentSetSize of job (KB)
...
040 (5770884.033.000) 07/22 13:52:35 Started transferring output files
...
040 (5770884.033.000) 07/22 13:52:35 Finished transferring output files
...
005 (5770884.033.000) 07/22 13:52:35 Job terminated.
	(1) Normal termination (return value 0)
		Usr 0 01:45:50, Sys 0 00:01:27  -  Run Remote Usage
		Usr 0 00:00:00, Sys 0 00:00:00  -  Run Local Usage
		Usr 0 01:45:50, Sys 0 00:01:27  -  Total Remote Usage
		Usr 0 00:00:00, Sys 0 00:00:00  -  Total Local Usage
	735026  -  Run Bytes Sent By Job
	1666  -  Run Bytes Received By Job
	735026  -  Total Bytes Sent By Job
	1666  -  Total Bytes Received By Job
	Partitionable Resources :    Usage  Request Allocated 
	   Cpus                 :     0.97        1         1 
	   Disk (KB)            :   742           2      2377 
	   GPUs                 :                           0 
	   Memory (MB)          :  1426        3000      3000 

	Job terminated of its own accord at 2025-07-22T11:52:35Z with exit-code 0.
...
