000 (5770884.047.000) 07/22 11:51:17 Job submitted from host: <188.185.125.71:9618?addrs=188.185.125.71-9618+[2001-1458-d00-4a--100-15e]-9618&alias=bigbird28.cern.ch&noUDP&sock=schedd_2239_58a3>
...
040 (5770884.047.000) 07/22 11:51:48 Started transferring input files
	Transferring to host: <128.142.161.146:9618?addrs=128.142.161.146-9618+[2001-1458-301-b9--100-f]-9618&alias=b9g03p9555.cern.ch&noUDP&sock=slot1_24_391533_2b0b_8484>
...
040 (5770884.047.000) 07/22 11:51:48 Finished transferring input files
...
001 (5770884.047.000) 07/22 11:51:49 Job executing on host: <128.142.161.146:9618?addrs=128.142.161.146-9618+[2001-1458-301-b9--100-f]-9618&alias=b9g03p9555.cern.ch&noUDP&sock=startd_5502_7e2a>
	SlotName: slot1_24@b9g03p9555.cern.ch
	CondorScratchDir = "/pool/condor/dir_3852686"
	Cpus = 1
	Disk = 3975
	GPUs = 0
	Memory = 3000
...
006 (5770884.047.000) 07/22 11:52:03 Image size of job updated: 20408
	20  -  MemoryUsage of job (MB)
	20408  -  ResidentSetSize of job (KB)
...
006 (5770884.047.000) 07/22 11:57:04 Image size of job updated: 191588
	188  -  MemoryUsage of job (MB)
	191588  -  ResidentSetSize of job (KB)
...
006 (5770884.047.000) 07/22 12:02:04 Image size of job updated: 921412
	900  -  MemoryUsage of job (MB)
	921412  -  ResidentSetSize of job (KB)
...
006 (5770884.047.000) 07/22 12:07:04 Image size of job updated: 925296
	904  -  MemoryUsage of job (MB)
	925296  -  ResidentSetSize of job (KB)
...
006 (5770884.047.000) 07/22 12:12:05 Image size of job updated: 927544
	906  -  MemoryUsage of job (MB)
	927544  -  ResidentSetSize of job (KB)
...
006 (5770884.047.000) 07/22 12:17:05 Image size of job updated: 940068
	919  -  MemoryUsage of job (MB)
	940068  -  ResidentSetSize of job (KB)
...
006 (5770884.047.000) 07/22 12:22:06 Image size of job updated: 940136
	919  -  MemoryUsage of job (MB)
	940136  -  ResidentSetSize of job (KB)
...
006 (5770884.047.000) 07/22 12:27:07 Image size of job updated: 940196
	919  -  MemoryUsage of job (MB)
	940196  -  ResidentSetSize of job (KB)
...
006 (5770884.047.000) 07/22 12:32:07 Image size of job updated: 940224
	919  -  MemoryUsage of job (MB)
	940224  -  ResidentSetSize of job (KB)
...
006 (5770884.047.000) 07/22 12:37:07 Image size of job updated: 946704
	925  -  MemoryUsage of job (MB)
	946704  -  ResidentSetSize of job (KB)
...
006 (5770884.047.000) 07/22 12:42:08 Image size of job updated: 946720
	925  -  MemoryUsage of job (MB)
	946720  -  ResidentSetSize of job (KB)
...
006 (5770884.047.000) 07/22 12:47:08 Image size of job updated: 956088
	925  -  MemoryUsage of job (MB)
	946720  -  ResidentSetSize of job (KB)
...
006 (5770884.047.000) 07/22 12:52:08 Image size of job updated: 956088
	925  -  MemoryUsage of job (MB)
	947072  -  ResidentSetSize of job (KB)
...
040 (5770884.047.000) 07/22 12:55:31 Started transferring output files
...
040 (5770884.047.000) 07/22 12:55:31 Finished transferring output files
...
005 (5770884.047.000) 07/22 12:55:31 Job terminated.
	(1) Normal termination (return value 0)
		Usr 0 00:52:02, Sys 0 00:01:01  -  Run Remote Usage
		Usr 0 00:00:00, Sys 0 00:00:00  -  Run Local Usage
		Usr 0 00:52:02, Sys 0 00:01:01  -  Total Remote Usage
		Usr 0 00:00:00, Sys 0 00:00:00  -  Total Local Usage
	364452  -  Run Bytes Sent By Job
	1666  -  Run Bytes Received By Job
	364452  -  Total Bytes Sent By Job
	1666  -  Total Bytes Received By Job
	Partitionable Resources :    Usage  Request Allocated 
	   Cpus                 :     0.94        1         1 
	   Disk (KB)            :   379           2      3975 
	   GPUs                 :                           0 
	   Memory (MB)          :   925        3000      3000 

	Job terminated of its own accord at 2025-07-22T10:55:31Z with exit-code 0.
...
