000 (5770884.043.000) 07/22 11:51:17 Job submitted from host: <188.185.125.71:9618?addrs=188.185.125.71-9618+[2001-1458-d00-4a--100-15e]-9618&alias=bigbird28.cern.ch&noUDP&sock=schedd_2239_58a3>
...
040 (5770884.043.000) 07/22 11:51:47 Started transferring input files
	Transferring to host: <128.142.161.95:9618?addrs=128.142.161.95-9618+[2001-1458-301-b8--100-1d]-9618&alias=b9g03p2625.cern.ch&noUDP&sock=slot1_6_4216_4da5_44182>
...
040 (5770884.043.000) 07/22 11:51:47 Finished transferring input files
...
001 (5770884.043.000) 07/22 11:51:48 Job executing on host: <128.142.161.95:9618?addrs=128.142.161.95-9618+[2001-1458-301-b8--100-1d]-9618&alias=b9g03p2625.cern.ch&noUDP&sock=startd_3658_a987>
	SlotName: slot1_6@b9g03p2625.cern.ch
	CondorScratchDir = "/pool/condor/dir_3467187"
	Cpus = 1
	Disk = 3863
	GPUs = 0
	Memory = 3000
...
006 (5770884.043.000) 07/22 11:52:02 Image size of job updated: 129652
	127  -  MemoryUsage of job (MB)
	129652  -  ResidentSetSize of job (KB)
...
006 (5770884.043.000) 07/22 11:57:03 Image size of job updated: 198660
	195  -  MemoryUsage of job (MB)
	198660  -  ResidentSetSize of job (KB)
...
006 (5770884.043.000) 07/22 12:02:04 Image size of job updated: 925348
	904  -  MemoryUsage of job (MB)
	925348  -  ResidentSetSize of job (KB)
...
006 (5770884.043.000) 07/22 12:07:04 Image size of job updated: 927524
	906  -  MemoryUsage of job (MB)
	927524  -  ResidentSetSize of job (KB)
...
006 (5770884.043.000) 07/22 12:12:04 Image size of job updated: 928844
	908  -  MemoryUsage of job (MB)
	928844  -  ResidentSetSize of job (KB)
...
006 (5770884.043.000) 07/22 12:17:05 Image size of job updated: 940768
	919  -  MemoryUsage of job (MB)
	940768  -  ResidentSetSize of job (KB)
...
006 (5770884.043.000) 07/22 12:22:05 Image size of job updated: 940852
	919  -  MemoryUsage of job (MB)
	940852  -  ResidentSetSize of job (KB)
...
006 (5770884.043.000) 07/22 12:27:05 Image size of job updated: 941088
	920  -  MemoryUsage of job (MB)
	941088  -  ResidentSetSize of job (KB)
...
006 (5770884.043.000) 07/22 12:32:06 Image size of job updated: 941124
	920  -  MemoryUsage of job (MB)
	941124  -  ResidentSetSize of job (KB)
...
006 (5770884.043.000) 07/22 12:37:07 Image size of job updated: 946472
	925  -  MemoryUsage of job (MB)
	946472  -  ResidentSetSize of job (KB)
...
006 (5770884.043.000) 07/22 12:42:07 Image size of job updated: 946488
	925  -  MemoryUsage of job (MB)
	946488  -  ResidentSetSize of job (KB)
...
006 (5770884.043.000) 07/22 12:47:08 Image size of job updated: 946512
	925  -  MemoryUsage of job (MB)
	946512  -  ResidentSetSize of job (KB)
...
006 (5770884.043.000) 07/22 12:52:09 Image size of job updated: 955232
	933  -  MemoryUsage of job (MB)
	955232  -  ResidentSetSize of job (KB)
...
006 (5770884.043.000) 07/22 12:57:09 Image size of job updated: 955240
	933  -  MemoryUsage of job (MB)
	955240  -  ResidentSetSize of job (KB)
...
040 (5770884.043.000) 07/22 12:58:13 Started transferring output files
...
040 (5770884.043.000) 07/22 12:58:13 Finished transferring output files
...
005 (5770884.043.000) 07/22 12:58:13 Job terminated.
	(1) Normal termination (return value 0)
		Usr 0 00:54:48, Sys 0 00:00:46  -  Run Remote Usage
		Usr 0 00:00:00, Sys 0 00:00:00  -  Run Local Usage
		Usr 0 00:54:48, Sys 0 00:00:46  -  Total Remote Usage
		Usr 0 00:00:00, Sys 0 00:00:00  -  Total Local Usage
	386182  -  Run Bytes Sent By Job
	1666  -  Run Bytes Received By Job
	386182  -  Total Bytes Sent By Job
	1666  -  Total Bytes Received By Job
	Partitionable Resources :    Usage  Request Allocated 
	   Cpus                 :     0.74        1         1 
	   Disk (KB)            :   401           2      3863 
	   GPUs                 :                           0 
	   Memory (MB)          :   933        3000      3000 

	Job terminated of its own accord at 2025-07-22T10:58:13Z with exit-code 0.
...
