000 (5770884.130.000) 07/22 11:51:17 Job submitted from host: <188.185.125.71:9618?addrs=188.185.125.71-9618+[2001-1458-d00-4a--100-15e]-9618&alias=bigbird28.cern.ch&noUDP&sock=schedd_2239_58a3>
...
040 (5770884.130.000) 07/22 11:52:15 Started transferring input files
	Transferring to host: <188.185.194.69:9618?addrs=188.185.194.69-9618+[2001-1458-303-21--100-41]-9618&alias=b9p20p6311.cern.ch&noUDP&sock=slot1_2_4002_855c_37465>
...
040 (5770884.130.000) 07/22 11:52:15 Finished transferring input files
...
001 (5770884.130.000) 07/22 11:52:16 Job executing on host: <188.185.194.69:9618?addrs=188.185.194.69-9618+[2001-1458-303-21--100-41]-9618&alias=b9p20p6311.cern.ch&noUDP&sock=startd_3477_82e2>
	SlotName: slot1_2@b9p20p6311.cern.ch
	CondorScratchDir = "/pool/condor/dir_1440305"
	Cpus = 1
	Disk = 3826
	GPUs = 0
	Memory = 3000
...
006 (5770884.130.000) 07/22 11:52:30 Image size of job updated: 15192
	15  -  MemoryUsage of job (MB)
	15192  -  ResidentSetSize of job (KB)
...
006 (5770884.130.000) 07/22 11:57:31 Image size of job updated: 180660
	177  -  MemoryUsage of job (MB)
	180660  -  ResidentSetSize of job (KB)
...
006 (5770884.130.000) 07/22 12:02:32 Image size of job updated: 871680
	852  -  MemoryUsage of job (MB)
	871680  -  ResidentSetSize of job (KB)
...
006 (5770884.130.000) 07/22 12:07:32 Image size of job updated: 924808
	904  -  MemoryUsage of job (MB)
	924808  -  ResidentSetSize of job (KB)
...
006 (5770884.130.000) 07/22 12:12:33 Image size of job updated: 925860
	905  -  MemoryUsage of job (MB)
	925860  -  ResidentSetSize of job (KB)
...
006 (5770884.130.000) 07/22 12:17:34 Image size of job updated: 925936
	905  -  MemoryUsage of job (MB)
	925936  -  ResidentSetSize of job (KB)
...
006 (5770884.130.000) 07/22 12:22:34 Image size of job updated: 936892
	915  -  MemoryUsage of job (MB)
	936892  -  ResidentSetSize of job (KB)
...
006 (5770884.130.000) 07/22 12:27:35 Image size of job updated: 936932
	915  -  MemoryUsage of job (MB)
	936932  -  ResidentSetSize of job (KB)
...
006 (5770884.130.000) 07/22 12:32:35 Image size of job updated: 936972
	916  -  MemoryUsage of job (MB)
	936972  -  ResidentSetSize of job (KB)
...
006 (5770884.130.000) 07/22 12:37:35 Image size of job updated: 936996
	916  -  MemoryUsage of job (MB)
	936996  -  ResidentSetSize of job (KB)
...
006 (5770884.130.000) 07/22 12:42:36 Image size of job updated: 948352
	927  -  MemoryUsage of job (MB)
	948352  -  ResidentSetSize of job (KB)
...
006 (5770884.130.000) 07/22 12:47:36 Image size of job updated: 948364
	927  -  MemoryUsage of job (MB)
	948364  -  ResidentSetSize of job (KB)
...
006 (5770884.130.000) 07/22 12:52:36 Image size of job updated: 948412
	927  -  MemoryUsage of job (MB)
	948412  -  ResidentSetSize of job (KB)
...
006 (5770884.130.000) 07/22 12:57:37 Image size of job updated: 948416
	927  -  MemoryUsage of job (MB)
	948416  -  ResidentSetSize of job (KB)
...
006 (5770884.130.000) 07/22 13:02:37 Image size of job updated: 948424
	927  -  MemoryUsage of job (MB)
	948424  -  ResidentSetSize of job (KB)
...
006 (5770884.130.000) 07/22 13:07:38 Image size of job updated: 948432
	927  -  MemoryUsage of job (MB)
	948432  -  ResidentSetSize of job (KB)
...
006 (5770884.130.000) 07/22 13:12:39 Image size of job updated: 948436
	927  -  MemoryUsage of job (MB)
	948436  -  ResidentSetSize of job (KB)
...
006 (5770884.130.000) 07/22 13:17:39 Image size of job updated: 948452
	927  -  MemoryUsage of job (MB)
	948452  -  ResidentSetSize of job (KB)
...
040 (5770884.130.000) 07/22 13:20:00 Started transferring output files
...
040 (5770884.130.000) 07/22 13:20:01 Finished transferring output files
...
005 (5770884.130.000) 07/22 13:20:01 Job terminated.
	(1) Normal termination (return value 0)
		Usr 0 01:14:22, Sys 0 00:01:38  -  Run Remote Usage
		Usr 0 00:00:00, Sys 0 00:00:00  -  Run Local Usage
		Usr 0 01:14:22, Sys 0 00:01:38  -  Total Remote Usage
		Usr 0 00:00:00, Sys 0 00:00:00  -  Total Local Usage
	510368  -  Run Bytes Sent By Job
	1666  -  Run Bytes Received By Job
	510368  -  Total Bytes Sent By Job
	1666  -  Total Bytes Received By Job
	Partitionable Resources :    Usage  Request Allocated 
	   Cpus                 :     0.77        1         1 
	   Disk (KB)            :   522           2      3826 
	   GPUs                 :                           0 
	   Memory (MB)          :   927        3000      3000 

	Job terminated of its own accord at 2025-07-22T11:20:00Z with exit-code 0.
...
