000 (5770884.133.000) 07/22 11:51:17 Job submitted from host: <188.185.125.71:9618?addrs=188.185.125.71-9618+[2001-1458-d00-4a--100-15e]-9618&alias=bigbird28.cern.ch&noUDP&sock=schedd_2239_58a3>
...
040 (5770884.133.000) 07/22 11:52:16 Started transferring input files
	Transferring to host: <188.185.194.100:9618?addrs=188.185.194.100-9618+[2001-1458-303-21--100-60]-9618&alias=b9p20p8257.cern.ch&noUDP&sock=slot1_9_2491114_eb6d_21075>
...
040 (5770884.133.000) 07/22 11:52:16 Finished transferring input files
...
001 (5770884.133.000) 07/22 11:52:17 Job executing on host: <188.185.194.100:9618?addrs=188.185.194.100-9618+[2001-1458-303-21--100-60]-9618&alias=b9p20p8257.cern.ch&noUDP&sock=startd_2491212_cce3>
	SlotName: slot1_9@b9p20p8257.cern.ch
	CondorScratchDir = "/pool/condor/dir_893120"
	Cpus = 1
	Disk = 3830
	GPUs = 0
	Memory = 3000
...
006 (5770884.133.000) 07/22 11:52:31 Image size of job updated: 1336
	2  -  MemoryUsage of job (MB)
	1336  -  ResidentSetSize of job (KB)
...
006 (5770884.133.000) 07/22 11:57:32 Image size of job updated: 179228
	176  -  MemoryUsage of job (MB)
	179228  -  ResidentSetSize of job (KB)
...
006 (5770884.133.000) 07/22 12:02:33 Image size of job updated: 759768
	742  -  MemoryUsage of job (MB)
	759768  -  ResidentSetSize of job (KB)
...
006 (5770884.133.000) 07/22 12:07:33 Image size of job updated: 923064
	902  -  MemoryUsage of job (MB)
	923052  -  ResidentSetSize of job (KB)
...
006 (5770884.133.000) 07/22 12:12:34 Image size of job updated: 924400
	903  -  MemoryUsage of job (MB)
	924400  -  ResidentSetSize of job (KB)
...
006 (5770884.133.000) 07/22 12:17:35 Image size of job updated: 927596
	906  -  MemoryUsage of job (MB)
	927596  -  ResidentSetSize of job (KB)
...
006 (5770884.133.000) 07/22 12:22:35 Image size of job updated: 928708
	907  -  MemoryUsage of job (MB)
	928708  -  ResidentSetSize of job (KB)
...
006 (5770884.133.000) 07/22 12:27:36 Image size of job updated: 941776
	920  -  MemoryUsage of job (MB)
	941776  -  ResidentSetSize of job (KB)
...
006 (5770884.133.000) 07/22 12:32:37 Image size of job updated: 941824
	920  -  MemoryUsage of job (MB)
	941824  -  ResidentSetSize of job (KB)
...
006 (5770884.133.000) 07/22 12:37:37 Image size of job updated: 941856
	920  -  MemoryUsage of job (MB)
	941856  -  ResidentSetSize of job (KB)
...
006 (5770884.133.000) 07/22 12:47:39 Image size of job updated: 942164
	921  -  MemoryUsage of job (MB)
	942164  -  ResidentSetSize of job (KB)
...
006 (5770884.133.000) 07/22 12:52:39 Image size of job updated: 942476
	921  -  MemoryUsage of job (MB)
	942476  -  ResidentSetSize of job (KB)
...
006 (5770884.133.000) 07/22 12:57:40 Image size of job updated: 942488
	921  -  MemoryUsage of job (MB)
	942488  -  ResidentSetSize of job (KB)
...
006 (5770884.133.000) 07/22 13:07:40 Image size of job updated: 942500
	921  -  MemoryUsage of job (MB)
	942500  -  ResidentSetSize of job (KB)
...
006 (5770884.133.000) 07/22 13:12:41 Image size of job updated: 942508
	921  -  MemoryUsage of job (MB)
	942508  -  ResidentSetSize of job (KB)
...
006 (5770884.133.000) 07/22 13:17:42 Image size of job updated: 942516
	921  -  MemoryUsage of job (MB)
	942516  -  ResidentSetSize of job (KB)
...
006 (5770884.133.000) 07/22 13:22:42 Image size of job updated: 942532
	921  -  MemoryUsage of job (MB)
	942532  -  ResidentSetSize of job (KB)
...
006 (5770884.133.000) 07/22 13:32:39 Image size of job updated: 942536
	921  -  MemoryUsage of job (MB)
	942532  -  ResidentSetSize of job (KB)
...
040 (5770884.133.000) 07/22 13:32:39 Started transferring output files
...
040 (5770884.133.000) 07/22 13:32:39 Finished transferring output files
...
005 (5770884.133.000) 07/22 13:32:39 Job terminated.
	(1) Normal termination (return value 0)
		Usr 0 01:22:07, Sys 0 00:01:08  -  Run Remote Usage
		Usr 0 00:00:00, Sys 0 00:00:00  -  Run Local Usage
		Usr 0 01:22:07, Sys 0 00:01:08  -  Total Remote Usage
		Usr 0 00:00:00, Sys 0 00:00:00  -  Total Local Usage
	588384  -  Run Bytes Sent By Job
	1666  -  Run Bytes Received By Job
	588384  -  Total Bytes Sent By Job
	1666  -  Total Bytes Received By Job
	Partitionable Resources :    Usage  Request Allocated 
	   Cpus                 :     0.98        1         1 
	   Disk (KB)            :   598           2      3830 
	   GPUs                 :                           0 
	   Memory (MB)          :   921        3000      3000 

	Job terminated of its own accord at 2025-07-22T11:32:39Z with exit-code 0.
...
