000 (5770884.219.000) 07/22 11:51:17 Job submitted from host: <188.185.125.71:9618?addrs=188.185.125.71-9618+[2001-1458-d00-4a--100-15e]-9618&alias=bigbird28.cern.ch&noUDP&sock=schedd_2239_58a3>
...
040 (5770884.219.000) 07/22 11:52:48 Started transferring input files
	Transferring to host: <188.185.196.52:9618?addrs=188.185.196.52-9618+[2001-1458-303-23--100-30]-9618&alias=b9p16p0444.cern.ch&noUDP&sock=slot1_37_8671_40fa_52143>
...
040 (5770884.219.000) 07/22 11:52:48 Finished transferring input files
...
001 (5770884.219.000) 07/22 11:52:49 Job executing on host: <188.185.196.52:9618?addrs=188.185.196.52-9618+[2001-1458-303-23--100-30]-9618&alias=b9p16p0444.cern.ch&noUDP&sock=startd_8194_fb1e>
	SlotName: slot1_37@b9p16p0444.cern.ch
	CondorScratchDir = "/pool/condor/dir_3489867"
	Cpus = 1
	Disk = 3908
	GPUs = 0
	Memory = 3000
...
006 (5770884.219.000) 07/22 11:53:04 Image size of job updated: 9376
	10  -  MemoryUsage of job (MB)
	9376  -  ResidentSetSize of job (KB)
...
006 (5770884.219.000) 07/22 11:58:04 Image size of job updated: 178452
	175  -  MemoryUsage of job (MB)
	178452  -  ResidentSetSize of job (KB)
...
006 (5770884.219.000) 07/22 12:03:04 Image size of job updated: 511772
	432  -  MemoryUsage of job (MB)
	442140  -  ResidentSetSize of job (KB)
...
006 (5770884.219.000) 07/22 12:08:05 Image size of job updated: 935148
	909  -  MemoryUsage of job (MB)
	930008  -  ResidentSetSize of job (KB)
...
006 (5770884.219.000) 07/22 12:13:05 Image size of job updated: 998556
	959  -  MemoryUsage of job (MB)
	981916  -  ResidentSetSize of job (KB)
...
006 (5770884.219.000) 07/22 12:18:05 Image size of job updated: 1030292
	964  -  MemoryUsage of job (MB)
	986588  -  ResidentSetSize of job (KB)
...
006 (5770884.219.000) 07/22 12:23:06 Image size of job updated: 1054728
	1005  -  MemoryUsage of job (MB)
	1028756  -  ResidentSetSize of job (KB)
...
006 (5770884.219.000) 07/22 12:28:06 Image size of job updated: 1056588
	1026  -  MemoryUsage of job (MB)
	1050296  -  ResidentSetSize of job (KB)
...
006 (5770884.219.000) 07/22 12:33:06 Image size of job updated: 1070320
	1026  -  MemoryUsage of job (MB)
	1050296  -  ResidentSetSize of job (KB)
...
006 (5770884.219.000) 07/22 12:48:07 Image size of job updated: 1070320
	1027  -  MemoryUsage of job (MB)
	1051164  -  ResidentSetSize of job (KB)
...
006 (5770884.219.000) 07/22 12:53:08 Image size of job updated: 1070320
	1027  -  MemoryUsage of job (MB)
	1051324  -  ResidentSetSize of job (KB)
...
006 (5770884.219.000) 07/22 12:58:08 Image size of job updated: 1070320
	1031  -  MemoryUsage of job (MB)
	1054728  -  ResidentSetSize of job (KB)
...
006 (5770884.219.000) 07/22 13:08:09 Image size of job updated: 1070320
	1043  -  MemoryUsage of job (MB)
	1067464  -  ResidentSetSize of job (KB)
...
006 (5770884.219.000) 07/22 13:13:09 Image size of job updated: 1070320
	1045  -  MemoryUsage of job (MB)
	1069312  -  ResidentSetSize of job (KB)
...
006 (5770884.219.000) 07/22 13:18:09 Image size of job updated: 1070320
	1045  -  MemoryUsage of job (MB)
	1069464  -  ResidentSetSize of job (KB)
...
006 (5770884.219.000) 07/22 13:23:10 Image size of job updated: 1085020
	1046  -  MemoryUsage of job (MB)
	1070996  -  ResidentSetSize of job (KB)
...
006 (5770884.219.000) 07/22 13:28:10 Image size of job updated: 1085020
	1046  -  MemoryUsage of job (MB)
	1071052  -  ResidentSetSize of job (KB)
...
006 (5770884.219.000) 07/22 13:33:11 Image size of job updated: 1087284
	1046  -  MemoryUsage of job (MB)
	1071052  -  ResidentSetSize of job (KB)
...
006 (5770884.219.000) 07/22 13:38:12 Image size of job updated: 1087284
	1048  -  MemoryUsage of job (MB)
	1072628  -  ResidentSetSize of job (KB)
...
006 (5770884.219.000) 07/22 13:43:12 Image size of job updated: 1087284
	1048  -  MemoryUsage of job (MB)
	1072820  -  ResidentSetSize of job (KB)
...
006 (5770884.219.000) 07/22 13:48:13 Image size of job updated: 1087284
	1049  -  MemoryUsage of job (MB)
	1073788  -  ResidentSetSize of job (KB)
...
006 (5770884.219.000) 07/22 13:53:14 Image size of job updated: 1087284
	1049  -  MemoryUsage of job (MB)
	1073816  -  ResidentSetSize of job (KB)
...
006 (5770884.219.000) 07/22 13:58:14 Image size of job updated: 1087284
	1051  -  MemoryUsage of job (MB)
	1075880  -  ResidentSetSize of job (KB)
...
006 (5770884.219.000) 07/22 14:03:15 Image size of job updated: 1098964
	1051  -  MemoryUsage of job (MB)
	1075880  -  ResidentSetSize of job (KB)
...
006 (5770884.219.000) 07/22 14:08:16 Image size of job updated: 1099100
	1074  -  MemoryUsage of job (MB)
	1098844  -  ResidentSetSize of job (KB)
...
006 (5770884.219.000) 07/22 14:13:16 Image size of job updated: 1100548
	1074  -  MemoryUsage of job (MB)
	1098844  -  ResidentSetSize of job (KB)
...
040 (5770884.219.000) 07/22 14:16:07 Started transferring output files
...
040 (5770884.219.000) 07/22 14:16:07 Finished transferring output files
...
005 (5770884.219.000) 07/22 14:16:07 Job terminated.
	(1) Normal termination (return value 0)
		Usr 0 01:50:17, Sys 0 00:02:09  -  Run Remote Usage
		Usr 0 00:00:00, Sys 0 00:00:00  -  Run Local Usage
		Usr 0 01:50:17, Sys 0 00:02:09  -  Total Remote Usage
		Usr 0 00:00:00, Sys 0 00:00:00  -  Total Local Usage
	841732  -  Run Bytes Sent By Job
	1666  -  Run Bytes Received By Job
	841732  -  Total Bytes Sent By Job
	1666  -  Total Bytes Received By Job
	Partitionable Resources :    Usage  Request Allocated 
	   Cpus                 :     0.87        1         1 
	   Disk (KB)            :   846           2      3908 
	   GPUs                 :                           0 
	   Memory (MB)          :  1074        3000      3000 

	Job terminated of its own accord at 2025-07-22T12:16:07Z with exit-code 0.
...
