000 (5770884.159.000) 07/22 11:51:17 Job submitted from host: <188.185.125.71:9618?addrs=188.185.125.71-9618+[2001-1458-d00-4a--100-15e]-9618&alias=bigbird28.cern.ch&noUDP&sock=schedd_2239_58a3>
...
040 (5770884.159.000) 07/22 11:52:26 Started transferring input files
	Transferring to host: <188.185.195.156:9618?addrs=188.185.195.156-9618+[2001-1458-303-22--100-98]-9618&alias=b9p17p2005.cern.ch&noUDP&sock=slot1_18_4323_b1c9_53847>
...
040 (5770884.159.000) 07/22 11:52:26 Finished transferring input files
...
001 (5770884.159.000) 07/22 11:52:27 Job executing on host: <188.185.195.156:9618?addrs=188.185.195.156-9618+[2001-1458-303-22--100-98]-9618&alias=b9p17p2005.cern.ch&noUDP&sock=startd_3262_0a06>
	SlotName: slot1_18@b9p17p2005.cern.ch
	CondorScratchDir = "/pool/condor/dir_248420"
	Cpus = 1
	Disk = 3913
	GPUs = 0
	Memory = 3000
...
006 (5770884.159.000) 07/22 11:52:40 Image size of job updated: 14808
	15  -  MemoryUsage of job (MB)
	14808  -  ResidentSetSize of job (KB)
...
006 (5770884.159.000) 07/22 11:57:40 Image size of job updated: 178992
	175  -  MemoryUsage of job (MB)
	178992  -  ResidentSetSize of job (KB)
...
006 (5770884.159.000) 07/22 12:02:41 Image size of job updated: 892320
	872  -  MemoryUsage of job (MB)
	892320  -  ResidentSetSize of job (KB)
...
006 (5770884.159.000) 07/22 12:07:41 Image size of job updated: 922924
	902  -  MemoryUsage of job (MB)
	922924  -  ResidentSetSize of job (KB)
...
006 (5770884.159.000) 07/22 12:12:41 Image size of job updated: 924844
	904  -  MemoryUsage of job (MB)
	924844  -  ResidentSetSize of job (KB)
...
006 (5770884.159.000) 07/22 12:17:42 Image size of job updated: 924908
	904  -  MemoryUsage of job (MB)
	924908  -  ResidentSetSize of job (KB)
...
006 (5770884.159.000) 07/22 12:22:42 Image size of job updated: 927580
	906  -  MemoryUsage of job (MB)
	927580  -  ResidentSetSize of job (KB)
...
006 (5770884.159.000) 07/22 12:27:43 Image size of job updated: 937928
	916  -  MemoryUsage of job (MB)
	937928  -  ResidentSetSize of job (KB)
...
006 (5770884.159.000) 07/22 12:32:44 Image size of job updated: 937960
	916  -  MemoryUsage of job (MB)
	937960  -  ResidentSetSize of job (KB)
...
006 (5770884.159.000) 07/22 12:37:44 Image size of job updated: 937964
	916  -  MemoryUsage of job (MB)
	937964  -  ResidentSetSize of job (KB)
...
006 (5770884.159.000) 07/22 12:42:45 Image size of job updated: 948576
	927  -  MemoryUsage of job (MB)
	948576  -  ResidentSetSize of job (KB)
...
006 (5770884.159.000) 07/22 12:47:46 Image size of job updated: 948616
	927  -  MemoryUsage of job (MB)
	948616  -  ResidentSetSize of job (KB)
...
006 (5770884.159.000) 07/22 12:52:46 Image size of job updated: 948640
	927  -  MemoryUsage of job (MB)
	948640  -  ResidentSetSize of job (KB)
...
006 (5770884.159.000) 07/22 12:57:47 Image size of job updated: 948676
	927  -  MemoryUsage of job (MB)
	948676  -  ResidentSetSize of job (KB)
...
006 (5770884.159.000) 07/22 13:02:47 Image size of job updated: 948692
	927  -  MemoryUsage of job (MB)
	948692  -  ResidentSetSize of job (KB)
...
006 (5770884.159.000) 07/22 13:07:47 Image size of job updated: 948708
	927  -  MemoryUsage of job (MB)
	948708  -  ResidentSetSize of job (KB)
...
006 (5770884.159.000) 07/22 13:12:48 Image size of job updated: 957388
	935  -  MemoryUsage of job (MB)
	957388  -  ResidentSetSize of job (KB)
...
006 (5770884.159.000) 07/22 13:15:28 Image size of job updated: 965876
	935  -  MemoryUsage of job (MB)
	957388  -  ResidentSetSize of job (KB)
...
040 (5770884.159.000) 07/22 13:15:28 Started transferring output files
...
040 (5770884.159.000) 07/22 13:15:28 Finished transferring output files
...
005 (5770884.159.000) 07/22 13:15:28 Job terminated.
	(1) Normal termination (return value 0)
		Usr 0 01:09:55, Sys 0 00:01:37  -  Run Remote Usage
		Usr 0 00:00:00, Sys 0 00:00:00  -  Run Local Usage
		Usr 0 01:09:55, Sys 0 00:01:37  -  Total Remote Usage
		Usr 0 00:00:00, Sys 0 00:00:00  -  Total Local Usage
	481539  -  Run Bytes Sent By Job
	1666  -  Run Bytes Received By Job
	481539  -  Total Bytes Sent By Job
	1666  -  Total Bytes Received By Job
	Partitionable Resources :    Usage  Request Allocated 
	   Cpus                 :     0.98        1         1 
	   Disk (KB)            :   494           2      3913 
	   GPUs                 :                           0 
	   Memory (MB)          :   935        3000      3000 

	Job terminated of its own accord at 2025-07-22T11:15:28Z with exit-code 0.
...
