000 (5770884.092.000) 07/22 11:51:17 Job submitted from host: <188.185.125.71:9618?addrs=188.185.125.71-9618+[2001-1458-d00-4a--100-15e]-9618&alias=bigbird28.cern.ch&noUDP&sock=schedd_2239_58a3>
...
040 (5770884.092.000) 07/22 11:52:03 Started transferring input files
	Transferring to host: <188.185.192.87:9618?addrs=188.185.192.87-9618+[2001-1458-303-1f--100-53]-9618&alias=b9p13p5052.cern.ch&noUDP&sock=slot1_3_8718_5e9c_53957>
...
040 (5770884.092.000) 07/22 11:52:03 Finished transferring input files
...
001 (5770884.092.000) 07/22 11:52:04 Job executing on host: <188.185.192.87:9618?addrs=188.185.192.87-9618+[2001-1458-303-1f--100-53]-9618&alias=b9p13p5052.cern.ch&noUDP&sock=startd_7770_26f6>
	SlotName: slot1_3@b9p13p5052.cern.ch
	CondorScratchDir = "/pool/condor/dir_3001273"
	Cpus = 1
	Disk = 3909
	GPUs = 0
	Memory = 3000
...
006 (5770884.092.000) 07/22 11:52:12 Image size of job updated: 21356
	21  -  MemoryUsage of job (MB)
	21356  -  ResidentSetSize of job (KB)
...
006 (5770884.092.000) 07/22 11:57:12 Image size of job updated: 620168
	606  -  MemoryUsage of job (MB)
	620168  -  ResidentSetSize of job (KB)
...
006 (5770884.092.000) 07/22 12:02:13 Image size of job updated: 949856
	928  -  MemoryUsage of job (MB)
	949856  -  ResidentSetSize of job (KB)
...
006 (5770884.092.000) 07/22 12:07:13 Image size of job updated: 1584236
	1548  -  MemoryUsage of job (MB)
	1584236  -  ResidentSetSize of job (KB)
...
006 (5770884.092.000) 07/22 12:12:13 Image size of job updated: 1588568
	1552  -  MemoryUsage of job (MB)
	1588568  -  ResidentSetSize of job (KB)
...
006 (5770884.092.000) 07/22 12:27:15 Image size of job updated: 1589000
	1552  -  MemoryUsage of job (MB)
	1589000  -  ResidentSetSize of job (KB)
...
006 (5770884.092.000) 07/22 13:12:19 Image size of job updated: 1591480
	1555  -  MemoryUsage of job (MB)
	1591480  -  ResidentSetSize of job (KB)
...
006 (5770884.092.000) 07/22 13:32:21 Image size of job updated: 1592532
	1556  -  MemoryUsage of job (MB)
	1592532  -  ResidentSetSize of job (KB)
...
006 (5770884.092.000) 07/22 14:12:26 Image size of job updated: 1593436
	1557  -  MemoryUsage of job (MB)
	1593436  -  ResidentSetSize of job (KB)
...
006 (5770884.092.000) 07/22 14:22:26 Image size of job updated: 1604412
	1567  -  MemoryUsage of job (MB)
	1604412  -  ResidentSetSize of job (KB)
...
040 (5770884.092.000) 07/22 14:29:15 Started transferring output files
...
040 (5770884.092.000) 07/22 14:29:15 Finished transferring output files
...
005 (5770884.092.000) 07/22 14:29:15 Job terminated.
	(1) Normal termination (return value 0)
		Usr 0 02:07:57, Sys 0 00:01:36  -  Run Remote Usage
		Usr 0 00:00:00, Sys 0 00:00:00  -  Run Local Usage
		Usr 0 02:07:57, Sys 0 00:01:36  -  Total Remote Usage
		Usr 0 00:00:00, Sys 0 00:00:00  -  Total Local Usage
	933994  -  Run Bytes Sent By Job
	1666  -  Run Bytes Received By Job
	933994  -  Total Bytes Sent By Job
	1666  -  Total Bytes Received By Job
	Partitionable Resources :    Usage  Request Allocated 
	   Cpus                 :     0.94        1         1 
	   Disk (KB)            :   936           2      3909 
	   GPUs                 :                           0 
	   Memory (MB)          :  1567        3000      3000 

	Job terminated of its own accord at 2025-07-22T12:29:15Z with exit-code 0.
...
