000 (5770884.084.000) 07/22 11:51:17 Job submitted from host: <188.185.125.71:9618?addrs=188.185.125.71-9618+[2001-1458-d00-4a--100-15e]-9618&alias=bigbird28.cern.ch&noUDP&sock=schedd_2239_58a3>
...
040 (5770884.084.000) 07/22 11:52:01 Started transferring input files
	Transferring to host: <188.185.192.140:9618?addrs=188.185.192.140-9618+[2001-1458-303-1f--100-88]-9618&alias=b9p13p5937.cern.ch&noUDP&sock=slot1_22_4598_74f4_40183>
...
040 (5770884.084.000) 07/22 11:52:01 Finished transferring input files
...
001 (5770884.084.000) 07/22 11:52:02 Job executing on host: <188.185.192.140:9618?addrs=188.185.192.140-9618+[2001-1458-303-1f--100-88]-9618&alias=b9p13p5937.cern.ch&noUDP&sock=startd_3921_0eef>
	SlotName: slot1_22@b9p13p5937.cern.ch
	CondorScratchDir = "/pool/condor/dir_1924936"
	Cpus = 1
	Disk = 3871
	GPUs = 0
	Memory = 3000
...
006 (5770884.084.000) 07/22 11:52:15 Image size of job updated: 15152
	15  -  MemoryUsage of job (MB)
	15152  -  ResidentSetSize of job (KB)
...
006 (5770884.084.000) 07/22 11:57:15 Image size of job updated: 182592
	179  -  MemoryUsage of job (MB)
	182592  -  ResidentSetSize of job (KB)
...
006 (5770884.084.000) 07/22 12:02:16 Image size of job updated: 520392
	450  -  MemoryUsage of job (MB)
	459992  -  ResidentSetSize of job (KB)
...
006 (5770884.084.000) 07/22 12:07:17 Image size of job updated: 1031476
	1000  -  MemoryUsage of job (MB)
	1023020  -  ResidentSetSize of job (KB)
...
006 (5770884.084.000) 07/22 12:12:17 Image size of job updated: 1033796
	1000  -  MemoryUsage of job (MB)
	1023020  -  ResidentSetSize of job (KB)
...
006 (5770884.084.000) 07/22 12:27:19 Image size of job updated: 1050112
	1000  -  MemoryUsage of job (MB)
	1023020  -  ResidentSetSize of job (KB)
...
006 (5770884.084.000) 07/22 12:32:19 Image size of job updated: 1057632
	1033  -  MemoryUsage of job (MB)
	1057632  -  ResidentSetSize of job (KB)
...
006 (5770884.084.000) 07/22 12:37:20 Image size of job updated: 1060448
	1036  -  MemoryUsage of job (MB)
	1060448  -  ResidentSetSize of job (KB)
...
006 (5770884.084.000) 07/22 12:42:20 Image size of job updated: 1063460
	1037  -  MemoryUsage of job (MB)
	1061536  -  ResidentSetSize of job (KB)
...
006 (5770884.084.000) 07/22 12:47:21 Image size of job updated: 1065828
	1041  -  MemoryUsage of job (MB)
	1065828  -  ResidentSetSize of job (KB)
...
006 (5770884.084.000) 07/22 12:52:22 Image size of job updated: 1067748
	1041  -  MemoryUsage of job (MB)
	1065828  -  ResidentSetSize of job (KB)
...
006 (5770884.084.000) 07/22 13:02:23 Image size of job updated: 1067748
	1043  -  MemoryUsage of job (MB)
	1067380  -  ResidentSetSize of job (KB)
...
006 (5770884.084.000) 07/22 13:07:24 Image size of job updated: 1070100
	1043  -  MemoryUsage of job (MB)
	1067380  -  ResidentSetSize of job (KB)
...
006 (5770884.084.000) 07/22 13:12:24 Image size of job updated: 1070612
	1046  -  MemoryUsage of job (MB)
	1070612  -  ResidentSetSize of job (KB)
...
006 (5770884.084.000) 07/22 13:17:25 Image size of job updated: 1071548
	1047  -  MemoryUsage of job (MB)
	1071548  -  ResidentSetSize of job (KB)
...
006 (5770884.084.000) 07/22 13:22:26 Image size of job updated: 1072740
	1047  -  MemoryUsage of job (MB)
	1071548  -  ResidentSetSize of job (KB)
...
006 (5770884.084.000) 07/22 13:42:27 Image size of job updated: 1075568
	1051  -  MemoryUsage of job (MB)
	1075568  -  ResidentSetSize of job (KB)
...
006 (5770884.084.000) 07/22 13:47:28 Image size of job updated: 1075996
	1051  -  MemoryUsage of job (MB)
	1075996  -  ResidentSetSize of job (KB)
...
006 (5770884.084.000) 07/22 13:52:28 Image size of job updated: 1076084
	1051  -  MemoryUsage of job (MB)
	1076084  -  ResidentSetSize of job (KB)
...
006 (5770884.084.000) 07/22 13:57:28 Image size of job updated: 1082864
	1051  -  MemoryUsage of job (MB)
	1076084  -  ResidentSetSize of job (KB)
...
006 (5770884.084.000) 07/22 14:07:29 Image size of job updated: 1083780
	1051  -  MemoryUsage of job (MB)
	1076084  -  ResidentSetSize of job (KB)
...
040 (5770884.084.000) 07/22 14:10:50 Started transferring output files
...
040 (5770884.084.000) 07/22 14:10:50 Finished transferring output files
...
005 (5770884.084.000) 07/22 14:10:50 Job terminated.
	(1) Normal termination (return value 0)
		Usr 0 01:53:33, Sys 0 00:01:30  -  Run Remote Usage
		Usr 0 00:00:00, Sys 0 00:00:00  -  Run Local Usage
		Usr 0 01:53:33, Sys 0 00:01:30  -  Total Remote Usage
		Usr 0 00:00:00, Sys 0 00:00:00  -  Total Local Usage
	815909  -  Run Bytes Sent By Job
	1666  -  Run Bytes Received By Job
	815909  -  Total Bytes Sent By Job
	1666  -  Total Bytes Received By Job
	Partitionable Resources :    Usage  Request Allocated 
	   Cpus                 :     0.87        1         1 
	   Disk (KB)            :   821           2      3871 
	   GPUs                 :                           0 
	   Memory (MB)          :  1051        3000      3000 

	Job terminated of its own accord at 2025-07-22T12:10:50Z with exit-code 0.
...
