000 (5770884.171.000) 07/22 11:51:17 Job submitted from host: <188.185.125.71:9618?addrs=188.185.125.71-9618+[2001-1458-d00-4a--100-15e]-9618&alias=bigbird28.cern.ch&noUDP&sock=schedd_2239_58a3>
...
040 (5770884.171.000) 07/22 11:52:29 Started transferring input files
	Transferring to host: <188.185.193.139:9618?addrs=188.185.193.139-9618+[2001-1458-303-20--100-87]-9618&alias=b9p19p7149.cern.ch&noUDP&sock=slot1_45_5235_47ee_13464>
...
040 (5770884.171.000) 07/22 11:52:29 Finished transferring input files
...
001 (5770884.171.000) 07/22 11:52:30 Job executing on host: <188.185.193.139:9618?addrs=188.185.193.139-9618+[2001-1458-303-20--100-87]-9618&alias=b9p19p7149.cern.ch&noUDP&sock=startd_3948_93fe>
	SlotName: slot1_45@b9p19p7149.cern.ch
	CondorScratchDir = "/pool/condor/dir_3983641"
	Cpus = 1
	Disk = 3826
	GPUs = 0
	Memory = 3000
...
006 (5770884.171.000) 07/22 11:52:44 Image size of job updated: 13180
	13  -  MemoryUsage of job (MB)
	13180  -  ResidentSetSize of job (KB)
...
006 (5770884.171.000) 07/22 11:57:45 Image size of job updated: 179788
	176  -  MemoryUsage of job (MB)
	179788  -  ResidentSetSize of job (KB)
...
006 (5770884.171.000) 07/22 12:02:45 Image size of job updated: 777440
	760  -  MemoryUsage of job (MB)
	777440  -  ResidentSetSize of job (KB)
...
006 (5770884.171.000) 07/22 12:07:45 Image size of job updated: 926216
	905  -  MemoryUsage of job (MB)
	926216  -  ResidentSetSize of job (KB)
...
006 (5770884.171.000) 07/22 12:12:46 Image size of job updated: 926448
	905  -  MemoryUsage of job (MB)
	926448  -  ResidentSetSize of job (KB)
...
006 (5770884.171.000) 07/22 12:17:46 Image size of job updated: 927396
	906  -  MemoryUsage of job (MB)
	927396  -  ResidentSetSize of job (KB)
...
006 (5770884.171.000) 07/22 12:22:46 Image size of job updated: 927516
	906  -  MemoryUsage of job (MB)
	927516  -  ResidentSetSize of job (KB)
...
006 (5770884.171.000) 07/22 12:27:47 Image size of job updated: 940492
	919  -  MemoryUsage of job (MB)
	940492  -  ResidentSetSize of job (KB)
...
006 (5770884.171.000) 07/22 12:32:47 Image size of job updated: 940524
	919  -  MemoryUsage of job (MB)
	940524  -  ResidentSetSize of job (KB)
...
006 (5770884.171.000) 07/22 12:37:48 Image size of job updated: 940532
	919  -  MemoryUsage of job (MB)
	940532  -  ResidentSetSize of job (KB)
...
006 (5770884.171.000) 07/22 12:42:49 Image size of job updated: 940544
	919  -  MemoryUsage of job (MB)
	940544  -  ResidentSetSize of job (KB)
...
006 (5770884.171.000) 07/22 12:47:49 Image size of job updated: 940804
	919  -  MemoryUsage of job (MB)
	940804  -  ResidentSetSize of job (KB)
...
006 (5770884.171.000) 07/22 12:52:50 Image size of job updated: 940832
	919  -  MemoryUsage of job (MB)
	940832  -  ResidentSetSize of job (KB)
...
006 (5770884.171.000) 07/22 12:57:51 Image size of job updated: 940852
	919  -  MemoryUsage of job (MB)
	940852  -  ResidentSetSize of job (KB)
...
006 (5770884.171.000) 07/22 13:07:52 Image size of job updated: 944492
	923  -  MemoryUsage of job (MB)
	944492  -  ResidentSetSize of job (KB)
...
006 (5770884.171.000) 07/22 13:12:53 Image size of job updated: 944508
	923  -  MemoryUsage of job (MB)
	944508  -  ResidentSetSize of job (KB)
...
006 (5770884.171.000) 07/22 13:17:53 Image size of job updated: 948316
	927  -  MemoryUsage of job (MB)
	948316  -  ResidentSetSize of job (KB)
...
040 (5770884.171.000) 07/22 13:28:28 Started transferring output files
...
040 (5770884.171.000) 07/22 13:28:28 Finished transferring output files
...
005 (5770884.171.000) 07/22 13:28:28 Job terminated.
	(1) Normal termination (return value 0)
		Usr 0 01:19:30, Sys 0 00:00:45  -  Run Remote Usage
		Usr 0 00:00:00, Sys 0 00:00:00  -  Run Local Usage
		Usr 0 01:19:30, Sys 0 00:00:45  -  Total Remote Usage
		Usr 0 00:00:00, Sys 0 00:00:00  -  Total Local Usage
	561568  -  Run Bytes Sent By Job
	1666  -  Run Bytes Received By Job
	561568  -  Total Bytes Sent By Job
	1666  -  Total Bytes Received By Job
	Partitionable Resources :    Usage  Request Allocated 
	   Cpus                 :     0.88        1         1 
	   Disk (KB)            :   573           2      3826 
	   GPUs                 :                           0 
	   Memory (MB)          :   927        3000      3000 

	Job terminated of its own accord at 2025-07-22T11:28:28Z with exit-code 0.
...
