000 (5770884.081.000) 07/22 11:51:17 Job submitted from host: <188.185.125.71:9618?addrs=188.185.125.71-9618+[2001-1458-d00-4a--100-15e]-9618&alias=bigbird28.cern.ch&noUDP&sock=schedd_2239_58a3>
...
040 (5770884.081.000) 07/22 11:51:59 Started transferring input files
	Transferring to host: <188.185.194.76:9618?addrs=188.185.194.76-9618+[2001-1458-303-21--100-48]-9618&alias=b9p20p1995.cern.ch&noUDP&sock=slot1_20_2771058_cae5_31745>
...
040 (5770884.081.000) 07/22 11:51:59 Finished transferring input files
...
001 (5770884.081.000) 07/22 11:52:00 Job executing on host: <188.185.194.76:9618?addrs=188.185.194.76-9618+[2001-1458-303-21--100-48]-9618&alias=b9p20p1995.cern.ch&noUDP&sock=startd_2771015_62a5>
	SlotName: slot1_20@b9p20p1995.cern.ch
	CondorScratchDir = "/pool/condor/dir_1557531"
	Cpus = 1
	Disk = 3900
	GPUs = 0
	Memory = 3000
...
006 (5770884.081.000) 07/22 11:52:13 Image size of job updated: 7836
	8  -  MemoryUsage of job (MB)
	7836  -  ResidentSetSize of job (KB)
...
006 (5770884.081.000) 07/22 11:57:13 Image size of job updated: 179800
	176  -  MemoryUsage of job (MB)
	179800  -  ResidentSetSize of job (KB)
...
006 (5770884.081.000) 07/22 12:02:14 Image size of job updated: 511936
	450  -  MemoryUsage of job (MB)
	459860  -  ResidentSetSize of job (KB)
...
006 (5770884.081.000) 07/22 12:07:14 Image size of job updated: 813424
	771  -  MemoryUsage of job (MB)
	789208  -  ResidentSetSize of job (KB)
...
006 (5770884.081.000) 07/22 12:12:14 Image size of job updated: 1049948
	1013  -  MemoryUsage of job (MB)
	1036772  -  ResidentSetSize of job (KB)
...
006 (5770884.081.000) 07/22 12:17:15 Image size of job updated: 1058844
	1015  -  MemoryUsage of job (MB)
	1038648  -  ResidentSetSize of job (KB)
...
006 (5770884.081.000) 07/22 12:22:15 Image size of job updated: 1067336
	1035  -  MemoryUsage of job (MB)
	1059392  -  ResidentSetSize of job (KB)
...
006 (5770884.081.000) 07/22 12:37:17 Image size of job updated: 1067336
	1039  -  MemoryUsage of job (MB)
	1063048  -  ResidentSetSize of job (KB)
...
006 (5770884.081.000) 07/22 12:47:18 Image size of job updated: 1075600
	1047  -  MemoryUsage of job (MB)
	1072008  -  ResidentSetSize of job (KB)
...
006 (5770884.081.000) 07/22 12:57:18 Image size of job updated: 1075600
	1050  -  MemoryUsage of job (MB)
	1075148  -  ResidentSetSize of job (KB)
...
006 (5770884.081.000) 07/22 13:17:20 Image size of job updated: 1077540
	1050  -  MemoryUsage of job (MB)
	1075148  -  ResidentSetSize of job (KB)
...
006 (5770884.081.000) 07/22 14:02:23 Image size of job updated: 1098384
	1050  -  MemoryUsage of job (MB)
	1075148  -  ResidentSetSize of job (KB)
...
006 (5770884.081.000) 07/22 14:12:24 Image size of job updated: 1113376
	1050  -  MemoryUsage of job (MB)
	1075148  -  ResidentSetSize of job (KB)
...
040 (5770884.081.000) 07/22 14:14:41 Started transferring output files
...
040 (5770884.081.000) 07/22 14:14:41 Finished transferring output files
...
005 (5770884.081.000) 07/22 14:14:41 Job terminated.
	(1) Normal termination (return value 0)
		Usr 0 01:51:23, Sys 0 00:01:28  -  Run Remote Usage
		Usr 0 00:00:00, Sys 0 00:00:00  -  Run Local Usage
		Usr 0 01:51:23, Sys 0 00:01:28  -  Total Remote Usage
		Usr 0 00:00:00, Sys 0 00:00:00  -  Total Local Usage
	834353  -  Run Bytes Sent By Job
	1666  -  Run Bytes Received By Job
	834353  -  Total Bytes Sent By Job
	1666  -  Total Bytes Received By Job
	Partitionable Resources :    Usage  Request Allocated 
	   Cpus                 :     0.91        1         1 
	   Disk (KB)            :   839           2      3900 
	   GPUs                 :                           0 
	   Memory (MB)          :  1050        3000      3000 

	Job terminated of its own accord at 2025-07-22T12:14:41Z with exit-code 0.
...
