000 (5770884.048.000) 07/22 11:51:17 Job submitted from host: <188.185.125.71:9618?addrs=188.185.125.71-9618+[2001-1458-d00-4a--100-15e]-9618&alias=bigbird28.cern.ch&noUDP&sock=schedd_2239_58a3>
...
040 (5770884.048.000) 07/22 11:51:49 Started transferring input files
	Transferring to host: <188.185.195.99:9618?addrs=188.185.195.99-9618+[2001-1458-303-22--100-5f]-9618&alias=b9p17p5083.cern.ch&noUDP&sock=slot1_35_6830_1a4f_48032>
...
040 (5770884.048.000) 07/22 11:51:49 Finished transferring input files
...
001 (5770884.048.000) 07/22 11:51:50 Job executing on host: <188.185.195.99:9618?addrs=188.185.195.99-9618+[2001-1458-303-22--100-5f]-9618&alias=b9p17p5083.cern.ch&noUDP&sock=startd_6360_026c>
	SlotName: slot1_35@b9p17p5083.cern.ch
	CondorScratchDir = "/pool/condor/dir_164088"
	Cpus = 1
	Disk = 3772
	GPUs = 0
	Memory = 3000
...
006 (5770884.048.000) 07/22 11:51:59 Image size of job updated: 132576
	130  -  MemoryUsage of job (MB)
	132576  -  ResidentSetSize of job (KB)
...
006 (5770884.048.000) 07/22 11:57:00 Image size of job updated: 262960
	257  -  MemoryUsage of job (MB)
	262960  -  ResidentSetSize of job (KB)
...
006 (5770884.048.000) 07/22 12:02:00 Image size of job updated: 994208
	971  -  MemoryUsage of job (MB)
	994208  -  ResidentSetSize of job (KB)
...
006 (5770884.048.000) 07/22 12:07:00 Image size of job updated: 996468
	974  -  MemoryUsage of job (MB)
	996468  -  ResidentSetSize of job (KB)
...
006 (5770884.048.000) 07/22 12:12:01 Image size of job updated: 998008
	975  -  MemoryUsage of job (MB)
	998008  -  ResidentSetSize of job (KB)
...
006 (5770884.048.000) 07/22 12:17:01 Image size of job updated: 1010856
	988  -  MemoryUsage of job (MB)
	1010856  -  ResidentSetSize of job (KB)
...
006 (5770884.048.000) 07/22 12:27:02 Image size of job updated: 1010876
	988  -  MemoryUsage of job (MB)
	1010876  -  ResidentSetSize of job (KB)
...
006 (5770884.048.000) 07/22 12:37:03 Image size of job updated: 1011456
	988  -  MemoryUsage of job (MB)
	1011456  -  ResidentSetSize of job (KB)
...
006 (5770884.048.000) 07/22 12:52:05 Image size of job updated: 1020168
	997  -  MemoryUsage of job (MB)
	1020168  -  ResidentSetSize of job (KB)
...
006 (5770884.048.000) 07/22 12:57:05 Image size of job updated: 1020752
	997  -  MemoryUsage of job (MB)
	1020752  -  ResidentSetSize of job (KB)
...
040 (5770884.048.000) 07/22 13:15:23 Started transferring output files
...
040 (5770884.048.000) 07/22 13:15:23 Finished transferring output files
...
005 (5770884.048.000) 07/22 13:15:23 Job terminated.
	(1) Normal termination (return value 0)
		Usr 0 01:13:19, Sys 0 00:01:09  -  Run Remote Usage
		Usr 0 00:00:00, Sys 0 00:00:00  -  Run Local Usage
		Usr 0 01:13:19, Sys 0 00:01:09  -  Total Remote Usage
		Usr 0 00:00:00, Sys 0 00:00:00  -  Total Local Usage
	496104  -  Run Bytes Sent By Job
	1666  -  Run Bytes Received By Job
	496104  -  Total Bytes Sent By Job
	1666  -  Total Bytes Received By Job
	Partitionable Resources :    Usage  Request Allocated 
	   Cpus                 :     0.99        1         1 
	   Disk (KB)            :   509           2      3772 
	   GPUs                 :                           0 
	   Memory (MB)          :   997        3000      3000 

	Job terminated of its own accord at 2025-07-22T11:15:23Z with exit-code 0.
...
