000 (5770884.191.000) 07/22 11:51:17 Job submitted from host: <188.185.125.71:9618?addrs=188.185.125.71-9618+[2001-1458-d00-4a--100-15e]-9618&alias=bigbird28.cern.ch&noUDP&sock=schedd_2239_58a3>
...
040 (5770884.191.000) 07/22 11:52:36 Started transferring input files
	Transferring to host: <188.185.193.44:9618?addrs=188.185.193.44-9618+[2001-1458-303-20--100-28]-9618&alias=b9p19p6395.cern.ch&noUDP&sock=slot1_34_4470_44ef_36979>
...
040 (5770884.191.000) 07/22 11:52:36 Finished transferring input files
...
001 (5770884.191.000) 07/22 11:52:37 Job executing on host: <188.185.193.44:9618?addrs=188.185.193.44-9618+[2001-1458-303-20--100-28]-9618&alias=b9p19p6395.cern.ch&noUDP&sock=startd_3812_4b1c>
	SlotName: slot1_34@b9p19p6395.cern.ch
	CondorScratchDir = "/pool/condor/dir_4077733"
	Cpus = 1
	Disk = 3846
	GPUs = 0
	Memory = 3000
...
006 (5770884.191.000) 07/22 11:52:50 Image size of job updated: 13172
	13  -  MemoryUsage of job (MB)
	13172  -  ResidentSetSize of job (KB)
...
006 (5770884.191.000) 07/22 11:57:50 Image size of job updated: 179896
	176  -  MemoryUsage of job (MB)
	179896  -  ResidentSetSize of job (KB)
...
006 (5770884.191.000) 07/22 12:02:51 Image size of job updated: 498804
	425  -  MemoryUsage of job (MB)
	434312  -  ResidentSetSize of job (KB)
...
006 (5770884.191.000) 07/22 12:07:52 Image size of job updated: 806440
	615  -  MemoryUsage of job (MB)
	629164  -  ResidentSetSize of job (KB)
...
006 (5770884.191.000) 07/22 12:12:52 Image size of job updated: 1002932
	965  -  MemoryUsage of job (MB)
	987152  -  ResidentSetSize of job (KB)
...
006 (5770884.191.000) 07/22 12:17:53 Image size of job updated: 1036324
	1013  -  MemoryUsage of job (MB)
	1036324  -  ResidentSetSize of job (KB)
...
006 (5770884.191.000) 07/22 12:22:53 Image size of job updated: 1043120
	1016  -  MemoryUsage of job (MB)
	1040184  -  ResidentSetSize of job (KB)
...
006 (5770884.191.000) 07/22 12:27:54 Image size of job updated: 1052600
	1016  -  MemoryUsage of job (MB)
	1040184  -  ResidentSetSize of job (KB)
...
006 (5770884.191.000) 07/22 12:32:55 Image size of job updated: 1055648
	1028  -  MemoryUsage of job (MB)
	1052068  -  ResidentSetSize of job (KB)
...
006 (5770884.191.000) 07/22 12:42:56 Image size of job updated: 1058588
	1028  -  MemoryUsage of job (MB)
	1052068  -  ResidentSetSize of job (KB)
...
006 (5770884.191.000) 07/22 12:52:57 Image size of job updated: 1058940
	1028  -  MemoryUsage of job (MB)
	1052332  -  ResidentSetSize of job (KB)
...
006 (5770884.191.000) 07/22 12:57:58 Image size of job updated: 1068352
	1029  -  MemoryUsage of job (MB)
	1053260  -  ResidentSetSize of job (KB)
...
006 (5770884.191.000) 07/22 13:02:59 Image size of job updated: 1069784
	1034  -  MemoryUsage of job (MB)
	1058508  -  ResidentSetSize of job (KB)
...
006 (5770884.191.000) 07/22 13:13:00 Image size of job updated: 1069784
	1037  -  MemoryUsage of job (MB)
	1061748  -  ResidentSetSize of job (KB)
...
006 (5770884.191.000) 07/22 13:23:01 Image size of job updated: 1070092
	1037  -  MemoryUsage of job (MB)
	1061748  -  ResidentSetSize of job (KB)
...
006 (5770884.191.000) 07/22 13:28:02 Image size of job updated: 1070092
	1042  -  MemoryUsage of job (MB)
	1066012  -  ResidentSetSize of job (KB)
...
006 (5770884.191.000) 07/22 13:33:02 Image size of job updated: 1070148
	1042  -  MemoryUsage of job (MB)
	1066012  -  ResidentSetSize of job (KB)
...
006 (5770884.191.000) 07/22 13:48:03 Image size of job updated: 1072716
	1048  -  MemoryUsage of job (MB)
	1072716  -  ResidentSetSize of job (KB)
...
006 (5770884.191.000) 07/22 13:53:03 Image size of job updated: 1075332
	1051  -  MemoryUsage of job (MB)
	1075332  -  ResidentSetSize of job (KB)
...
006 (5770884.191.000) 07/22 13:58:04 Image size of job updated: 1075756
	1051  -  MemoryUsage of job (MB)
	1075756  -  ResidentSetSize of job (KB)
...
006 (5770884.191.000) 07/22 14:03:04 Image size of job updated: 1077424
	1053  -  MemoryUsage of job (MB)
	1077424  -  ResidentSetSize of job (KB)
...
006 (5770884.191.000) 07/22 14:08:05 Image size of job updated: 1077916
	1053  -  MemoryUsage of job (MB)
	1077916  -  ResidentSetSize of job (KB)
...
006 (5770884.191.000) 07/22 14:13:06 Image size of job updated: 1077920
	1053  -  MemoryUsage of job (MB)
	1077920  -  ResidentSetSize of job (KB)
...
006 (5770884.191.000) 07/22 14:18:06 Image size of job updated: 1078068
	1053  -  MemoryUsage of job (MB)
	1078068  -  ResidentSetSize of job (KB)
...
006 (5770884.191.000) 07/22 14:23:07 Image size of job updated: 1078908
	1053  -  MemoryUsage of job (MB)
	1078068  -  ResidentSetSize of job (KB)
...
006 (5770884.191.000) 07/22 14:38:08 Image size of job updated: 1078908
	1054  -  MemoryUsage of job (MB)
	1078376  -  ResidentSetSize of job (KB)
...
006 (5770884.191.000) 07/22 14:43:08 Image size of job updated: 1080844
	1054  -  MemoryUsage of job (MB)
	1078376  -  ResidentSetSize of job (KB)
...
006 (5770884.191.000) 07/22 14:53:10 Image size of job updated: 1086280
	1054  -  MemoryUsage of job (MB)
	1078376  -  ResidentSetSize of job (KB)
...
006 (5770884.191.000) 07/22 14:58:10 Image size of job updated: 1086748
	1054  -  MemoryUsage of job (MB)
	1078376  -  ResidentSetSize of job (KB)
...
040 (5770884.191.000) 07/22 14:59:39 Started transferring output files
...
040 (5770884.191.000) 07/22 14:59:39 Finished transferring output files
...
005 (5770884.191.000) 07/22 14:59:39 Job terminated.
	(1) Normal termination (return value 0)
		Usr 0 02:07:34, Sys 0 00:02:17  -  Run Remote Usage
		Usr 0 00:00:00, Sys 0 00:00:00  -  Run Local Usage
		Usr 0 02:07:34, Sys 0 00:02:17  -  Total Remote Usage
		Usr 0 00:00:00, Sys 0 00:00:00  -  Total Local Usage
	1120086  -  Run Bytes Sent By Job
	1666  -  Run Bytes Received By Job
	1120086  -  Total Bytes Sent By Job
	1666  -  Total Bytes Received By Job
	Partitionable Resources :    Usage  Request Allocated 
	   Cpus                 :     0.87        1         1 
	   Disk (KB)            :  1118           2      3846 
	   GPUs                 :                           0 
	   Memory (MB)          :  1054        3000      3000 

	Job terminated of its own accord at 2025-07-22T12:59:39Z with exit-code 0.
...
