000 (5770884.232.000) 07/22 11:51:17 Job submitted from host: <188.185.125.71:9618?addrs=188.185.125.71-9618+[2001-1458-d00-4a--100-15e]-9618&alias=bigbird28.cern.ch&noUDP&sock=schedd_2239_58a3>
...
040 (5770884.232.000) 07/22 11:52:53 Started transferring input files
	Transferring to host: <188.185.193.56:9618?addrs=188.185.193.56-9618+[2001-1458-303-20--100-34]-9618&alias=b9p19p1908.cern.ch&noUDP&sock=slot1_25_4949_c4a2_38042>
...
040 (5770884.232.000) 07/22 11:52:53 Finished transferring input files
...
001 (5770884.232.000) 07/22 11:52:54 Job executing on host: <188.185.193.56:9618?addrs=188.185.193.56-9618+[2001-1458-303-20--100-34]-9618&alias=b9p19p1908.cern.ch&noUDP&sock=startd_4252_18c8>
	SlotName: slot1_25@b9p19p1908.cern.ch
	CondorScratchDir = "/pool/condor/dir_1224779"
	Cpus = 1
	Disk = 3779
	GPUs = 0
	Memory = 3000
...
006 (5770884.232.000) 07/22 11:53:08 Image size of job updated: 9296
	10  -  MemoryUsage of job (MB)
	9296  -  ResidentSetSize of job (KB)
...
006 (5770884.232.000) 07/22 11:58:09 Image size of job updated: 178216
	175  -  MemoryUsage of job (MB)
	178216  -  ResidentSetSize of job (KB)
...
006 (5770884.232.000) 07/22 12:03:10 Image size of job updated: 466464
	397  -  MemoryUsage of job (MB)
	406328  -  ResidentSetSize of job (KB)
...
006 (5770884.232.000) 07/22 12:08:10 Image size of job updated: 974128
	952  -  MemoryUsage of job (MB)
	974128  -  ResidentSetSize of job (KB)
...
006 (5770884.232.000) 07/22 12:13:11 Image size of job updated: 975720
	952  -  MemoryUsage of job (MB)
	974128  -  ResidentSetSize of job (KB)
...
006 (5770884.232.000) 07/22 12:18:11 Image size of job updated: 1001868
	971  -  MemoryUsage of job (MB)
	993372  -  ResidentSetSize of job (KB)
...
006 (5770884.232.000) 07/22 12:23:11 Image size of job updated: 1007344
	971  -  MemoryUsage of job (MB)
	993388  -  ResidentSetSize of job (KB)
...
006 (5770884.232.000) 07/22 12:28:12 Image size of job updated: 1051172
	1026  -  MemoryUsage of job (MB)
	1050460  -  ResidentSetSize of job (KB)
...
006 (5770884.232.000) 07/22 12:33:12 Image size of job updated: 1059708
	1026  -  MemoryUsage of job (MB)
	1050460  -  ResidentSetSize of job (KB)
...
006 (5770884.232.000) 07/22 12:38:12 Image size of job updated: 1065248
	1041  -  MemoryUsage of job (MB)
	1065248  -  ResidentSetSize of job (KB)
...
006 (5770884.232.000) 07/22 12:43:13 Image size of job updated: 1081184
	1047  -  MemoryUsage of job (MB)
	1071644  -  ResidentSetSize of job (KB)
...
006 (5770884.232.000) 07/22 12:48:13 Image size of job updated: 1081184
	1053  -  MemoryUsage of job (MB)
	1077408  -  ResidentSetSize of job (KB)
...
006 (5770884.232.000) 07/22 12:53:13 Image size of job updated: 1081184
	1053  -  MemoryUsage of job (MB)
	1077496  -  ResidentSetSize of job (KB)
...
006 (5770884.232.000) 07/22 12:58:14 Image size of job updated: 1081184
	1053  -  MemoryUsage of job (MB)
	1077508  -  ResidentSetSize of job (KB)
...
006 (5770884.232.000) 07/22 13:03:14 Image size of job updated: 1081184
	1053  -  MemoryUsage of job (MB)
	1077512  -  ResidentSetSize of job (KB)
...
006 (5770884.232.000) 07/22 13:08:14 Image size of job updated: 1086552
	1062  -  MemoryUsage of job (MB)
	1086552  -  ResidentSetSize of job (KB)
...
006 (5770884.232.000) 07/22 13:13:15 Image size of job updated: 1086620
	1062  -  MemoryUsage of job (MB)
	1086552  -  ResidentSetSize of job (KB)
...
006 (5770884.232.000) 07/22 13:43:17 Image size of job updated: 1086724
	1062  -  MemoryUsage of job (MB)
	1086724  -  ResidentSetSize of job (KB)
...
006 (5770884.232.000) 07/22 14:08:18 Image size of job updated: 1096336
	1062  -  MemoryUsage of job (MB)
	1086724  -  ResidentSetSize of job (KB)
...
006 (5770884.232.000) 07/22 14:13:19 Image size of job updated: 1097900
	1062  -  MemoryUsage of job (MB)
	1086724  -  ResidentSetSize of job (KB)
...
006 (5770884.232.000) 07/22 14:18:19 Image size of job updated: 1098172
	1062  -  MemoryUsage of job (MB)
	1086724  -  ResidentSetSize of job (KB)
...
006 (5770884.232.000) 07/22 14:23:19 Image size of job updated: 1098376
	1062  -  MemoryUsage of job (MB)
	1086724  -  ResidentSetSize of job (KB)
...
040 (5770884.232.000) 07/22 14:24:39 Started transferring output files
...
040 (5770884.232.000) 07/22 14:24:39 Finished transferring output files
...
005 (5770884.232.000) 07/22 14:24:39 Job terminated.
	(1) Normal termination (return value 0)
		Usr 0 01:57:19, Sys 0 00:02:13  -  Run Remote Usage
		Usr 0 00:00:00, Sys 0 00:00:00  -  Run Local Usage
		Usr 0 01:57:19, Sys 0 00:02:13  -  Total Remote Usage
		Usr 0 00:00:00, Sys 0 00:00:00  -  Total Local Usage
	899714  -  Run Bytes Sent By Job
	1666  -  Run Bytes Received By Job
	899714  -  Total Bytes Sent By Job
	1666  -  Total Bytes Received By Job
	Partitionable Resources :    Usage  Request Allocated 
	   Cpus                 :     0.76        1         1 
	   Disk (KB)            :   903           2      3779 
	   GPUs                 :                           0 
	   Memory (MB)          :  1062        3000      3000 

	Job terminated of its own accord at 2025-07-22T12:24:39Z with exit-code 0.
...
