000 (5770884.204.000) 07/22 11:51:17 Job submitted from host: <188.185.125.71:9618?addrs=188.185.125.71-9618+[2001-1458-d00-4a--100-15e]-9618&alias=bigbird28.cern.ch&noUDP&sock=schedd_2239_58a3>
...
040 (5770884.204.000) 07/22 11:52:41 Started transferring input files
	Transferring to host: <128.142.248.70:9618?addrs=128.142.248.70-9618+[2001-1458-301-73--100-136]-9618&alias=b9g23p6133.cern.ch&noUDP&sock=slot1_32_2022611_2c62_37549>
...
040 (5770884.204.000) 07/22 11:52:41 Finished transferring input files
...
001 (5770884.204.000) 07/22 11:52:42 Job executing on host: <128.142.248.70:9618?addrs=128.142.248.70-9618+[2001-1458-301-73--100-136]-9618&alias=b9g23p6133.cern.ch&noUDP&sock=startd_2022537_bbaa>
	SlotName: slot1_32@b9g23p6133.cern.ch
	CondorScratchDir = "/pool/condor/dir_4078623"
	Cpus = 1
	Disk = 3881
	GPUs = 0
	Memory = 3000
...
006 (5770884.204.000) 07/22 11:52:55 Image size of job updated: 9384
	10  -  MemoryUsage of job (MB)
	9384  -  ResidentSetSize of job (KB)
...
006 (5770884.204.000) 07/22 11:57:55 Image size of job updated: 179688
	176  -  MemoryUsage of job (MB)
	179688  -  ResidentSetSize of job (KB)
...
006 (5770884.204.000) 07/22 12:02:56 Image size of job updated: 469624
	399  -  MemoryUsage of job (MB)
	407564  -  ResidentSetSize of job (KB)
...
006 (5770884.204.000) 07/22 12:07:56 Image size of job updated: 820092
	773  -  MemoryUsage of job (MB)
	790948  -  ResidentSetSize of job (KB)
...
006 (5770884.204.000) 07/22 12:12:57 Image size of job updated: 1034276
	969  -  MemoryUsage of job (MB)
	991856  -  ResidentSetSize of job (KB)
...
006 (5770884.204.000) 07/22 12:17:58 Image size of job updated: 1039060
	1003  -  MemoryUsage of job (MB)
	1027008  -  ResidentSetSize of job (KB)
...
006 (5770884.204.000) 07/22 12:22:58 Image size of job updated: 1057764
	1003  -  MemoryUsage of job (MB)
	1027008  -  ResidentSetSize of job (KB)
...
006 (5770884.204.000) 07/22 12:27:59 Image size of job updated: 1057764
	1006  -  MemoryUsage of job (MB)
	1029440  -  ResidentSetSize of job (KB)
...
006 (5770884.204.000) 07/22 12:32:59 Image size of job updated: 1068492
	1036  -  MemoryUsage of job (MB)
	1060228  -  ResidentSetSize of job (KB)
...
006 (5770884.204.000) 07/22 12:37:59 Image size of job updated: 1071384
	1036  -  MemoryUsage of job (MB)
	1060228  -  ResidentSetSize of job (KB)
...
006 (5770884.204.000) 07/22 12:43:00 Image size of job updated: 1086816
	1036  -  MemoryUsage of job (MB)
	1060228  -  ResidentSetSize of job (KB)
...
006 (5770884.204.000) 07/22 12:48:00 Image size of job updated: 1087400
	1036  -  MemoryUsage of job (MB)
	1060228  -  ResidentSetSize of job (KB)
...
006 (5770884.204.000) 07/22 12:53:00 Image size of job updated: 1087400
	1040  -  MemoryUsage of job (MB)
	1064900  -  ResidentSetSize of job (KB)
...
006 (5770884.204.000) 07/22 12:58:01 Image size of job updated: 1087400
	1045  -  MemoryUsage of job (MB)
	1069576  -  ResidentSetSize of job (KB)
...
006 (5770884.204.000) 07/22 13:03:01 Image size of job updated: 1087400
	1046  -  MemoryUsage of job (MB)
	1070364  -  ResidentSetSize of job (KB)
...
006 (5770884.204.000) 07/22 13:18:03 Image size of job updated: 1089996
	1046  -  MemoryUsage of job (MB)
	1070364  -  ResidentSetSize of job (KB)
...
006 (5770884.204.000) 07/22 13:23:04 Image size of job updated: 1090868
	1046  -  MemoryUsage of job (MB)
	1070364  -  ResidentSetSize of job (KB)
...
006 (5770884.204.000) 07/22 13:48:06 Image size of job updated: 1090868
	1061  -  MemoryUsage of job (MB)
	1086284  -  ResidentSetSize of job (KB)
...
006 (5770884.204.000) 07/22 13:53:07 Image size of job updated: 1090868
	1063  -  MemoryUsage of job (MB)
	1087628  -  ResidentSetSize of job (KB)
...
006 (5770884.204.000) 07/22 14:03:08 Image size of job updated: 1095004
	1063  -  MemoryUsage of job (MB)
	1087628  -  ResidentSetSize of job (KB)
...
006 (5770884.204.000) 07/22 14:08:09 Image size of job updated: 1095600
	1063  -  MemoryUsage of job (MB)
	1087628  -  ResidentSetSize of job (KB)
...
040 (5770884.204.000) 07/22 14:27:39 Started transferring output files
...
040 (5770884.204.000) 07/22 14:27:39 Finished transferring output files
...
005 (5770884.204.000) 07/22 14:27:39 Job terminated.
	(1) Normal termination (return value 0)
		Usr 0 02:04:30, Sys 0 00:01:57  -  Run Remote Usage
		Usr 0 00:00:00, Sys 0 00:00:00  -  Run Local Usage
		Usr 0 02:04:30, Sys 0 00:01:57  -  Total Remote Usage
		Usr 0 00:00:00, Sys 0 00:00:00  -  Total Local Usage
	916353  -  Run Bytes Sent By Job
	1666  -  Run Bytes Received By Job
	916353  -  Total Bytes Sent By Job
	1666  -  Total Bytes Received By Job
	Partitionable Resources :    Usage  Request Allocated 
	   Cpus                 :     0.82        1         1 
	   Disk (KB)            :   919           2      3881 
	   GPUs                 :                           0 
	   Memory (MB)          :  1063        3000      3000 

	Job terminated of its own accord at 2025-07-22T12:27:39Z with exit-code 0.
...
