000 (5770884.163.000) 07/22 11:51:17 Job submitted from host: <188.185.125.71:9618?addrs=188.185.125.71-9618+[2001-1458-d00-4a--100-15e]-9618&alias=bigbird28.cern.ch&noUDP&sock=schedd_2239_58a3>
...
040 (5770884.163.000) 07/22 11:52:27 Started transferring input files
	Transferring to host: <188.185.193.106:9618?addrs=188.185.193.106-9618+[2001-1458-303-20--100-66]-9618&alias=b9p19p0832.cern.ch&noUDP&sock=slot1_10_4253_5f86_36145>
...
040 (5770884.163.000) 07/22 11:52:27 Finished transferring input files
...
001 (5770884.163.000) 07/22 11:52:28 Job executing on host: <188.185.193.106:9618?addrs=188.185.193.106-9618+[2001-1458-303-20--100-66]-9618&alias=b9p19p0832.cern.ch&noUDP&sock=startd_3560_713f>
	SlotName: slot1_10@b9p19p0832.cern.ch
	CondorScratchDir = "/pool/condor/dir_802570"
	Cpus = 1
	Disk = 3770
	GPUs = 0
	Memory = 3000
...
006 (5770884.163.000) 07/22 11:52:41 Image size of job updated: 14784
	15  -  MemoryUsage of job (MB)
	14784  -  ResidentSetSize of job (KB)
...
006 (5770884.163.000) 07/22 11:57:41 Image size of job updated: 178920
	175  -  MemoryUsage of job (MB)
	178920  -  ResidentSetSize of job (KB)
...
006 (5770884.163.000) 07/22 12:02:42 Image size of job updated: 867536
	838  -  MemoryUsage of job (MB)
	857832  -  ResidentSetSize of job (KB)
...
006 (5770884.163.000) 07/22 12:07:42 Image size of job updated: 922840
	902  -  MemoryUsage of job (MB)
	922840  -  ResidentSetSize of job (KB)
...
006 (5770884.163.000) 07/22 12:12:42 Image size of job updated: 923900
	903  -  MemoryUsage of job (MB)
	923900  -  ResidentSetSize of job (KB)
...
006 (5770884.163.000) 07/22 12:17:43 Image size of job updated: 925168
	904  -  MemoryUsage of job (MB)
	925168  -  ResidentSetSize of job (KB)
...
006 (5770884.163.000) 07/22 12:22:43 Image size of job updated: 926432
	905  -  MemoryUsage of job (MB)
	926432  -  ResidentSetSize of job (KB)
...
006 (5770884.163.000) 07/22 12:27:44 Image size of job updated: 926464
	905  -  MemoryUsage of job (MB)
	926464  -  ResidentSetSize of job (KB)
...
006 (5770884.163.000) 07/22 12:32:45 Image size of job updated: 926488
	905  -  MemoryUsage of job (MB)
	926488  -  ResidentSetSize of job (KB)
...
006 (5770884.163.000) 07/22 12:37:45 Image size of job updated: 938944
	917  -  MemoryUsage of job (MB)
	938944  -  ResidentSetSize of job (KB)
...
006 (5770884.163.000) 07/22 12:42:46 Image size of job updated: 938956
	917  -  MemoryUsage of job (MB)
	938956  -  ResidentSetSize of job (KB)
...
006 (5770884.163.000) 07/22 12:47:47 Image size of job updated: 939140
	918  -  MemoryUsage of job (MB)
	939140  -  ResidentSetSize of job (KB)
...
006 (5770884.163.000) 07/22 12:52:47 Image size of job updated: 939148
	918  -  MemoryUsage of job (MB)
	939148  -  ResidentSetSize of job (KB)
...
006 (5770884.163.000) 07/22 13:02:49 Image size of job updated: 939168
	918  -  MemoryUsage of job (MB)
	939168  -  ResidentSetSize of job (KB)
...
006 (5770884.163.000) 07/22 13:12:50 Image size of job updated: 941772
	920  -  MemoryUsage of job (MB)
	941772  -  ResidentSetSize of job (KB)
...
006 (5770884.163.000) 07/22 13:22:51 Image size of job updated: 941776
	920  -  MemoryUsage of job (MB)
	941776  -  ResidentSetSize of job (KB)
...
040 (5770884.163.000) 07/22 13:24:45 Started transferring output files
...
040 (5770884.163.000) 07/22 13:24:45 Finished transferring output files
...
005 (5770884.163.000) 07/22 13:24:45 Job terminated.
	(1) Normal termination (return value 0)
		Usr 0 01:19:26, Sys 0 00:01:42  -  Run Remote Usage
		Usr 0 00:00:00, Sys 0 00:00:00  -  Run Local Usage
		Usr 0 01:19:26, Sys 0 00:01:42  -  Total Remote Usage
		Usr 0 00:00:00, Sys 0 00:00:00  -  Total Local Usage
	540050  -  Run Bytes Sent By Job
	1666  -  Run Bytes Received By Job
	540050  -  Total Bytes Sent By Job
	1666  -  Total Bytes Received By Job
	Partitionable Resources :    Usage  Request Allocated 
	   Cpus                 :     0.99        1         1 
	   Disk (KB)            :   551           2      3770 
	   GPUs                 :                           0 
	   Memory (MB)          :   920        3000      3000 

	Job terminated of its own accord at 2025-07-22T11:24:45Z with exit-code 0.
...
