000 (5770884.028.000) 07/22 11:51:17 Job submitted from host: <188.185.125.71:9618?addrs=188.185.125.71-9618+[2001-1458-d00-4a--100-15e]-9618&alias=bigbird28.cern.ch&noUDP&sock=schedd_2239_58a3>
...
040 (5770884.028.000) 07/22 11:51:41 Started transferring input files
	Transferring to host: <128.142.33.20:9618?addrs=128.142.33.20-9618+[2001-1458-301-53--100-11]-9618&alias=b9g34p2113.cern.ch&noUDP&sock=slot1_7_3726705_8e52_66371>
...
040 (5770884.028.000) 07/22 11:51:41 Finished transferring input files
...
001 (5770884.028.000) 07/22 11:51:42 Job executing on host: <128.142.33.20:9618?addrs=128.142.33.20-9618+[2001-1458-301-53--100-11]-9618&alias=b9g34p2113.cern.ch&noUDP&sock=startd_5419_8fce>
	SlotName: slot1_7@b9g34p2113.cern.ch
	CondorScratchDir = "/pool/condor/dir_3547116"
	Cpus = 1
	Disk = 3851
	GPUs = 0
	Memory = 3000
...
006 (5770884.028.000) 07/22 11:51:51 Image size of job updated: 450596
	441  -  MemoryUsage of job (MB)
	450596  -  ResidentSetSize of job (KB)
...
006 (5770884.028.000) 07/22 11:56:52 Image size of job updated: 895948
	875  -  MemoryUsage of job (MB)
	895948  -  ResidentSetSize of job (KB)
...
006 (5770884.028.000) 07/22 12:01:53 Image size of job updated: 1370472
	1339  -  MemoryUsage of job (MB)
	1370472  -  ResidentSetSize of job (KB)
...
006 (5770884.028.000) 07/22 12:06:53 Image size of job updated: 1371292
	1340  -  MemoryUsage of job (MB)
	1371292  -  ResidentSetSize of job (KB)
...
006 (5770884.028.000) 07/22 12:11:54 Image size of job updated: 1376340
	1345  -  MemoryUsage of job (MB)
	1376340  -  ResidentSetSize of job (KB)
...
006 (5770884.028.000) 07/22 12:16:55 Image size of job updated: 1376384
	1345  -  MemoryUsage of job (MB)
	1376384  -  ResidentSetSize of job (KB)
...
006 (5770884.028.000) 07/22 12:21:55 Image size of job updated: 1376432
	1345  -  MemoryUsage of job (MB)
	1376432  -  ResidentSetSize of job (KB)
...
006 (5770884.028.000) 07/22 12:26:55 Image size of job updated: 1390788
	1359  -  MemoryUsage of job (MB)
	1390788  -  ResidentSetSize of job (KB)
...
006 (5770884.028.000) 07/22 12:31:56 Image size of job updated: 1390864
	1359  -  MemoryUsage of job (MB)
	1390864  -  ResidentSetSize of job (KB)
...
006 (5770884.028.000) 07/22 12:36:56 Image size of job updated: 1390972
	1359  -  MemoryUsage of job (MB)
	1390972  -  ResidentSetSize of job (KB)
...
006 (5770884.028.000) 07/22 12:41:56 Image size of job updated: 1391008
	1359  -  MemoryUsage of job (MB)
	1391008  -  ResidentSetSize of job (KB)
...
006 (5770884.028.000) 07/22 12:46:57 Image size of job updated: 1391036
	1359  -  MemoryUsage of job (MB)
	1391036  -  ResidentSetSize of job (KB)
...
006 (5770884.028.000) 07/22 12:51:58 Image size of job updated: 1391116
	1359  -  MemoryUsage of job (MB)
	1391116  -  ResidentSetSize of job (KB)
...
006 (5770884.028.000) 07/22 12:56:58 Image size of job updated: 1407260
	1375  -  MemoryUsage of job (MB)
	1407260  -  ResidentSetSize of job (KB)
...
006 (5770884.028.000) 07/22 13:07:00 Image size of job updated: 1407604
	1375  -  MemoryUsage of job (MB)
	1407604  -  ResidentSetSize of job (KB)
...
040 (5770884.028.000) 07/22 13:54:38 Started transferring output files
...
040 (5770884.028.000) 07/22 13:54:38 Finished transferring output files
...
005 (5770884.028.000) 07/22 13:54:38 Job terminated.
	(1) Normal termination (return value 0)
		Usr 0 01:47:10, Sys 0 00:01:31  -  Run Remote Usage
		Usr 0 00:00:00, Sys 0 00:00:00  -  Run Local Usage
		Usr 0 01:47:10, Sys 0 00:01:31  -  Total Remote Usage
		Usr 0 00:00:00, Sys 0 00:00:00  -  Total Local Usage
	755334  -  Run Bytes Sent By Job
	1666  -  Run Bytes Received By Job
	755334  -  Total Bytes Sent By Job
	1666  -  Total Bytes Received By Job
	Partitionable Resources :    Usage  Request Allocated 
	   Cpus                 :     0.95        1         1 
	   Disk (KB)            :   762           2      3851 
	   GPUs                 :                           0 
	   Memory (MB)          :  1375        3000      3000 

	Job terminated of its own accord at 2025-07-22T11:54:38Z with exit-code 0.
...
