000 (5770884.083.000) 07/22 11:51:17 Job submitted from host: <188.185.125.71:9618?addrs=188.185.125.71-9618+[2001-1458-d00-4a--100-15e]-9618&alias=bigbird28.cern.ch&noUDP&sock=schedd_2239_58a3>
...
040 (5770884.083.000) 07/22 11:52:00 Started transferring input files
	Transferring to host: <188.185.192.35:9618?addrs=188.185.192.35-9618+[2001-1458-303-1f--100-1f]-9618&alias=b9p13p2801.cern.ch&noUDP&sock=slot1_28_8718_5e9c_54078>
...
040 (5770884.083.000) 07/22 11:52:00 Finished transferring input files
...
001 (5770884.083.000) 07/22 11:52:01 Job executing on host: <188.185.192.35:9618?addrs=188.185.192.35-9618+[2001-1458-303-1f--100-1f]-9618&alias=b9p13p2801.cern.ch&noUDP&sock=startd_8235_1a80>
	SlotName: slot1_28@b9p13p2801.cern.ch
	CondorScratchDir = "/pool/condor/dir_1701877"
	Cpus = 1
	Disk = 3973
	GPUs = 0
	Memory = 3000
...
006 (5770884.083.000) 07/22 11:52:15 Image size of job updated: 16884
	17  -  MemoryUsage of job (MB)
	16884  -  ResidentSetSize of job (KB)
...
006 (5770884.083.000) 07/22 11:57:16 Image size of job updated: 183216
	179  -  MemoryUsage of job (MB)
	183216  -  ResidentSetSize of job (KB)
...
006 (5770884.083.000) 07/22 12:02:17 Image size of job updated: 505396
	399  -  MemoryUsage of job (MB)
	407572  -  ResidentSetSize of job (KB)
...
006 (5770884.083.000) 07/22 12:07:17 Image size of job updated: 1019324
	996  -  MemoryUsage of job (MB)
	1019324  -  ResidentSetSize of job (KB)
...
006 (5770884.083.000) 07/22 12:12:19 Image size of job updated: 1058268
	1029  -  MemoryUsage of job (MB)
	1052896  -  ResidentSetSize of job (KB)
...
006 (5770884.083.000) 07/22 12:17:19 Image size of job updated: 1058856
	1029  -  MemoryUsage of job (MB)
	1052896  -  ResidentSetSize of job (KB)
...
006 (5770884.083.000) 07/22 12:22:19 Image size of job updated: 1063060
	1039  -  MemoryUsage of job (MB)
	1063060  -  ResidentSetSize of job (KB)
...
006 (5770884.083.000) 07/22 12:27:20 Image size of job updated: 1069480
	1039  -  MemoryUsage of job (MB)
	1063060  -  ResidentSetSize of job (KB)
...
006 (5770884.083.000) 07/22 12:32:20 Image size of job updated: 1076168
	1039  -  MemoryUsage of job (MB)
	1063060  -  ResidentSetSize of job (KB)
...
006 (5770884.083.000) 07/22 12:37:20 Image size of job updated: 1076168
	1049  -  MemoryUsage of job (MB)
	1073976  -  ResidentSetSize of job (KB)
...
006 (5770884.083.000) 07/22 13:32:24 Image size of job updated: 1087768
	1049  -  MemoryUsage of job (MB)
	1073976  -  ResidentSetSize of job (KB)
...
006 (5770884.083.000) 07/22 14:02:27 Image size of job updated: 1089328
	1049  -  MemoryUsage of job (MB)
	1073976  -  ResidentSetSize of job (KB)
...
006 (5770884.083.000) 07/22 14:06:53 Image size of job updated: 1089644
	1049  -  MemoryUsage of job (MB)
	1073976  -  ResidentSetSize of job (KB)
...
040 (5770884.083.000) 07/22 14:06:53 Started transferring output files
...
040 (5770884.083.000) 07/22 14:06:53 Finished transferring output files
...
005 (5770884.083.000) 07/22 14:06:53 Job terminated.
	(1) Normal termination (return value 0)
		Usr 0 01:57:34, Sys 0 00:01:52  -  Run Remote Usage
		Usr 0 00:00:00, Sys 0 00:00:00  -  Run Local Usage
		Usr 0 01:57:34, Sys 0 00:01:52  -  Total Remote Usage
		Usr 0 00:00:00, Sys 0 00:00:00  -  Total Local Usage
	789303  -  Run Bytes Sent By Job
	1666  -  Run Bytes Received By Job
	789303  -  Total Bytes Sent By Job
	1666  -  Total Bytes Received By Job
	Partitionable Resources :    Usage  Request Allocated 
	   Cpus                 :     0.97        1         1 
	   Disk (KB)            :   795           2      3973 
	   GPUs                 :                           0 
	   Memory (MB)          :  1049        3000      3000 

	Job terminated of its own accord at 2025-07-22T12:06:53Z with exit-code 0.
...
