000 (5770884.115.000) 07/22 11:51:17 Job submitted from host: <188.185.125.71:9618?addrs=188.185.125.71-9618+[2001-1458-d00-4a--100-15e]-9618&alias=bigbird28.cern.ch&noUDP&sock=schedd_2239_58a3>
...
040 (5770884.115.000) 07/22 11:52:12 Started transferring input files
	Transferring to host: <188.185.193.74:9618?addrs=188.185.193.74-9618+[2001-1458-303-20--100-46]-9618&alias=b9p19p8680.cern.ch&noUDP&sock=slot1_31_2422945_b139_31311>
...
040 (5770884.115.000) 07/22 11:52:12 Finished transferring input files
...
001 (5770884.115.000) 07/22 11:52:13 Job executing on host: <188.185.193.74:9618?addrs=188.185.193.74-9618+[2001-1458-303-20--100-46]-9618&alias=b9p19p8680.cern.ch&noUDP&sock=startd_7747_6048>
	SlotName: slot1_31@b9p19p8680.cern.ch
	CondorScratchDir = "/pool/condor/dir_2986562"
	Cpus = 1
	Disk = 3663
	GPUs = 0
	Memory = 3000
...
006 (5770884.115.000) 07/22 11:52:27 Image size of job updated: 16848
	17  -  MemoryUsage of job (MB)
	16848  -  ResidentSetSize of job (KB)
...
006 (5770884.115.000) 07/22 11:57:28 Image size of job updated: 181256
	178  -  MemoryUsage of job (MB)
	181256  -  ResidentSetSize of job (KB)
...
006 (5770884.115.000) 07/22 12:02:28 Image size of job updated: 483268
	441  -  MemoryUsage of job (MB)
	450892  -  ResidentSetSize of job (KB)
...
006 (5770884.115.000) 07/22 12:07:28 Image size of job updated: 1017644
	887  -  MemoryUsage of job (MB)
	908056  -  ResidentSetSize of job (KB)
...
006 (5770884.115.000) 07/22 12:12:29 Image size of job updated: 1060800
	1028  -  MemoryUsage of job (MB)
	1051980  -  ResidentSetSize of job (KB)
...
006 (5770884.115.000) 07/22 12:17:29 Image size of job updated: 1062752
	1028  -  MemoryUsage of job (MB)
	1051980  -  ResidentSetSize of job (KB)
...
006 (5770884.115.000) 07/22 12:22:30 Image size of job updated: 1063532
	1036  -  MemoryUsage of job (MB)
	1060804  -  ResidentSetSize of job (KB)
...
006 (5770884.115.000) 07/22 12:27:31 Image size of job updated: 1064868
	1036  -  MemoryUsage of job (MB)
	1060804  -  ResidentSetSize of job (KB)
...
006 (5770884.115.000) 07/22 12:32:31 Image size of job updated: 1068168
	1036  -  MemoryUsage of job (MB)
	1060804  -  ResidentSetSize of job (KB)
...
006 (5770884.115.000) 07/22 12:37:32 Image size of job updated: 1069716
	1043  -  MemoryUsage of job (MB)
	1067756  -  ResidentSetSize of job (KB)
...
006 (5770884.115.000) 07/22 12:47:33 Image size of job updated: 1069796
	1043  -  MemoryUsage of job (MB)
	1067756  -  ResidentSetSize of job (KB)
...
006 (5770884.115.000) 07/22 12:52:34 Image size of job updated: 1074344
	1046  -  MemoryUsage of job (MB)
	1071008  -  ResidentSetSize of job (KB)
...
006 (5770884.115.000) 07/22 12:57:34 Image size of job updated: 1080240
	1046  -  MemoryUsage of job (MB)
	1071008  -  ResidentSetSize of job (KB)
...
006 (5770884.115.000) 07/22 13:02:34 Image size of job updated: 1080240
	1046  -  MemoryUsage of job (MB)
	1071040  -  ResidentSetSize of job (KB)
...
006 (5770884.115.000) 07/22 13:07:35 Image size of job updated: 1089676
	1055  -  MemoryUsage of job (MB)
	1080100  -  ResidentSetSize of job (KB)
...
006 (5770884.115.000) 07/22 13:12:35 Image size of job updated: 1089740
	1056  -  MemoryUsage of job (MB)
	1081312  -  ResidentSetSize of job (KB)
...
006 (5770884.115.000) 07/22 13:17:35 Image size of job updated: 1091196
	1056  -  MemoryUsage of job (MB)
	1081312  -  ResidentSetSize of job (KB)
...
006 (5770884.115.000) 07/22 13:27:36 Image size of job updated: 1095080
	1056  -  MemoryUsage of job (MB)
	1081312  -  ResidentSetSize of job (KB)
...
006 (5770884.115.000) 07/22 13:47:37 Image size of job updated: 1095080
	1058  -  MemoryUsage of job (MB)
	1083288  -  ResidentSetSize of job (KB)
...
040 (5770884.115.000) 07/22 13:53:38 Started transferring output files
...
040 (5770884.115.000) 07/22 13:53:38 Finished transferring output files
...
005 (5770884.115.000) 07/22 13:53:38 Job terminated.
	(1) Normal termination (return value 0)
		Usr 0 01:43:41, Sys 0 00:01:57  -  Run Remote Usage
		Usr 0 00:00:00, Sys 0 00:00:00  -  Run Local Usage
		Usr 0 01:43:41, Sys 0 00:01:57  -  Total Remote Usage
		Usr 0 00:00:00, Sys 0 00:00:00  -  Total Local Usage
	706944  -  Run Bytes Sent By Job
	1666  -  Run Bytes Received By Job
	706944  -  Total Bytes Sent By Job
	1666  -  Total Bytes Received By Job
	Partitionable Resources :    Usage  Request Allocated 
	   Cpus                 :     0.94        1         1 
	   Disk (KB)            :   714           2      3663 
	   GPUs                 :                           0 
	   Memory (MB)          :  1058        3000      3000 

	Job terminated of its own accord at 2025-07-22T11:53:38Z with exit-code 0.
...
