000 (5770884.116.000) 07/22 11:51:17 Job submitted from host: <188.185.125.71:9618?addrs=188.185.125.71-9618+[2001-1458-d00-4a--100-15e]-9618&alias=bigbird28.cern.ch&noUDP&sock=schedd_2239_58a3>
...
040 (5770884.116.000) 07/22 11:52:11 Started transferring input files
	Transferring to host: <188.185.193.188:9618?addrs=188.185.193.188-9618+[2001-1458-303-20--100-b8]-9618&alias=b9p19p2034.cern.ch&noUDP&sock=slot1_24_7529_9c8b_29791>
...
040 (5770884.116.000) 07/22 11:52:11 Finished transferring input files
...
001 (5770884.116.000) 07/22 11:52:12 Job executing on host: <188.185.193.188:9618?addrs=188.185.193.188-9618+[2001-1458-303-20--100-b8]-9618&alias=b9p19p2034.cern.ch&noUDP&sock=startd_6829_b457>
	SlotName: slot1_24@b9p19p2034.cern.ch
	CondorScratchDir = "/pool/condor/dir_4102856"
	Cpus = 1
	Disk = 3792
	GPUs = 0
	Memory = 3000
...
006 (5770884.116.000) 07/22 11:52:26 Image size of job updated: 17344
	17  -  MemoryUsage of job (MB)
	17344  -  ResidentSetSize of job (KB)
...
006 (5770884.116.000) 07/22 11:57:27 Image size of job updated: 181348
	178  -  MemoryUsage of job (MB)
	181348  -  ResidentSetSize of job (KB)
...
006 (5770884.116.000) 07/22 12:02:28 Image size of job updated: 525264
	408  -  MemoryUsage of job (MB)
	416820  -  ResidentSetSize of job (KB)
...
006 (5770884.116.000) 07/22 12:07:28 Image size of job updated: 944968
	825  -  MemoryUsage of job (MB)
	843924  -  ResidentSetSize of job (KB)
...
006 (5770884.116.000) 07/22 12:12:29 Image size of job updated: 980824
	924  -  MemoryUsage of job (MB)
	945296  -  ResidentSetSize of job (KB)
...
006 (5770884.116.000) 07/22 12:22:29 Image size of job updated: 980824
	939  -  MemoryUsage of job (MB)
	960568  -  ResidentSetSize of job (KB)
...
006 (5770884.116.000) 07/22 12:27:30 Image size of job updated: 997012
	939  -  MemoryUsage of job (MB)
	960568  -  ResidentSetSize of job (KB)
...
006 (5770884.116.000) 07/22 12:32:30 Image size of job updated: 1064472
	1040  -  MemoryUsage of job (MB)
	1064472  -  ResidentSetSize of job (KB)
...
006 (5770884.116.000) 07/22 12:37:30 Image size of job updated: 1083048
	1058  -  MemoryUsage of job (MB)
	1083048  -  ResidentSetSize of job (KB)
...
006 (5770884.116.000) 07/22 12:42:31 Image size of job updated: 1083052
	1058  -  MemoryUsage of job (MB)
	1083052  -  ResidentSetSize of job (KB)
...
006 (5770884.116.000) 07/22 12:47:31 Image size of job updated: 1083060
	1058  -  MemoryUsage of job (MB)
	1083060  -  ResidentSetSize of job (KB)
...
006 (5770884.116.000) 07/22 12:52:32 Image size of job updated: 1083068
	1058  -  MemoryUsage of job (MB)
	1083068  -  ResidentSetSize of job (KB)
...
006 (5770884.116.000) 07/22 12:57:33 Image size of job updated: 1083080
	1058  -  MemoryUsage of job (MB)
	1083080  -  ResidentSetSize of job (KB)
...
006 (5770884.116.000) 07/22 13:02:33 Image size of job updated: 1083092
	1058  -  MemoryUsage of job (MB)
	1083092  -  ResidentSetSize of job (KB)
...
006 (5770884.116.000) 07/22 13:07:34 Image size of job updated: 1083104
	1058  -  MemoryUsage of job (MB)
	1083104  -  ResidentSetSize of job (KB)
...
006 (5770884.116.000) 07/22 13:12:34 Image size of job updated: 1083120
	1058  -  MemoryUsage of job (MB)
	1083120  -  ResidentSetSize of job (KB)
...
006 (5770884.116.000) 07/22 13:22:35 Image size of job updated: 1085212
	1060  -  MemoryUsage of job (MB)
	1085212  -  ResidentSetSize of job (KB)
...
006 (5770884.116.000) 07/22 13:27:36 Image size of job updated: 1085272
	1060  -  MemoryUsage of job (MB)
	1085272  -  ResidentSetSize of job (KB)
...
006 (5770884.116.000) 07/22 13:37:37 Image size of job updated: 1085280
	1060  -  MemoryUsage of job (MB)
	1085280  -  ResidentSetSize of job (KB)
...
006 (5770884.116.000) 07/22 13:47:37 Image size of job updated: 1085292
	1060  -  MemoryUsage of job (MB)
	1085292  -  ResidentSetSize of job (KB)
...
006 (5770884.116.000) 07/22 13:57:38 Image size of job updated: 1093480
	1068  -  MemoryUsage of job (MB)
	1093480  -  ResidentSetSize of job (KB)
...
006 (5770884.116.000) 07/22 14:02:38 Image size of job updated: 1093648
	1068  -  MemoryUsage of job (MB)
	1093480  -  ResidentSetSize of job (KB)
...
040 (5770884.116.000) 07/22 14:02:53 Started transferring output files
...
040 (5770884.116.000) 07/22 14:02:53 Finished transferring output files
...
005 (5770884.116.000) 07/22 14:02:53 Job terminated.
	(1) Normal termination (return value 0)
		Usr 0 01:54:32, Sys 0 00:02:02  -  Run Remote Usage
		Usr 0 00:00:00, Sys 0 00:00:00  -  Run Local Usage
		Usr 0 01:54:32, Sys 0 00:02:02  -  Total Remote Usage
		Usr 0 00:00:00, Sys 0 00:00:00  -  Total Local Usage
	765350  -  Run Bytes Sent By Job
	1666  -  Run Bytes Received By Job
	765350  -  Total Bytes Sent By Job
	1666  -  Total Bytes Received By Job
	Partitionable Resources :    Usage  Request Allocated 
	   Cpus                 :     0.98        1         1 
	   Disk (KB)            :   771           2      3792 
	   GPUs                 :                           0 
	   Memory (MB)          :  1068        3000      3000 

	Job terminated of its own accord at 2025-07-22T12:02:53Z with exit-code 0.
...
