000 (5770884.020.000) 07/22 11:51:17 Job submitted from host: <188.185.125.71:9618?addrs=188.185.125.71-9618+[2001-1458-d00-4a--100-15e]-9618&alias=bigbird28.cern.ch&noUDP&sock=schedd_2239_58a3>
...
040 (5770884.020.000) 07/22 11:51:39 Started transferring input files
	Transferring to host: <128.142.33.18:9618?addrs=128.142.33.18-9618+[2001-1458-301-53--100-3f]-9618&alias=b9g34p6562.cern.ch&noUDP&sock=slot1_24_6690_75c9_57506>
...
040 (5770884.020.000) 07/22 11:51:39 Finished transferring input files
...
001 (5770884.020.000) 07/22 11:51:40 Job executing on host: <128.142.33.18:9618?addrs=128.142.33.18-9618+[2001-1458-301-53--100-3f]-9618&alias=b9g34p6562.cern.ch&noUDP&sock=startd_5945_5a9f>
	SlotName: slot1_24@b9g34p6562.cern.ch
	CondorScratchDir = "/pool/condor/dir_2275858"
	Cpus = 1
	Disk = 3803
	GPUs = 0
	Memory = 3000
...
006 (5770884.020.000) 07/22 11:51:54 Image size of job updated: 64280
	63  -  MemoryUsage of job (MB)
	64280  -  ResidentSetSize of job (KB)
...
006 (5770884.020.000) 07/22 11:56:55 Image size of job updated: 203944
	200  -  MemoryUsage of job (MB)
	203944  -  ResidentSetSize of job (KB)
...
006 (5770884.020.000) 07/22 12:01:56 Image size of job updated: 911540
	891  -  MemoryUsage of job (MB)
	911540  -  ResidentSetSize of job (KB)
...
006 (5770884.020.000) 07/22 12:06:56 Image size of job updated: 924444
	903  -  MemoryUsage of job (MB)
	924444  -  ResidentSetSize of job (KB)
...
006 (5770884.020.000) 07/22 12:11:57 Image size of job updated: 924528
	903  -  MemoryUsage of job (MB)
	924528  -  ResidentSetSize of job (KB)
...
006 (5770884.020.000) 07/22 12:16:58 Image size of job updated: 940684
	919  -  MemoryUsage of job (MB)
	940684  -  ResidentSetSize of job (KB)
...
006 (5770884.020.000) 07/22 12:21:58 Image size of job updated: 940896
	919  -  MemoryUsage of job (MB)
	940896  -  ResidentSetSize of job (KB)
...
006 (5770884.020.000) 07/22 12:26:58 Image size of job updated: 940940
	919  -  MemoryUsage of job (MB)
	940940  -  ResidentSetSize of job (KB)
...
006 (5770884.020.000) 07/22 12:31:59 Image size of job updated: 940964
	919  -  MemoryUsage of job (MB)
	940964  -  ResidentSetSize of job (KB)
...
006 (5770884.020.000) 07/22 12:36:59 Image size of job updated: 940980
	919  -  MemoryUsage of job (MB)
	940980  -  ResidentSetSize of job (KB)
...
006 (5770884.020.000) 07/22 12:41:59 Image size of job updated: 940984
	919  -  MemoryUsage of job (MB)
	940984  -  ResidentSetSize of job (KB)
...
006 (5770884.020.000) 07/22 12:47:00 Image size of job updated: 941004
	919  -  MemoryUsage of job (MB)
	941004  -  ResidentSetSize of job (KB)
...
006 (5770884.020.000) 07/22 12:52:00 Image size of job updated: 941016
	919  -  MemoryUsage of job (MB)
	941016  -  ResidentSetSize of job (KB)
...
006 (5770884.020.000) 07/22 12:57:00 Image size of job updated: 941024
	919  -  MemoryUsage of job (MB)
	941024  -  ResidentSetSize of job (KB)
...
006 (5770884.020.000) 07/22 13:02:01 Image size of job updated: 941032
	919  -  MemoryUsage of job (MB)
	941032  -  ResidentSetSize of job (KB)
...
006 (5770884.020.000) 07/22 13:07:02 Image size of job updated: 950504
	929  -  MemoryUsage of job (MB)
	950504  -  ResidentSetSize of job (KB)
...
006 (5770884.020.000) 07/22 13:12:02 Image size of job updated: 950556
	929  -  MemoryUsage of job (MB)
	950556  -  ResidentSetSize of job (KB)
...
006 (5770884.020.000) 07/22 13:17:03 Image size of job updated: 950560
	929  -  MemoryUsage of job (MB)
	950560  -  ResidentSetSize of job (KB)
...
006 (5770884.020.000) 07/22 13:27:04 Image size of job updated: 950576
	929  -  MemoryUsage of job (MB)
	950576  -  ResidentSetSize of job (KB)
...
006 (5770884.020.000) 07/22 13:32:05 Image size of job updated: 950580
	929  -  MemoryUsage of job (MB)
	950580  -  ResidentSetSize of job (KB)
...
006 (5770884.020.000) 07/22 13:37:06 Image size of job updated: 950584
	929  -  MemoryUsage of job (MB)
	950584  -  ResidentSetSize of job (KB)
...
006 (5770884.020.000) 07/22 13:42:06 Image size of job updated: 950596
	929  -  MemoryUsage of job (MB)
	950596  -  ResidentSetSize of job (KB)
...
006 (5770884.020.000) 07/22 13:47:06 Image size of job updated: 950604
	929  -  MemoryUsage of job (MB)
	950604  -  ResidentSetSize of job (KB)
...
006 (5770884.020.000) 07/22 13:52:07 Image size of job updated: 950608
	929  -  MemoryUsage of job (MB)
	950608  -  ResidentSetSize of job (KB)
...
006 (5770884.020.000) 07/22 13:57:07 Image size of job updated: 959220
	937  -  MemoryUsage of job (MB)
	959220  -  ResidentSetSize of job (KB)
...
006 (5770884.020.000) 07/22 14:02:07 Image size of job updated: 959296
	937  -  MemoryUsage of job (MB)
	959296  -  ResidentSetSize of job (KB)
...
006 (5770884.020.000) 07/22 14:07:08 Image size of job updated: 959300
	937  -  MemoryUsage of job (MB)
	959300  -  ResidentSetSize of job (KB)
...
040 (5770884.020.000) 07/22 14:09:55 Started transferring output files
...
040 (5770884.020.000) 07/22 14:09:55 Finished transferring output files
...
005 (5770884.020.000) 07/22 14:09:55 Job terminated.
	(1) Normal termination (return value 0)
		Usr 0 01:50:23, Sys 0 00:01:07  -  Run Remote Usage
		Usr 0 00:00:00, Sys 0 00:00:00  -  Run Local Usage
		Usr 0 01:50:23, Sys 0 00:01:07  -  Total Remote Usage
		Usr 0 00:00:00, Sys 0 00:00:00  -  Total Local Usage
	843358  -  Run Bytes Sent By Job
	1666  -  Run Bytes Received By Job
	843358  -  Total Bytes Sent By Job
	1666  -  Total Bytes Received By Job
	Partitionable Resources :    Usage  Request Allocated 
	   Cpus                 :     0.86        1         1 
	   Disk (KB)            :   848           2      3803 
	   GPUs                 :                           0 
	   Memory (MB)          :   937        3000      3000 

	Job terminated of its own accord at 2025-07-22T12:09:55Z with exit-code 0.
...
