000 (5770884.129.000) 07/22 11:51:17 Job submitted from host: <188.185.125.71:9618?addrs=188.185.125.71-9618+[2001-1458-d00-4a--100-15e]-9618&alias=bigbird28.cern.ch&noUDP&sock=schedd_2239_58a3>
...
040 (5770884.129.000) 07/22 11:52:14 Started transferring input files
	Transferring to host: <188.185.192.136:9618?addrs=188.185.192.136-9618+[2001-1458-303-1f--100-84]-9618&alias=b9p13p7065.cern.ch&noUDP&sock=slot1_35_1792048_aea2_34165>
...
040 (5770884.129.000) 07/22 11:52:14 Finished transferring input files
...
001 (5770884.129.000) 07/22 11:52:15 Job executing on host: <188.185.192.136:9618?addrs=188.185.192.136-9618+[2001-1458-303-1f--100-84]-9618&alias=b9p13p7065.cern.ch&noUDP&sock=startd_1791997_77f3>
	SlotName: slot1_35@b9p13p7065.cern.ch
	CondorScratchDir = "/pool/condor/dir_2097335"
	Cpus = 1
	Disk = 3872
	GPUs = 0
	Memory = 3000
...
006 (5770884.129.000) 07/22 11:52:28 Image size of job updated: 14880
	15  -  MemoryUsage of job (MB)
	14880  -  ResidentSetSize of job (KB)
...
006 (5770884.129.000) 07/22 11:57:28 Image size of job updated: 179224
	176  -  MemoryUsage of job (MB)
	179224  -  ResidentSetSize of job (KB)
...
006 (5770884.129.000) 07/22 12:02:29 Image size of job updated: 868640
	849  -  MemoryUsage of job (MB)
	868640  -  ResidentSetSize of job (KB)
...
006 (5770884.129.000) 07/22 12:07:29 Image size of job updated: 922988
	902  -  MemoryUsage of job (MB)
	922988  -  ResidentSetSize of job (KB)
...
006 (5770884.129.000) 07/22 12:12:29 Image size of job updated: 925140
	904  -  MemoryUsage of job (MB)
	925140  -  ResidentSetSize of job (KB)
...
006 (5770884.129.000) 07/22 12:17:30 Image size of job updated: 925452
	904  -  MemoryUsage of job (MB)
	925452  -  ResidentSetSize of job (KB)
...
006 (5770884.129.000) 07/22 12:22:30 Image size of job updated: 926428
	905  -  MemoryUsage of job (MB)
	926428  -  ResidentSetSize of job (KB)
...
006 (5770884.129.000) 07/22 12:27:31 Image size of job updated: 939876
	918  -  MemoryUsage of job (MB)
	939876  -  ResidentSetSize of job (KB)
...
006 (5770884.129.000) 07/22 12:32:32 Image size of job updated: 939920
	918  -  MemoryUsage of job (MB)
	939920  -  ResidentSetSize of job (KB)
...
006 (5770884.129.000) 07/22 12:37:32 Image size of job updated: 939948
	918  -  MemoryUsage of job (MB)
	939948  -  ResidentSetSize of job (KB)
...
006 (5770884.129.000) 07/22 12:42:33 Image size of job updated: 939968
	918  -  MemoryUsage of job (MB)
	939968  -  ResidentSetSize of job (KB)
...
006 (5770884.129.000) 07/22 12:47:33 Image size of job updated: 940284
	919  -  MemoryUsage of job (MB)
	940284  -  ResidentSetSize of job (KB)
...
006 (5770884.129.000) 07/22 12:52:33 Image size of job updated: 943268
	922  -  MemoryUsage of job (MB)
	943268  -  ResidentSetSize of job (KB)
...
006 (5770884.129.000) 07/22 12:57:34 Image size of job updated: 943272
	922  -  MemoryUsage of job (MB)
	943272  -  ResidentSetSize of job (KB)
...
006 (5770884.129.000) 07/22 13:02:34 Image size of job updated: 943284
	922  -  MemoryUsage of job (MB)
	943284  -  ResidentSetSize of job (KB)
...
006 (5770884.129.000) 07/22 13:07:34 Image size of job updated: 943296
	922  -  MemoryUsage of job (MB)
	943296  -  ResidentSetSize of job (KB)
...
006 (5770884.129.000) 07/22 13:12:35 Image size of job updated: 943316
	922  -  MemoryUsage of job (MB)
	943316  -  ResidentSetSize of job (KB)
...
006 (5770884.129.000) 07/22 13:17:35 Image size of job updated: 943320
	922  -  MemoryUsage of job (MB)
	943320  -  ResidentSetSize of job (KB)
...
006 (5770884.129.000) 07/22 13:22:35 Image size of job updated: 943324
	922  -  MemoryUsage of job (MB)
	943324  -  ResidentSetSize of job (KB)
...
040 (5770884.129.000) 07/22 13:23:34 Started transferring output files
...
040 (5770884.129.000) 07/22 13:23:34 Finished transferring output files
...
005 (5770884.129.000) 07/22 13:23:34 Job terminated.
	(1) Normal termination (return value 0)
		Usr 0 01:18:08, Sys 0 00:01:48  -  Run Remote Usage
		Usr 0 00:00:00, Sys 0 00:00:00  -  Run Local Usage
		Usr 0 01:18:08, Sys 0 00:01:48  -  Total Remote Usage
		Usr 0 00:00:00, Sys 0 00:00:00  -  Total Local Usage
	534430  -  Run Bytes Sent By Job
	1666  -  Run Bytes Received By Job
	534430  -  Total Bytes Sent By Job
	1666  -  Total Bytes Received By Job
	Partitionable Resources :    Usage  Request Allocated 
	   Cpus                 :     0.94        1         1 
	   Disk (KB)            :   546           2      3872 
	   GPUs                 :                           0 
	   Memory (MB)          :   922        3000      3000 

	Job terminated of its own accord at 2025-07-22T11:23:34Z with exit-code 0.
...
