000 (5770884.135.000) 07/22 11:51:17 Job submitted from host: <188.185.125.71:9618?addrs=188.185.125.71-9618+[2001-1458-d00-4a--100-15e]-9618&alias=bigbird28.cern.ch&noUDP&sock=schedd_2239_58a3>
...
040 (5770884.135.000) 07/22 11:52:17 Started transferring input files
	Transferring to host: <188.185.194.120:9618?addrs=188.185.194.120-9618+[2001-1458-303-21--100-74]-9618&alias=b9p20p3709.cern.ch&noUDP&sock=slot1_1_8395_c96e_37014>
...
040 (5770884.135.000) 07/22 11:52:17 Finished transferring input files
...
001 (5770884.135.000) 07/22 11:52:18 Job executing on host: <188.185.194.120:9618?addrs=188.185.194.120-9618+[2001-1458-303-21--100-74]-9618&alias=b9p20p3709.cern.ch&noUDP&sock=startd_6987_144e>
	SlotName: slot1_1@b9p20p3709.cern.ch
	CondorScratchDir = "/pool/condor/dir_659551"
	Cpus = 1
	Disk = 3765
	GPUs = 0
	Memory = 3000
...
006 (5770884.135.000) 07/22 11:52:32 Image size of job updated: 14876
	15  -  MemoryUsage of job (MB)
	14876  -  ResidentSetSize of job (KB)
...
006 (5770884.135.000) 07/22 11:57:33 Image size of job updated: 180532
	177  -  MemoryUsage of job (MB)
	180532  -  ResidentSetSize of job (KB)
...
006 (5770884.135.000) 07/22 12:02:34 Image size of job updated: 870000
	850  -  MemoryUsage of job (MB)
	870000  -  ResidentSetSize of job (KB)
...
006 (5770884.135.000) 07/22 12:07:34 Image size of job updated: 925000
	904  -  MemoryUsage of job (MB)
	925000  -  ResidentSetSize of job (KB)
...
006 (5770884.135.000) 07/22 12:12:36 Image size of job updated: 927516
	906  -  MemoryUsage of job (MB)
	927516  -  ResidentSetSize of job (KB)
...
006 (5770884.135.000) 07/22 12:17:36 Image size of job updated: 927548
	906  -  MemoryUsage of job (MB)
	927548  -  ResidentSetSize of job (KB)
...
006 (5770884.135.000) 07/22 12:22:36 Image size of job updated: 929028
	908  -  MemoryUsage of job (MB)
	929028  -  ResidentSetSize of job (KB)
...
006 (5770884.135.000) 07/22 12:27:37 Image size of job updated: 942128
	921  -  MemoryUsage of job (MB)
	942128  -  ResidentSetSize of job (KB)
...
006 (5770884.135.000) 07/22 12:32:37 Image size of job updated: 942196
	921  -  MemoryUsage of job (MB)
	942196  -  ResidentSetSize of job (KB)
...
006 (5770884.135.000) 07/22 12:37:37 Image size of job updated: 942208
	921  -  MemoryUsage of job (MB)
	942208  -  ResidentSetSize of job (KB)
...
006 (5770884.135.000) 07/22 12:42:38 Image size of job updated: 950188
	928  -  MemoryUsage of job (MB)
	950188  -  ResidentSetSize of job (KB)
...
006 (5770884.135.000) 07/22 12:47:38 Image size of job updated: 950592
	929  -  MemoryUsage of job (MB)
	950592  -  ResidentSetSize of job (KB)
...
006 (5770884.135.000) 07/22 12:52:38 Image size of job updated: 950608
	929  -  MemoryUsage of job (MB)
	950608  -  ResidentSetSize of job (KB)
...
006 (5770884.135.000) 07/22 12:57:39 Image size of job updated: 950632
	929  -  MemoryUsage of job (MB)
	950632  -  ResidentSetSize of job (KB)
...
006 (5770884.135.000) 07/22 13:07:40 Image size of job updated: 950644
	929  -  MemoryUsage of job (MB)
	950644  -  ResidentSetSize of job (KB)
...
006 (5770884.135.000) 07/22 13:12:41 Image size of job updated: 950648
	929  -  MemoryUsage of job (MB)
	950648  -  ResidentSetSize of job (KB)
...
006 (5770884.135.000) 07/22 13:17:41 Image size of job updated: 959248
	937  -  MemoryUsage of job (MB)
	959248  -  ResidentSetSize of job (KB)
...
006 (5770884.135.000) 07/22 13:27:16 Image size of job updated: 959252
	937  -  MemoryUsage of job (MB)
	959248  -  ResidentSetSize of job (KB)
...
040 (5770884.135.000) 07/22 13:27:16 Started transferring output files
...
040 (5770884.135.000) 07/22 13:27:16 Finished transferring output files
...
005 (5770884.135.000) 07/22 13:27:16 Job terminated.
	(1) Normal termination (return value 0)
		Usr 0 01:19:02, Sys 0 00:01:23  -  Run Remote Usage
		Usr 0 00:00:00, Sys 0 00:00:00  -  Run Local Usage
		Usr 0 01:19:02, Sys 0 00:01:23  -  Total Remote Usage
		Usr 0 00:00:00, Sys 0 00:00:00  -  Total Local Usage
	557963  -  Run Bytes Sent By Job
	1666  -  Run Bytes Received By Job
	557963  -  Total Bytes Sent By Job
	1666  -  Total Bytes Received By Job
	Partitionable Resources :    Usage  Request Allocated 
	   Cpus                 :     0.87        1         1 
	   Disk (KB)            :   569           2      3765 
	   GPUs                 :                           0 
	   Memory (MB)          :   937        3000      3000 

	Job terminated of its own accord at 2025-07-22T11:27:16Z with exit-code 0.
...
