000 (5770884.040.000) 07/22 11:51:17 Job submitted from host: <188.185.125.71:9618?addrs=188.185.125.71-9618+[2001-1458-d00-4a--100-15e]-9618&alias=bigbird28.cern.ch&noUDP&sock=schedd_2239_58a3>
...
040 (5770884.040.000) 07/22 11:51:45 Started transferring input files
	Transferring to host: <128.142.129.137:9618?addrs=128.142.129.137-9618+[2001-1458-301-57--100-7d]-9618&alias=b9g16p4527.cern.ch&noUDP&sock=slot1_24_189959_0cc6_48555>
...
040 (5770884.040.000) 07/22 11:51:45 Finished transferring input files
...
001 (5770884.040.000) 07/22 11:51:46 Job executing on host: <128.142.129.137:9618?addrs=128.142.129.137-9618+[2001-1458-301-57--100-7d]-9618&alias=b9g16p4527.cern.ch&noUDP&sock=startd_2762_14ab>
	SlotName: slot1_24@b9g16p4527.cern.ch
	CondorScratchDir = "/pool/condor/dir_1505631"
	Cpus = 1
	Disk = 2375
	GPUs = 0
	Memory = 3000
...
006 (5770884.040.000) 07/22 11:51:54 Image size of job updated: 10452
	11  -  MemoryUsage of job (MB)
	10452  -  ResidentSetSize of job (KB)
...
006 (5770884.040.000) 07/22 11:56:54 Image size of job updated: 635616
	621  -  MemoryUsage of job (MB)
	635616  -  ResidentSetSize of job (KB)
...
006 (5770884.040.000) 07/22 12:01:55 Image size of job updated: 1382912
	1351  -  MemoryUsage of job (MB)
	1382912  -  ResidentSetSize of job (KB)
...
006 (5770884.040.000) 07/22 12:06:55 Image size of job updated: 1443740
	1410  -  MemoryUsage of job (MB)
	1443740  -  ResidentSetSize of job (KB)
...
006 (5770884.040.000) 07/22 12:11:55 Image size of job updated: 1444116
	1411  -  MemoryUsage of job (MB)
	1444116  -  ResidentSetSize of job (KB)
...
006 (5770884.040.000) 07/22 12:16:56 Image size of job updated: 1446460
	1413  -  MemoryUsage of job (MB)
	1446460  -  ResidentSetSize of job (KB)
...
006 (5770884.040.000) 07/22 12:21:57 Image size of job updated: 1446516
	1413  -  MemoryUsage of job (MB)
	1446516  -  ResidentSetSize of job (KB)
...
006 (5770884.040.000) 07/22 12:26:57 Image size of job updated: 1446608
	1413  -  MemoryUsage of job (MB)
	1446608  -  ResidentSetSize of job (KB)
...
006 (5770884.040.000) 07/22 12:31:58 Image size of job updated: 1463244
	1429  -  MemoryUsage of job (MB)
	1463244  -  ResidentSetSize of job (KB)
...
006 (5770884.040.000) 07/22 12:36:59 Image size of job updated: 1463284
	1429  -  MemoryUsage of job (MB)
	1463284  -  ResidentSetSize of job (KB)
...
006 (5770884.040.000) 07/22 12:41:59 Image size of job updated: 1463544
	1430  -  MemoryUsage of job (MB)
	1463544  -  ResidentSetSize of job (KB)
...
006 (5770884.040.000) 07/22 13:02:00 Image size of job updated: 1469792
	1436  -  MemoryUsage of job (MB)
	1469792  -  ResidentSetSize of job (KB)
...
006 (5770884.040.000) 07/22 13:12:02 Image size of job updated: 1469808
	1436  -  MemoryUsage of job (MB)
	1469808  -  ResidentSetSize of job (KB)
...
006 (5770884.040.000) 07/22 13:22:03 Image size of job updated: 1469812
	1436  -  MemoryUsage of job (MB)
	1469812  -  ResidentSetSize of job (KB)
...
006 (5770884.040.000) 07/22 13:27:04 Image size of job updated: 1470128
	1436  -  MemoryUsage of job (MB)
	1470128  -  ResidentSetSize of job (KB)
...
040 (5770884.040.000) 07/22 14:03:52 Started transferring output files
...
040 (5770884.040.000) 07/22 14:03:52 Finished transferring output files
...
005 (5770884.040.000) 07/22 14:03:52 Job terminated.
	(1) Normal termination (return value 0)
		Usr 0 01:52:38, Sys 0 00:01:24  -  Run Remote Usage
		Usr 0 00:00:00, Sys 0 00:00:00  -  Run Local Usage
		Usr 0 01:52:38, Sys 0 00:01:24  -  Total Remote Usage
		Usr 0 00:00:00, Sys 0 00:00:00  -  Total Local Usage
	799477  -  Run Bytes Sent By Job
	1666  -  Run Bytes Received By Job
	799477  -  Total Bytes Sent By Job
	1666  -  Total Bytes Received By Job
	Partitionable Resources :    Usage  Request Allocated 
	   Cpus                 :     0.90        1         1 
	   Disk (KB)            :   804           2      2375 
	   GPUs                 :                           0 
	   Memory (MB)          :  1436        3000      3000 

	Job terminated of its own accord at 2025-07-22T12:03:51Z with exit-code 0.
...
