000 (5770884.211.000) 07/22 11:51:17 Job submitted from host: <188.185.125.71:9618?addrs=188.185.125.71-9618+[2001-1458-d00-4a--100-15e]-9618&alias=bigbird28.cern.ch&noUDP&sock=schedd_2239_58a3>
...
040 (5770884.211.000) 07/22 11:52:43 Started transferring input files
	Transferring to host: <188.185.192.183:9618?addrs=188.185.192.183-9618&alias=b9p13p1896.cern.ch&noUDP&sock=slot1_18_1549598_b95f_43544>
...
040 (5770884.211.000) 07/22 11:52:43 Finished transferring input files
...
001 (5770884.211.000) 07/22 11:52:44 Job executing on host: <188.185.192.183:9618?addrs=188.185.192.183-9618&alias=b9p13p1896.cern.ch&noUDP&sock=startd_1549551_ada8>
	SlotName: slot1_18@b9p13p1896.cern.ch
	CondorScratchDir = "/pool/condor/dir_211749"
	Cpus = 1
	Disk = 3815
	GPUs = 0
	Memory = 3000
...
006 (5770884.211.000) 07/22 11:52:58 Image size of job updated: 9400
	10  -  MemoryUsage of job (MB)
	9400  -  ResidentSetSize of job (KB)
...
006 (5770884.211.000) 07/22 11:57:59 Image size of job updated: 179940
	176  -  MemoryUsage of job (MB)
	179940  -  ResidentSetSize of job (KB)
...
006 (5770884.211.000) 07/22 12:02:59 Image size of job updated: 482856
	411  -  MemoryUsage of job (MB)
	420812  -  ResidentSetSize of job (KB)
...
006 (5770884.211.000) 07/22 12:08:00 Image size of job updated: 988176
	966  -  MemoryUsage of job (MB)
	988176  -  ResidentSetSize of job (KB)
...
006 (5770884.211.000) 07/22 12:13:01 Image size of job updated: 1069084
	1045  -  MemoryUsage of job (MB)
	1069084  -  ResidentSetSize of job (KB)
...
006 (5770884.211.000) 07/22 12:18:01 Image size of job updated: 1073168
	1047  -  MemoryUsage of job (MB)
	1071260  -  ResidentSetSize of job (KB)
...
006 (5770884.211.000) 07/22 12:23:02 Image size of job updated: 1074900
	1050  -  MemoryUsage of job (MB)
	1074900  -  ResidentSetSize of job (KB)
...
006 (5770884.211.000) 07/22 12:28:03 Image size of job updated: 1074984
	1050  -  MemoryUsage of job (MB)
	1074984  -  ResidentSetSize of job (KB)
...
006 (5770884.211.000) 07/22 12:33:03 Image size of job updated: 1078112
	1050  -  MemoryUsage of job (MB)
	1075120  -  ResidentSetSize of job (KB)
...
006 (5770884.211.000) 07/22 12:38:04 Image size of job updated: 1078112
	1051  -  MemoryUsage of job (MB)
	1075220  -  ResidentSetSize of job (KB)
...
006 (5770884.211.000) 07/22 12:43:05 Image size of job updated: 1078112
	1051  -  MemoryUsage of job (MB)
	1075884  -  ResidentSetSize of job (KB)
...
006 (5770884.211.000) 07/22 12:48:05 Image size of job updated: 1078112
	1051  -  MemoryUsage of job (MB)
	1075940  -  ResidentSetSize of job (KB)
...
006 (5770884.211.000) 07/22 12:53:06 Image size of job updated: 1078112
	1051  -  MemoryUsage of job (MB)
	1076100  -  ResidentSetSize of job (KB)
...
006 (5770884.211.000) 07/22 12:58:07 Image size of job updated: 1078112
	1052  -  MemoryUsage of job (MB)
	1076832  -  ResidentSetSize of job (KB)
...
006 (5770884.211.000) 07/22 13:03:07 Image size of job updated: 1078112
	1052  -  MemoryUsage of job (MB)
	1076888  -  ResidentSetSize of job (KB)
...
006 (5770884.211.000) 07/22 13:08:08 Image size of job updated: 1078112
	1052  -  MemoryUsage of job (MB)
	1077180  -  ResidentSetSize of job (KB)
...
006 (5770884.211.000) 07/22 13:13:09 Image size of job updated: 1078112
	1053  -  MemoryUsage of job (MB)
	1077556  -  ResidentSetSize of job (KB)
...
006 (5770884.211.000) 07/22 13:23:10 Image size of job updated: 1078772
	1054  -  MemoryUsage of job (MB)
	1078772  -  ResidentSetSize of job (KB)
...
006 (5770884.211.000) 07/22 13:28:11 Image size of job updated: 1082220
	1057  -  MemoryUsage of job (MB)
	1082220  -  ResidentSetSize of job (KB)
...
006 (5770884.211.000) 07/22 13:33:11 Image size of job updated: 1082380
	1058  -  MemoryUsage of job (MB)
	1082380  -  ResidentSetSize of job (KB)
...
006 (5770884.211.000) 07/22 13:38:12 Image size of job updated: 1082388
	1058  -  MemoryUsage of job (MB)
	1082388  -  ResidentSetSize of job (KB)
...
006 (5770884.211.000) 07/22 13:43:12 Image size of job updated: 1082408
	1058  -  MemoryUsage of job (MB)
	1082408  -  ResidentSetSize of job (KB)
...
006 (5770884.211.000) 07/22 13:48:12 Image size of job updated: 1087840
	1063  -  MemoryUsage of job (MB)
	1087840  -  ResidentSetSize of job (KB)
...
006 (5770884.211.000) 07/22 13:53:13 Image size of job updated: 1093232
	1068  -  MemoryUsage of job (MB)
	1093232  -  ResidentSetSize of job (KB)
...
006 (5770884.211.000) 07/22 13:58:13 Image size of job updated: 1094984
	1070  -  MemoryUsage of job (MB)
	1094984  -  ResidentSetSize of job (KB)
...
006 (5770884.211.000) 07/22 14:03:14 Image size of job updated: 1095316
	1070  -  MemoryUsage of job (MB)
	1095316  -  ResidentSetSize of job (KB)
...
006 (5770884.211.000) 07/22 14:08:15 Image size of job updated: 1100024
	1075  -  MemoryUsage of job (MB)
	1100024  -  ResidentSetSize of job (KB)
...
040 (5770884.211.000) 07/22 14:13:45 Started transferring output files
...
040 (5770884.211.000) 07/22 14:13:45 Finished transferring output files
...
005 (5770884.211.000) 07/22 14:13:45 Job terminated.
	(1) Normal termination (return value 0)
		Usr 0 01:51:49, Sys 0 00:01:56  -  Run Remote Usage
		Usr 0 00:00:00, Sys 0 00:00:00  -  Run Local Usage
		Usr 0 01:51:49, Sys 0 00:01:56  -  Total Remote Usage
		Usr 0 00:00:00, Sys 0 00:00:00  -  Total Local Usage
	830175  -  Run Bytes Sent By Job
	1666  -  Run Bytes Received By Job
	830175  -  Total Bytes Sent By Job
	1666  -  Total Bytes Received By Job
	Partitionable Resources :    Usage  Request Allocated 
	   Cpus                 :     0.91        1         1 
	   Disk (KB)            :   834           2      3815 
	   GPUs                 :                           0 
	   Memory (MB)          :  1075        3000      3000 

	Job terminated of its own accord at 2025-07-22T12:13:45Z with exit-code 0.
...
