000 (5770884.141.000) 07/22 11:51:17 Job submitted from host: <188.185.125.71:9618?addrs=188.185.125.71-9618+[2001-1458-d00-4a--100-15e]-9618&alias=bigbird28.cern.ch&noUDP&sock=schedd_2239_58a3>
...
040 (5770884.141.000) 07/22 11:52:19 Started transferring input files
	Transferring to host: <128.142.248.165:9618?addrs=128.142.248.165-9618+[2001-1458-301-73--100-a4]-9618&alias=b9g23p9031.cern.ch&noUDP&sock=slot1_17_115211_5266_14808>
...
040 (5770884.141.000) 07/22 11:52:19 Finished transferring input files
...
001 (5770884.141.000) 07/22 11:52:20 Job executing on host: <128.142.248.165:9618?addrs=128.142.248.165-9618+[2001-1458-301-73--100-a4]-9618&alias=b9g23p9031.cern.ch&noUDP&sock=startd_115164_80e8>
	SlotName: slot1_17@b9g23p9031.cern.ch
	CondorScratchDir = "/pool/condor/dir_519208"
	Cpus = 1
	Disk = 3892
	GPUs = 0
	Memory = 3000
...
006 (5770884.141.000) 07/22 11:52:34 Image size of job updated: 18892
	19  -  MemoryUsage of job (MB)
	18892  -  ResidentSetSize of job (KB)
...
006 (5770884.141.000) 07/22 11:57:35 Image size of job updated: 181260
	178  -  MemoryUsage of job (MB)
	181260  -  ResidentSetSize of job (KB)
...
006 (5770884.141.000) 07/22 12:02:36 Image size of job updated: 762140
	745  -  MemoryUsage of job (MB)
	762140  -  ResidentSetSize of job (KB)
...
006 (5770884.141.000) 07/22 12:07:36 Image size of job updated: 923536
	902  -  MemoryUsage of job (MB)
	923536  -  ResidentSetSize of job (KB)
...
006 (5770884.141.000) 07/22 12:12:37 Image size of job updated: 925100
	904  -  MemoryUsage of job (MB)
	925100  -  ResidentSetSize of job (KB)
...
006 (5770884.141.000) 07/22 12:17:37 Image size of job updated: 927656
	906  -  MemoryUsage of job (MB)
	927656  -  ResidentSetSize of job (KB)
...
006 (5770884.141.000) 07/22 12:22:37 Image size of job updated: 928324
	907  -  MemoryUsage of job (MB)
	928324  -  ResidentSetSize of job (KB)
...
006 (5770884.141.000) 07/22 12:27:38 Image size of job updated: 929404
	908  -  MemoryUsage of job (MB)
	929404  -  ResidentSetSize of job (KB)
...
006 (5770884.141.000) 07/22 12:32:38 Image size of job updated: 929436
	908  -  MemoryUsage of job (MB)
	929436  -  ResidentSetSize of job (KB)
...
006 (5770884.141.000) 07/22 12:37:38 Image size of job updated: 941688
	920  -  MemoryUsage of job (MB)
	941688  -  ResidentSetSize of job (KB)
...
006 (5770884.141.000) 07/22 12:42:39 Image size of job updated: 941724
	920  -  MemoryUsage of job (MB)
	941724  -  ResidentSetSize of job (KB)
...
006 (5770884.141.000) 07/22 12:47:39 Image size of job updated: 941748
	920  -  MemoryUsage of job (MB)
	941748  -  ResidentSetSize of job (KB)
...
006 (5770884.141.000) 07/22 12:52:39 Image size of job updated: 950104
	928  -  MemoryUsage of job (MB)
	950104  -  ResidentSetSize of job (KB)
...
006 (5770884.141.000) 07/22 12:57:40 Image size of job updated: 950108
	928  -  MemoryUsage of job (MB)
	950108  -  ResidentSetSize of job (KB)
...
006 (5770884.141.000) 07/22 13:02:40 Image size of job updated: 950112
	928  -  MemoryUsage of job (MB)
	950112  -  ResidentSetSize of job (KB)
...
006 (5770884.141.000) 07/22 13:07:40 Image size of job updated: 950120
	928  -  MemoryUsage of job (MB)
	950120  -  ResidentSetSize of job (KB)
...
006 (5770884.141.000) 07/22 13:17:41 Image size of job updated: 950128
	928  -  MemoryUsage of job (MB)
	950128  -  ResidentSetSize of job (KB)
...
006 (5770884.141.000) 07/22 13:22:41 Image size of job updated: 950136
	928  -  MemoryUsage of job (MB)
	950136  -  ResidentSetSize of job (KB)
...
006 (5770884.141.000) 07/22 13:27:42 Image size of job updated: 950152
	928  -  MemoryUsage of job (MB)
	950152  -  ResidentSetSize of job (KB)
...
006 (5770884.141.000) 07/22 13:37:42 Image size of job updated: 950160
	928  -  MemoryUsage of job (MB)
	950160  -  ResidentSetSize of job (KB)
...
040 (5770884.141.000) 07/22 13:40:46 Started transferring output files
...
040 (5770884.141.000) 07/22 13:40:46 Finished transferring output files
...
005 (5770884.141.000) 07/22 13:40:46 Job terminated.
	(1) Normal termination (return value 0)
		Usr 0 01:25:02, Sys 0 00:00:59  -  Run Remote Usage
		Usr 0 00:00:00, Sys 0 00:00:00  -  Run Local Usage
		Usr 0 01:25:02, Sys 0 00:00:59  -  Total Remote Usage
		Usr 0 00:00:00, Sys 0 00:00:00  -  Total Local Usage
	640006  -  Run Bytes Sent By Job
	1666  -  Run Bytes Received By Job
	640006  -  Total Bytes Sent By Job
	1666  -  Total Bytes Received By Job
	Partitionable Resources :    Usage  Request Allocated 
	   Cpus                 :     0.59        1         1 
	   Disk (KB)            :   649           2      3892 
	   GPUs                 :                           0 
	   Memory (MB)          :   928        3000      3000 

	Job terminated of its own accord at 2025-07-22T11:40:46Z with exit-code 0.
...
