000 (5770884.049.000) 07/22 11:51:17 Job submitted from host: <188.185.125.71:9618?addrs=188.185.125.71-9618+[2001-1458-d00-4a--100-15e]-9618&alias=bigbird28.cern.ch&noUDP&sock=schedd_2239_58a3>
...
040 (5770884.049.000) 07/22 11:51:57 Started transferring input files
	Transferring to host: <128.142.248.65:9618?addrs=128.142.248.65-9618+[2001-1458-301-73--100-131]-9618&alias=b9g23p4661.cern.ch&noUDP&sock=slot1_13_2965392_ad04_54202>
...
040 (5770884.049.000) 07/22 11:51:57 Finished transferring input files
...
001 (5770884.049.000) 07/22 11:51:58 Job executing on host: <128.142.248.65:9618?addrs=128.142.248.65-9618+[2001-1458-301-73--100-131]-9618&alias=b9g23p4661.cern.ch&noUDP&sock=startd_7867_afa6>
	SlotName: slot1_13@b9g23p4661.cern.ch
	CondorScratchDir = "/pool/condor/dir_1277959"
	Cpus = 1
	Disk = 3906
	GPUs = 0
	Memory = 3000
...
006 (5770884.049.000) 07/22 11:52:11 Image size of job updated: 32256
	32  -  MemoryUsage of job (MB)
	32256  -  ResidentSetSize of job (KB)
...
006 (5770884.049.000) 07/22 11:57:11 Image size of job updated: 186384
	183  -  MemoryUsage of job (MB)
	186384  -  ResidentSetSize of job (KB)
...
006 (5770884.049.000) 07/22 12:02:12 Image size of job updated: 925420
	904  -  MemoryUsage of job (MB)
	925420  -  ResidentSetSize of job (KB)
...
006 (5770884.049.000) 07/22 12:07:12 Image size of job updated: 927028
	906  -  MemoryUsage of job (MB)
	927028  -  ResidentSetSize of job (KB)
...
006 (5770884.049.000) 07/22 12:12:12 Image size of job updated: 927404
	906  -  MemoryUsage of job (MB)
	927404  -  ResidentSetSize of job (KB)
...
006 (5770884.049.000) 07/22 12:17:13 Image size of job updated: 927912
	907  -  MemoryUsage of job (MB)
	927912  -  ResidentSetSize of job (KB)
...
006 (5770884.049.000) 07/22 12:22:13 Image size of job updated: 927960
	907  -  MemoryUsage of job (MB)
	927960  -  ResidentSetSize of job (KB)
...
006 (5770884.049.000) 07/22 12:27:13 Image size of job updated: 927980
	907  -  MemoryUsage of job (MB)
	927980  -  ResidentSetSize of job (KB)
...
006 (5770884.049.000) 07/22 12:32:14 Image size of job updated: 929196
	908  -  MemoryUsage of job (MB)
	929196  -  ResidentSetSize of job (KB)
...
006 (5770884.049.000) 07/22 12:37:15 Image size of job updated: 931932
	911  -  MemoryUsage of job (MB)
	931932  -  ResidentSetSize of job (KB)
...
006 (5770884.049.000) 07/22 12:42:15 Image size of job updated: 933020
	912  -  MemoryUsage of job (MB)
	933020  -  ResidentSetSize of job (KB)
...
006 (5770884.049.000) 07/22 12:47:16 Image size of job updated: 949588
	928  -  MemoryUsage of job (MB)
	949588  -  ResidentSetSize of job (KB)
...
006 (5770884.049.000) 07/22 12:52:17 Image size of job updated: 949612
	928  -  MemoryUsage of job (MB)
	949612  -  ResidentSetSize of job (KB)
...
006 (5770884.049.000) 07/22 12:57:17 Image size of job updated: 949748
	928  -  MemoryUsage of job (MB)
	949748  -  ResidentSetSize of job (KB)
...
040 (5770884.049.000) 07/22 12:58:36 Started transferring output files
...
040 (5770884.049.000) 07/22 12:58:36 Finished transferring output files
...
005 (5770884.049.000) 07/22 12:58:36 Job terminated.
	(1) Normal termination (return value 0)
		Usr 0 00:54:47, Sys 0 00:00:57  -  Run Remote Usage
		Usr 0 00:00:00, Sys 0 00:00:00  -  Run Local Usage
		Usr 0 00:54:47, Sys 0 00:00:57  -  Total Remote Usage
		Usr 0 00:00:00, Sys 0 00:00:00  -  Total Local Usage
	381518  -  Run Bytes Sent By Job
	1666  -  Run Bytes Received By Job
	381518  -  Total Bytes Sent By Job
	1666  -  Total Bytes Received By Job
	Partitionable Resources :    Usage  Request Allocated 
	   Cpus                 :     0.80        1         1 
	   Disk (KB)            :   396           2      3906 
	   GPUs                 :                           0 
	   Memory (MB)          :   928        3000      3000 

	Job terminated of its own accord at 2025-07-22T10:58:36Z with exit-code 0.
...
