000 (5770884.157.000) 07/22 11:51:17 Job submitted from host: <188.185.125.71:9618?addrs=188.185.125.71-9618+[2001-1458-d00-4a--100-15e]-9618&alias=bigbird28.cern.ch&noUDP&sock=schedd_2239_58a3>
...
040 (5770884.157.000) 07/22 11:52:25 Started transferring input files
	Transferring to host: <188.185.195.40:9618?addrs=188.185.195.40-9618+[2001-1458-303-22--100-24]-9618&alias=b9p17p8506.cern.ch&noUDP&sock=slot1_10_9196_29ef_37764>
...
040 (5770884.157.000) 07/22 11:52:25 Finished transferring input files
...
001 (5770884.157.000) 07/22 11:52:26 Job executing on host: <188.185.195.40:9618?addrs=188.185.195.40-9618+[2001-1458-303-22--100-24]-9618&alias=b9p17p8506.cern.ch&noUDP&sock=startd_8166_c677>
	SlotName: slot1_10@b9p17p8506.cern.ch
	CondorScratchDir = "/pool/condor/dir_394558"
	Cpus = 1
	Disk = 3835
	GPUs = 0
	Memory = 3000
...
006 (5770884.157.000) 07/22 11:52:39 Image size of job updated: 14808
	15  -  MemoryUsage of job (MB)
	14808  -  ResidentSetSize of job (KB)
...
006 (5770884.157.000) 07/22 11:57:39 Image size of job updated: 179052
	175  -  MemoryUsage of job (MB)
	179052  -  ResidentSetSize of job (KB)
...
006 (5770884.157.000) 07/22 12:02:40 Image size of job updated: 883960
	864  -  MemoryUsage of job (MB)
	883960  -  ResidentSetSize of job (KB)
...
006 (5770884.157.000) 07/22 12:07:40 Image size of job updated: 923496
	902  -  MemoryUsage of job (MB)
	923496  -  ResidentSetSize of job (KB)
...
006 (5770884.157.000) 07/22 12:12:41 Image size of job updated: 924744
	904  -  MemoryUsage of job (MB)
	924744  -  ResidentSetSize of job (KB)
...
006 (5770884.157.000) 07/22 12:17:42 Image size of job updated: 925852
	905  -  MemoryUsage of job (MB)
	925852  -  ResidentSetSize of job (KB)
...
006 (5770884.157.000) 07/22 12:22:42 Image size of job updated: 939588
	918  -  MemoryUsage of job (MB)
	939588  -  ResidentSetSize of job (KB)
...
006 (5770884.157.000) 07/22 12:27:43 Image size of job updated: 939636
	918  -  MemoryUsage of job (MB)
	939636  -  ResidentSetSize of job (KB)
...
006 (5770884.157.000) 07/22 12:32:44 Image size of job updated: 939648
	918  -  MemoryUsage of job (MB)
	939648  -  ResidentSetSize of job (KB)
...
006 (5770884.157.000) 07/22 12:37:44 Image size of job updated: 939652
	918  -  MemoryUsage of job (MB)
	939652  -  ResidentSetSize of job (KB)
...
006 (5770884.157.000) 07/22 12:42:45 Image size of job updated: 948108
	926  -  MemoryUsage of job (MB)
	948108  -  ResidentSetSize of job (KB)
...
006 (5770884.157.000) 07/22 12:47:46 Image size of job updated: 948132
	926  -  MemoryUsage of job (MB)
	948132  -  ResidentSetSize of job (KB)
...
006 (5770884.157.000) 07/22 12:52:46 Image size of job updated: 948144
	926  -  MemoryUsage of job (MB)
	948144  -  ResidentSetSize of job (KB)
...
006 (5770884.157.000) 07/22 12:57:46 Image size of job updated: 948156
	926  -  MemoryUsage of job (MB)
	948156  -  ResidentSetSize of job (KB)
...
006 (5770884.157.000) 07/22 13:02:47 Image size of job updated: 956700
	935  -  MemoryUsage of job (MB)
	956700  -  ResidentSetSize of job (KB)
...
006 (5770884.157.000) 07/22 13:12:47 Image size of job updated: 980932
	935  -  MemoryUsage of job (MB)
	956700  -  ResidentSetSize of job (KB)
...
040 (5770884.157.000) 07/22 13:19:11 Started transferring output files
...
040 (5770884.157.000) 07/22 13:19:11 Finished transferring output files
...
005 (5770884.157.000) 07/22 13:19:11 Job terminated.
	(1) Normal termination (return value 0)
		Usr 0 01:13:14, Sys 0 00:01:32  -  Run Remote Usage
		Usr 0 00:00:00, Sys 0 00:00:00  -  Run Local Usage
		Usr 0 01:13:14, Sys 0 00:01:32  -  Total Remote Usage
		Usr 0 00:00:00, Sys 0 00:00:00  -  Total Local Usage
	504750  -  Run Bytes Sent By Job
	1666  -  Run Bytes Received By Job
	504750  -  Total Bytes Sent By Job
	1666  -  Total Bytes Received By Job
	Partitionable Resources :    Usage  Request Allocated 
	   Cpus                 :     0.99        1         1 
	   Disk (KB)            :   517           2      3835 
	   GPUs                 :                           0 
	   Memory (MB)          :   935        3000      3000 

	Job terminated of its own accord at 2025-07-22T11:19:11Z with exit-code 0.
...
