000 (5770884.038.000) 07/22 11:51:17 Job submitted from host: <188.185.125.71:9618?addrs=188.185.125.71-9618+[2001-1458-d00-4a--100-15e]-9618&alias=bigbird28.cern.ch&noUDP&sock=schedd_2239_58a3>
...
040 (5770884.038.000) 07/22 11:51:45 Started transferring input files
	Transferring to host: <188.184.185.125:9618?addrs=188.184.185.125-9618+[2001-1458-301-52--100-7c]-9618&alias=b9g37p1565.cern.ch&noUDP&sock=slot1_17_3868413_a955_61274>
...
040 (5770884.038.000) 07/22 11:51:45 Finished transferring input files
...
001 (5770884.038.000) 07/22 11:51:46 Job executing on host: <188.184.185.125:9618?addrs=188.184.185.125-9618+[2001-1458-301-52--100-7c]-9618&alias=b9g37p1565.cern.ch&noUDP&sock=startd_5462_0e60>
	SlotName: slot1_17@b9g37p1565.cern.ch
	CondorScratchDir = "/pool/condor/dir_3866610"
	Cpus = 1
	Disk = 3690
	GPUs = 0
	Memory = 3000
...
006 (5770884.038.000) 07/22 11:51:59 Image size of job updated: 14812
	7  -  MemoryUsage of job (MB)
	7136  -  ResidentSetSize of job (KB)
...
006 (5770884.038.000) 07/22 11:56:59 Image size of job updated: 191852
	188  -  MemoryUsage of job (MB)
	191852  -  ResidentSetSize of job (KB)
...
006 (5770884.038.000) 07/22 12:02:00 Image size of job updated: 881472
	842  -  MemoryUsage of job (MB)
	861280  -  ResidentSetSize of job (KB)
...
006 (5770884.038.000) 07/22 12:07:00 Image size of job updated: 923252
	902  -  MemoryUsage of job (MB)
	923252  -  ResidentSetSize of job (KB)
...
006 (5770884.038.000) 07/22 12:12:01 Image size of job updated: 923328
	902  -  MemoryUsage of job (MB)
	923328  -  ResidentSetSize of job (KB)
...
006 (5770884.038.000) 07/22 12:17:02 Image size of job updated: 924160
	903  -  MemoryUsage of job (MB)
	924160  -  ResidentSetSize of job (KB)
...
006 (5770884.038.000) 07/22 12:22:02 Image size of job updated: 924384
	903  -  MemoryUsage of job (MB)
	924384  -  ResidentSetSize of job (KB)
...
006 (5770884.038.000) 07/22 12:27:03 Image size of job updated: 938592
	917  -  MemoryUsage of job (MB)
	938592  -  ResidentSetSize of job (KB)
...
006 (5770884.038.000) 07/22 12:32:04 Image size of job updated: 938896
	917  -  MemoryUsage of job (MB)
	938896  -  ResidentSetSize of job (KB)
...
006 (5770884.038.000) 07/22 12:37:04 Image size of job updated: 946956
	925  -  MemoryUsage of job (MB)
	946956  -  ResidentSetSize of job (KB)
...
006 (5770884.038.000) 07/22 12:57:06 Image size of job updated: 950564
	929  -  MemoryUsage of job (MB)
	950564  -  ResidentSetSize of job (KB)
...
006 (5770884.038.000) 07/22 13:02:06 Image size of job updated: 962872
	941  -  MemoryUsage of job (MB)
	962872  -  ResidentSetSize of job (KB)
...
006 (5770884.038.000) 07/22 13:07:06 Image size of job updated: 965316
	941  -  MemoryUsage of job (MB)
	963048  -  ResidentSetSize of job (KB)
...
006 (5770884.038.000) 07/22 13:12:07 Image size of job updated: 965316
	941  -  MemoryUsage of job (MB)
	963056  -  ResidentSetSize of job (KB)
...
006 (5770884.038.000) 07/22 13:17:07 Image size of job updated: 965316
	941  -  MemoryUsage of job (MB)
	963076  -  ResidentSetSize of job (KB)
...
006 (5770884.038.000) 07/22 13:22:07 Image size of job updated: 965316
	941  -  MemoryUsage of job (MB)
	963092  -  ResidentSetSize of job (KB)
...
006 (5770884.038.000) 07/22 13:52:10 Image size of job updated: 965316
	943  -  MemoryUsage of job (MB)
	965124  -  ResidentSetSize of job (KB)
...
040 (5770884.038.000) 07/22 14:05:37 Started transferring output files
...
040 (5770884.038.000) 07/22 14:05:37 Finished transferring output files
...
005 (5770884.038.000) 07/22 14:05:37 Job terminated.
	(1) Normal termination (return value 0)
		Usr 0 01:52:22, Sys 0 00:01:37  -  Run Remote Usage
		Usr 0 00:00:00, Sys 0 00:00:00  -  Run Local Usage
		Usr 0 01:52:22, Sys 0 00:01:37  -  Total Remote Usage
		Usr 0 00:00:00, Sys 0 00:00:00  -  Total Local Usage
	810712  -  Run Bytes Sent By Job
	1666  -  Run Bytes Received By Job
	810712  -  Total Bytes Sent By Job
	1666  -  Total Bytes Received By Job
	Partitionable Resources :    Usage  Request Allocated 
	   Cpus                 :     0.55        1         1 
	   Disk (KB)            :   815           2      3690 
	   GPUs                 :                           0 
	   Memory (MB)          :   943        3000      3000 

	Job terminated of its own accord at 2025-07-22T12:05:37Z with exit-code 0.
...
