000 (5770884.102.000) 07/22 11:51:17 Job submitted from host: <188.185.125.71:9618?addrs=188.185.125.71-9618+[2001-1458-d00-4a--100-15e]-9618&alias=bigbird28.cern.ch&noUDP&sock=schedd_2239_58a3>
...
040 (5770884.102.000) 07/22 11:52:06 Started transferring input files
	Transferring to host: <188.185.194.28:9618?addrs=188.185.194.28-9618+[2001-1458-303-21--100-18]-9618&alias=b9p20p7099.cern.ch&noUDP&sock=slot1_35_6593_1d65_39092>
...
040 (5770884.102.000) 07/22 11:52:06 Finished transferring input files
...
001 (5770884.102.000) 07/22 11:52:07 Job executing on host: <188.185.194.28:9618?addrs=188.185.194.28-9618+[2001-1458-303-21--100-18]-9618&alias=b9p20p7099.cern.ch&noUDP&sock=startd_5056_92ed>
	SlotName: slot1_35@b9p20p7099.cern.ch
	CondorScratchDir = "/pool/condor/dir_4011610"
	Cpus = 1
	Disk = 3763
	GPUs = 0
	Memory = 3000
...
006 (5770884.102.000) 07/22 11:52:21 Image size of job updated: 17320
	17  -  MemoryUsage of job (MB)
	17320  -  ResidentSetSize of job (KB)
...
006 (5770884.102.000) 07/22 11:57:22 Image size of job updated: 182280
	179  -  MemoryUsage of job (MB)
	182280  -  ResidentSetSize of job (KB)
...
006 (5770884.102.000) 07/22 12:02:23 Image size of job updated: 497172
	399  -  MemoryUsage of job (MB)
	407588  -  ResidentSetSize of job (KB)
...
006 (5770884.102.000) 07/22 12:07:23 Image size of job updated: 1030288
	811  -  MemoryUsage of job (MB)
	829928  -  ResidentSetSize of job (KB)
...
006 (5770884.102.000) 07/22 12:12:24 Image size of job updated: 1030288
	815  -  MemoryUsage of job (MB)
	834008  -  ResidentSetSize of job (KB)
...
006 (5770884.102.000) 07/22 12:17:25 Image size of job updated: 1030288
	979  -  MemoryUsage of job (MB)
	1002252  -  ResidentSetSize of job (KB)
...
006 (5770884.102.000) 07/22 12:27:26 Image size of job updated: 1040964
	1017  -  MemoryUsage of job (MB)
	1040964  -  ResidentSetSize of job (KB)
...
006 (5770884.102.000) 07/22 12:32:27 Image size of job updated: 1069748
	1032  -  MemoryUsage of job (MB)
	1055908  -  ResidentSetSize of job (KB)
...
006 (5770884.102.000) 07/22 12:37:27 Image size of job updated: 1074356
	1035  -  MemoryUsage of job (MB)
	1059036  -  ResidentSetSize of job (KB)
...
006 (5770884.102.000) 07/22 12:42:28 Image size of job updated: 1082772
	1058  -  MemoryUsage of job (MB)
	1082772  -  ResidentSetSize of job (KB)
...
006 (5770884.102.000) 07/22 12:47:29 Image size of job updated: 1082884
	1058  -  MemoryUsage of job (MB)
	1082884  -  ResidentSetSize of job (KB)
...
006 (5770884.102.000) 07/22 12:52:29 Image size of job updated: 1093296
	1058  -  MemoryUsage of job (MB)
	1082884  -  ResidentSetSize of job (KB)
...
006 (5770884.102.000) 07/22 12:57:30 Image size of job updated: 1093296
	1059  -  MemoryUsage of job (MB)
	1084108  -  ResidentSetSize of job (KB)
...
006 (5770884.102.000) 07/22 13:02:31 Image size of job updated: 1108096
	1059  -  MemoryUsage of job (MB)
	1084108  -  ResidentSetSize of job (KB)
...
006 (5770884.102.000) 07/22 13:07:31 Image size of job updated: 1108096
	1077  -  MemoryUsage of job (MB)
	1102684  -  ResidentSetSize of job (KB)
...
040 (5770884.102.000) 07/22 14:02:56 Started transferring output files
...
040 (5770884.102.000) 07/22 14:02:56 Finished transferring output files
...
005 (5770884.102.000) 07/22 14:02:56 Job terminated.
	(1) Normal termination (return value 0)
		Usr 0 01:52:34, Sys 0 00:02:10  -  Run Remote Usage
		Usr 0 00:00:00, Sys 0 00:00:00  -  Run Local Usage
		Usr 0 01:52:34, Sys 0 00:02:10  -  Total Remote Usage
		Usr 0 00:00:00, Sys 0 00:00:00  -  Total Local Usage
	763547  -  Run Bytes Sent By Job
	1666  -  Run Bytes Received By Job
	763547  -  Total Bytes Sent By Job
	1666  -  Total Bytes Received By Job
	Partitionable Resources :    Usage  Request Allocated 
	   Cpus                 :     0.96        1         1 
	   Disk (KB)            :   770           2      3763 
	   GPUs                 :                           0 
	   Memory (MB)          :  1077        3000      3000 

	Job terminated of its own accord at 2025-07-22T12:02:56Z with exit-code 0.
...
