000 (5770884.160.000) 07/22 11:51:17 Job submitted from host: <188.185.125.71:9618?addrs=188.185.125.71-9618+[2001-1458-d00-4a--100-15e]-9618&alias=bigbird28.cern.ch&noUDP&sock=schedd_2239_58a3>
...
040 (5770884.160.000) 07/22 11:52:37 Started transferring input files
	Transferring to host: <188.185.195.142:9618?addrs=188.185.195.142-9618+[2001-1458-303-22--100-8a]-9618&alias=b9p17p0923.cern.ch&noUDP&sock=slot1_21_11249_b023_53318>
...
040 (5770884.160.000) 07/22 11:52:37 Finished transferring input files
...
001 (5770884.160.000) 07/22 11:52:38 Job executing on host: <188.185.195.142:9618?addrs=188.185.195.142-9618+[2001-1458-303-22--100-8a]-9618&alias=b9p17p0923.cern.ch&noUDP&sock=startd_9681_f072>
	SlotName: slot1_21@b9p17p0923.cern.ch
	CondorScratchDir = "/pool/condor/dir_1047379"
	Cpus = 1
	Disk = 3787
	GPUs = 0
	Memory = 3000
...
006 (5770884.160.000) 07/22 11:52:52 Image size of job updated: 9412
	10  -  MemoryUsage of job (MB)
	9412  -  ResidentSetSize of job (KB)
...
006 (5770884.160.000) 07/22 11:57:53 Image size of job updated: 179684
	176  -  MemoryUsage of job (MB)
	179684  -  ResidentSetSize of job (KB)
...
006 (5770884.160.000) 07/22 12:02:54 Image size of job updated: 760404
	743  -  MemoryUsage of job (MB)
	760404  -  ResidentSetSize of job (KB)
...
006 (5770884.160.000) 07/22 12:07:54 Image size of job updated: 925328
	904  -  MemoryUsage of job (MB)
	925328  -  ResidentSetSize of job (KB)
...
006 (5770884.160.000) 07/22 12:12:55 Image size of job updated: 925500
	904  -  MemoryUsage of job (MB)
	925500  -  ResidentSetSize of job (KB)
...
006 (5770884.160.000) 07/22 12:17:55 Image size of job updated: 927532
	906  -  MemoryUsage of job (MB)
	927532  -  ResidentSetSize of job (KB)
...
006 (5770884.160.000) 07/22 12:22:55 Image size of job updated: 928572
	907  -  MemoryUsage of job (MB)
	928572  -  ResidentSetSize of job (KB)
...
006 (5770884.160.000) 07/22 12:27:56 Image size of job updated: 943160
	922  -  MemoryUsage of job (MB)
	943160  -  ResidentSetSize of job (KB)
...
006 (5770884.160.000) 07/22 12:32:56 Image size of job updated: 943168
	922  -  MemoryUsage of job (MB)
	943168  -  ResidentSetSize of job (KB)
...
006 (5770884.160.000) 07/22 12:37:56 Image size of job updated: 943196
	922  -  MemoryUsage of job (MB)
	943196  -  ResidentSetSize of job (KB)
...
006 (5770884.160.000) 07/22 12:42:57 Image size of job updated: 943212
	922  -  MemoryUsage of job (MB)
	943212  -  ResidentSetSize of job (KB)
...
006 (5770884.160.000) 07/22 12:47:57 Image size of job updated: 943240
	922  -  MemoryUsage of job (MB)
	943240  -  ResidentSetSize of job (KB)
...
006 (5770884.160.000) 07/22 12:52:57 Image size of job updated: 951592
	930  -  MemoryUsage of job (MB)
	951592  -  ResidentSetSize of job (KB)
...
006 (5770884.160.000) 07/22 12:57:58 Image size of job updated: 951616
	930  -  MemoryUsage of job (MB)
	951616  -  ResidentSetSize of job (KB)
...
006 (5770884.160.000) 07/22 13:02:58 Image size of job updated: 951628
	930  -  MemoryUsage of job (MB)
	951628  -  ResidentSetSize of job (KB)
...
006 (5770884.160.000) 07/22 13:07:58 Image size of job updated: 951640
	930  -  MemoryUsage of job (MB)
	951640  -  ResidentSetSize of job (KB)
...
006 (5770884.160.000) 07/22 13:17:59 Image size of job updated: 951648
	930  -  MemoryUsage of job (MB)
	951648  -  ResidentSetSize of job (KB)
...
006 (5770884.160.000) 07/22 13:22:59 Image size of job updated: 951656
	930  -  MemoryUsage of job (MB)
	951656  -  ResidentSetSize of job (KB)
...
006 (5770884.160.000) 07/22 13:28:00 Image size of job updated: 951672
	930  -  MemoryUsage of job (MB)
	951672  -  ResidentSetSize of job (KB)
...
006 (5770884.160.000) 07/22 13:33:00 Image size of job updated: 951680
	930  -  MemoryUsage of job (MB)
	951680  -  ResidentSetSize of job (KB)
...
006 (5770884.160.000) 07/22 13:37:54 Image size of job updated: 951684
	930  -  MemoryUsage of job (MB)
	951680  -  ResidentSetSize of job (KB)
...
040 (5770884.160.000) 07/22 13:37:54 Started transferring output files
...
040 (5770884.160.000) 07/22 13:37:54 Finished transferring output files
...
005 (5770884.160.000) 07/22 13:37:54 Job terminated.
	(1) Normal termination (return value 0)
		Usr 0 01:28:00, Sys 0 00:01:42  -  Run Remote Usage
		Usr 0 00:00:00, Sys 0 00:00:00  -  Run Local Usage
		Usr 0 01:28:00, Sys 0 00:01:42  -  Total Remote Usage
		Usr 0 00:00:00, Sys 0 00:00:00  -  Total Local Usage
	621246  -  Run Bytes Sent By Job
	1666  -  Run Bytes Received By Job
	621246  -  Total Bytes Sent By Job
	1666  -  Total Bytes Received By Job
	Partitionable Resources :    Usage  Request Allocated 
	   Cpus                 :     0.91        1         1 
	   Disk (KB)            :   631           2      3787 
	   GPUs                 :                           0 
	   Memory (MB)          :   930        3000      3000 

	Job terminated of its own accord at 2025-07-22T11:37:54Z with exit-code 0.
...
