000 (5770884.175.000) 07/22 11:51:17 Job submitted from host: <188.185.125.71:9618?addrs=188.185.125.71-9618+[2001-1458-d00-4a--100-15e]-9618&alias=bigbird28.cern.ch&noUDP&sock=schedd_2239_58a3>
...
040 (5770884.175.000) 07/22 11:52:41 Started transferring input files
	Transferring to host: <128.142.248.86:9618?addrs=128.142.248.86-9618+[2001-1458-301-73--100-146]-9618&alias=b9g23p4167.cern.ch&noUDP&sock=slot1_27_3118029_4023_37210>
...
040 (5770884.175.000) 07/22 11:52:41 Finished transferring input files
...
001 (5770884.175.000) 07/22 11:52:42 Job executing on host: <128.142.248.86:9618?addrs=128.142.248.86-9618+[2001-1458-301-73--100-146]-9618&alias=b9g23p4167.cern.ch&noUDP&sock=startd_3117958_6d04>
	SlotName: slot1_27@b9g23p4167.cern.ch
	CondorScratchDir = "/pool/condor/dir_270104"
	Cpus = 1
	Disk = 3682
	GPUs = 0
	Memory = 3000
...
006 (5770884.175.000) 07/22 11:52:56 Image size of job updated: 9416
	10  -  MemoryUsage of job (MB)
	9416  -  ResidentSetSize of job (KB)
...
006 (5770884.175.000) 07/22 11:57:57 Image size of job updated: 179884
	176  -  MemoryUsage of job (MB)
	179884  -  ResidentSetSize of job (KB)
...
006 (5770884.175.000) 07/22 12:02:58 Image size of job updated: 869604
	815  -  MemoryUsage of job (MB)
	833984  -  ResidentSetSize of job (KB)
...
006 (5770884.175.000) 07/22 12:07:58 Image size of job updated: 925684
	904  -  MemoryUsage of job (MB)
	925684  -  ResidentSetSize of job (KB)
...
006 (5770884.175.000) 07/22 12:12:59 Image size of job updated: 925764
	905  -  MemoryUsage of job (MB)
	925764  -  ResidentSetSize of job (KB)
...
006 (5770884.175.000) 07/22 12:18:00 Image size of job updated: 927864
	907  -  MemoryUsage of job (MB)
	927864  -  ResidentSetSize of job (KB)
...
006 (5770884.175.000) 07/22 12:23:00 Image size of job updated: 941360
	920  -  MemoryUsage of job (MB)
	941360  -  ResidentSetSize of job (KB)
...
006 (5770884.175.000) 07/22 12:33:01 Image size of job updated: 941488
	920  -  MemoryUsage of job (MB)
	941488  -  ResidentSetSize of job (KB)
...
006 (5770884.175.000) 07/22 12:38:01 Image size of job updated: 941500
	920  -  MemoryUsage of job (MB)
	941500  -  ResidentSetSize of job (KB)
...
006 (5770884.175.000) 07/22 12:43:02 Image size of job updated: 941516
	920  -  MemoryUsage of job (MB)
	941516  -  ResidentSetSize of job (KB)
...
006 (5770884.175.000) 07/22 12:48:02 Image size of job updated: 951900
	930  -  MemoryUsage of job (MB)
	951900  -  ResidentSetSize of job (KB)
...
006 (5770884.175.000) 07/22 12:53:02 Image size of job updated: 951904
	930  -  MemoryUsage of job (MB)
	951904  -  ResidentSetSize of job (KB)
...
006 (5770884.175.000) 07/22 12:58:03 Image size of job updated: 951916
	930  -  MemoryUsage of job (MB)
	951916  -  ResidentSetSize of job (KB)
...
006 (5770884.175.000) 07/22 13:03:03 Image size of job updated: 951964
	930  -  MemoryUsage of job (MB)
	951964  -  ResidentSetSize of job (KB)
...
006 (5770884.175.000) 07/22 13:08:03 Image size of job updated: 951976
	930  -  MemoryUsage of job (MB)
	951976  -  ResidentSetSize of job (KB)
...
006 (5770884.175.000) 07/22 13:13:04 Image size of job updated: 952000
	930  -  MemoryUsage of job (MB)
	952000  -  ResidentSetSize of job (KB)
...
006 (5770884.175.000) 07/22 13:18:04 Image size of job updated: 952040
	930  -  MemoryUsage of job (MB)
	952040  -  ResidentSetSize of job (KB)
...
006 (5770884.175.000) 07/22 13:28:06 Image size of job updated: 952060
	930  -  MemoryUsage of job (MB)
	952060  -  ResidentSetSize of job (KB)
...
006 (5770884.175.000) 07/22 13:29:51 Image size of job updated: 952064
	930  -  MemoryUsage of job (MB)
	952060  -  ResidentSetSize of job (KB)
...
040 (5770884.175.000) 07/22 13:29:51 Started transferring output files
...
040 (5770884.175.000) 07/22 13:29:51 Finished transferring output files
...
005 (5770884.175.000) 07/22 13:29:51 Job terminated.
	(1) Normal termination (return value 0)
		Usr 0 01:20:27, Sys 0 00:01:05  -  Run Remote Usage
		Usr 0 00:00:00, Sys 0 00:00:00  -  Run Local Usage
		Usr 0 01:20:27, Sys 0 00:01:05  -  Total Remote Usage
		Usr 0 00:00:00, Sys 0 00:00:00  -  Total Local Usage
	571214  -  Run Bytes Sent By Job
	1666  -  Run Bytes Received By Job
	571214  -  Total Bytes Sent By Job
	1666  -  Total Bytes Received By Job
	Partitionable Resources :    Usage  Request Allocated 
	   Cpus                 :     0.96        1         1 
	   Disk (KB)            :   582           2      3682 
	   GPUs                 :                           0 
	   Memory (MB)          :   930        3000      3000 

	Job terminated of its own accord at 2025-07-22T11:29:51Z with exit-code 0.
...
