000 (5770884.185.000) 07/22 11:51:17 Job submitted from host: <188.185.125.71:9618?addrs=188.185.125.71-9618+[2001-1458-d00-4a--100-15e]-9618&alias=bigbird28.cern.ch&noUDP&sock=schedd_2239_58a3>
...
040 (5770884.185.000) 07/22 11:52:34 Started transferring input files
	Transferring to host: <128.142.51.202:9618?addrs=128.142.51.202-9618+[2001-1458-301-3--100-7]-9618&alias=b9g02p7746.cern.ch&noUDP&sock=slot1_10_3957050_7249_73521>
...
040 (5770884.185.000) 07/22 11:52:34 Finished transferring input files
...
001 (5770884.185.000) 07/22 11:52:35 Job executing on host: <128.142.51.202:9618?addrs=128.142.51.202-9618+[2001-1458-301-3--100-7]-9618&alias=b9g02p7746.cern.ch&noUDP&sock=startd_4111_61ee>
	SlotName: slot1_10@b9g02p7746.cern.ch
	CondorScratchDir = "/pool/condor/dir_3104244"
	Cpus = 1
	Disk = 3982
	GPUs = 0
	Memory = 3000
...
006 (5770884.185.000) 07/22 11:52:44 Image size of job updated: 1776
	2  -  MemoryUsage of job (MB)
	1776  -  ResidentSetSize of job (KB)
...
006 (5770884.185.000) 07/22 11:56:49 Image size of job updated: 411784
	403  -  MemoryUsage of job (MB)
	411784  -  ResidentSetSize of job (KB)
...
040 (5770884.185.000) 07/22 11:56:49 Started transferring output files
...
040 (5770884.185.000) 07/22 11:56:49 Finished transferring output files
...
005 (5770884.185.000) 07/22 11:56:49 Job terminated.
	(1) Normal termination (return value 0)
		Usr 0 00:00:03, Sys 0 00:00:02  -  Run Remote Usage
		Usr 0 00:00:00, Sys 0 00:00:00  -  Run Local Usage
		Usr 0 00:00:03, Sys 0 00:00:02  -  Total Remote Usage
		Usr 0 00:00:00, Sys 0 00:00:00  -  Total Local Usage
	1114  -  Run Bytes Sent By Job
	1666  -  Run Bytes Received By Job
	1114  -  Total Bytes Sent By Job
	1666  -  Total Bytes Received By Job
	Partitionable Resources :    Usage  Request Allocated 
	   Cpus                 :        0        1         1 
	   Disk (KB)            :       28        2      3982 
	   GPUs                 :                           0 
	   Memory (MB)          :      403     3000      3000 

	Job terminated of its own accord at 2025-07-22T09:56:49Z with exit-code 0.
...
