000 (5770884.015.000) 07/22 11:51:17 Job submitted from host: <188.185.125.71:9618?addrs=188.185.125.71-9618+[2001-1458-d00-4a--100-15e]-9618&alias=bigbird28.cern.ch&noUDP&sock=schedd_2239_58a3>
...
040 (5770884.015.000) 07/22 11:51:37 Started transferring input files
	Transferring to host: <188.184.185.162:9618?addrs=188.184.185.162-9618+[2001-1458-301-52--100-a1]-9618&alias=b9g37p1702.cern.ch&noUDP&sock=slot1_28_5387_60f4_37352>
...
040 (5770884.015.000) 07/22 11:51:37 Finished transferring input files
...
001 (5770884.015.000) 07/22 11:51:38 Job executing on host: <188.184.185.162:9618?addrs=188.184.185.162-9618+[2001-1458-301-52--100-a1]-9618&alias=b9g37p1702.cern.ch&noUDP&sock=startd_4234_c014>
	SlotName: slot1_28@b9g37p1702.cern.ch
	CondorScratchDir = "/pool/condor/dir_1885431"
	Cpus = 1
	Disk = 3802
	GPUs = 0
	Memory = 3000
...
006 (5770884.015.000) 07/22 11:51:51 Image size of job updated: 81736
	80  -  MemoryUsage of job (MB)
	81736  -  ResidentSetSize of job (KB)
...
006 (5770884.015.000) 07/22 11:56:51 Image size of job updated: 212020
	208  -  MemoryUsage of job (MB)
	212020  -  ResidentSetSize of job (KB)
...
006 (5770884.015.000) 07/22 12:01:52 Image size of job updated: 913608
	893  -  MemoryUsage of job (MB)
	913608  -  ResidentSetSize of job (KB)
...
006 (5770884.015.000) 07/22 12:06:52 Image size of job updated: 925656
	904  -  MemoryUsage of job (MB)
	925656  -  ResidentSetSize of job (KB)
...
006 (5770884.015.000) 07/22 12:11:52 Image size of job updated: 925748
	905  -  MemoryUsage of job (MB)
	925748  -  ResidentSetSize of job (KB)
...
006 (5770884.015.000) 07/22 12:16:53 Image size of job updated: 928312
	907  -  MemoryUsage of job (MB)
	928312  -  ResidentSetSize of job (KB)
...
006 (5770884.015.000) 07/22 12:21:53 Image size of job updated: 928404
	907  -  MemoryUsage of job (MB)
	928404  -  ResidentSetSize of job (KB)
...
006 (5770884.015.000) 07/22 12:26:53 Image size of job updated: 928512
	907  -  MemoryUsage of job (MB)
	928512  -  ResidentSetSize of job (KB)
...
006 (5770884.015.000) 07/22 12:31:54 Image size of job updated: 929696
	908  -  MemoryUsage of job (MB)
	929696  -  ResidentSetSize of job (KB)
...
006 (5770884.015.000) 07/22 12:41:54 Image size of job updated: 929700
	908  -  MemoryUsage of job (MB)
	929700  -  ResidentSetSize of job (KB)
...
006 (5770884.015.000) 07/22 12:46:55 Image size of job updated: 929708
	908  -  MemoryUsage of job (MB)
	929708  -  ResidentSetSize of job (KB)
...
006 (5770884.015.000) 07/22 12:56:56 Image size of job updated: 940868
	919  -  MemoryUsage of job (MB)
	940868  -  ResidentSetSize of job (KB)
...
006 (5770884.015.000) 07/22 13:01:57 Image size of job updated: 941184
	920  -  MemoryUsage of job (MB)
	941184  -  ResidentSetSize of job (KB)
...
006 (5770884.015.000) 07/22 13:06:58 Image size of job updated: 941188
	920  -  MemoryUsage of job (MB)
	941188  -  ResidentSetSize of job (KB)
...
006 (5770884.015.000) 07/22 13:16:58 Image size of job updated: 941200
	920  -  MemoryUsage of job (MB)
	941200  -  ResidentSetSize of job (KB)
...
006 (5770884.015.000) 07/22 13:21:59 Image size of job updated: 941204
	920  -  MemoryUsage of job (MB)
	941204  -  ResidentSetSize of job (KB)
...
006 (5770884.015.000) 07/22 13:26:59 Image size of job updated: 941224
	920  -  MemoryUsage of job (MB)
	941224  -  ResidentSetSize of job (KB)
...
006 (5770884.015.000) 07/22 13:31:59 Image size of job updated: 941236
	920  -  MemoryUsage of job (MB)
	941236  -  ResidentSetSize of job (KB)
...
006 (5770884.015.000) 07/22 13:37:00 Image size of job updated: 941240
	920  -  MemoryUsage of job (MB)
	941240  -  ResidentSetSize of job (KB)
...
006 (5770884.015.000) 07/22 13:42:00 Image size of job updated: 941244
	920  -  MemoryUsage of job (MB)
	941244  -  ResidentSetSize of job (KB)
...
006 (5770884.015.000) 07/22 13:47:00 Image size of job updated: 941248
	920  -  MemoryUsage of job (MB)
	941248  -  ResidentSetSize of job (KB)
...
006 (5770884.015.000) 07/22 13:56:18 Image size of job updated: 941252
	920  -  MemoryUsage of job (MB)
	941248  -  ResidentSetSize of job (KB)
...
040 (5770884.015.000) 07/22 13:56:18 Started transferring output files
...
040 (5770884.015.000) 07/22 13:56:18 Finished transferring output files
...
005 (5770884.015.000) 07/22 13:56:18 Job terminated.
	(1) Normal termination (return value 0)
		Usr 0 01:46:57, Sys 0 00:02:16  -  Run Remote Usage
		Usr 0 00:00:00, Sys 0 00:00:00  -  Run Local Usage
		Usr 0 01:46:57, Sys 0 00:02:16  -  Total Remote Usage
		Usr 0 00:00:00, Sys 0 00:00:00  -  Total Local Usage
	760255  -  Run Bytes Sent By Job
	1666  -  Run Bytes Received By Job
	760255  -  Total Bytes Sent By Job
	1666  -  Total Bytes Received By Job
	Partitionable Resources :    Usage  Request Allocated 
	   Cpus                 :     0.85        1         1 
	   Disk (KB)            :   766           2      3802 
	   GPUs                 :                           0 
	   Memory (MB)          :   920        3000      3000 

	Job terminated of its own accord at 2025-07-22T11:56:18Z with exit-code 0.
...
