000 (5770884.154.000) 07/22 11:51:17 Job submitted from host: <188.185.125.71:9618?addrs=188.185.125.71-9618+[2001-1458-d00-4a--100-15e]-9618&alias=bigbird28.cern.ch&noUDP&sock=schedd_2239_58a3>
...
040 (5770884.154.000) 07/22 11:52:25 Started transferring input files
	Transferring to host: <188.185.198.84:9618?addrs=188.185.198.84-9618+[2001-1458-303-25--100-50]-9618&alias=b9p15p9658.cern.ch&noUDP&sock=slot1_29_6079_f490_53306>
...
040 (5770884.154.000) 07/22 11:52:25 Finished transferring input files
...
001 (5770884.154.000) 07/22 11:52:26 Job executing on host: <188.185.198.84:9618?addrs=188.185.198.84-9618+[2001-1458-303-25--100-50]-9618&alias=b9p15p9658.cern.ch&noUDP&sock=startd_4825_208c>
	SlotName: slot1_29@b9p15p9658.cern.ch
	CondorScratchDir = "/pool/condor/dir_91422"
	Cpus = 1
	Disk = 3811
	GPUs = 0
	Memory = 3000
...
006 (5770884.154.000) 07/22 11:52:39 Image size of job updated: 6920
	7  -  MemoryUsage of job (MB)
	6920  -  ResidentSetSize of job (KB)
...
006 (5770884.154.000) 07/22 11:57:39 Image size of job updated: 179968
	176  -  MemoryUsage of job (MB)
	179968  -  ResidentSetSize of job (KB)
...
006 (5770884.154.000) 07/22 12:02:40 Image size of job updated: 843644
	824  -  MemoryUsage of job (MB)
	843644  -  ResidentSetSize of job (KB)
...
006 (5770884.154.000) 07/22 12:07:40 Image size of job updated: 924172
	903  -  MemoryUsage of job (MB)
	924172  -  ResidentSetSize of job (KB)
...
006 (5770884.154.000) 07/22 12:12:41 Image size of job updated: 924268
	903  -  MemoryUsage of job (MB)
	924268  -  ResidentSetSize of job (KB)
...
006 (5770884.154.000) 07/22 12:17:42 Image size of job updated: 926836
	906  -  MemoryUsage of job (MB)
	926836  -  ResidentSetSize of job (KB)
...
006 (5770884.154.000) 07/22 12:22:42 Image size of job updated: 926876
	906  -  MemoryUsage of job (MB)
	926876  -  ResidentSetSize of job (KB)
...
006 (5770884.154.000) 07/22 12:27:43 Image size of job updated: 926968
	906  -  MemoryUsage of job (MB)
	926968  -  ResidentSetSize of job (KB)
...
006 (5770884.154.000) 07/22 12:32:44 Image size of job updated: 927016
	906  -  MemoryUsage of job (MB)
	927016  -  ResidentSetSize of job (KB)
...
006 (5770884.154.000) 07/22 12:37:44 Image size of job updated: 927036
	906  -  MemoryUsage of job (MB)
	927036  -  ResidentSetSize of job (KB)
...
006 (5770884.154.000) 07/22 12:42:45 Image size of job updated: 927068
	906  -  MemoryUsage of job (MB)
	927068  -  ResidentSetSize of job (KB)
...
006 (5770884.154.000) 07/22 12:47:45 Image size of job updated: 927112
	906  -  MemoryUsage of job (MB)
	927112  -  ResidentSetSize of job (KB)
...
006 (5770884.154.000) 07/22 12:52:45 Image size of job updated: 945748
	924  -  MemoryUsage of job (MB)
	945748  -  ResidentSetSize of job (KB)
...
006 (5770884.154.000) 07/22 12:57:46 Image size of job updated: 945752
	924  -  MemoryUsage of job (MB)
	945752  -  ResidentSetSize of job (KB)
...
006 (5770884.154.000) 07/22 13:02:46 Image size of job updated: 945780
	924  -  MemoryUsage of job (MB)
	945780  -  ResidentSetSize of job (KB)
...
006 (5770884.154.000) 07/22 13:07:46 Image size of job updated: 945796
	924  -  MemoryUsage of job (MB)
	945796  -  ResidentSetSize of job (KB)
...
006 (5770884.154.000) 07/22 13:12:47 Image size of job updated: 949188
	927  -  MemoryUsage of job (MB)
	949188  -  ResidentSetSize of job (KB)
...
006 (5770884.154.000) 07/22 13:17:47 Image size of job updated: 957776
	936  -  MemoryUsage of job (MB)
	957776  -  ResidentSetSize of job (KB)
...
006 (5770884.154.000) 07/22 13:22:47 Image size of job updated: 957784
	936  -  MemoryUsage of job (MB)
	957784  -  ResidentSetSize of job (KB)
...
006 (5770884.154.000) 07/22 13:27:48 Image size of job updated: 958304
	936  -  MemoryUsage of job (MB)
	958304  -  ResidentSetSize of job (KB)
...
006 (5770884.154.000) 07/22 13:32:48 Image size of job updated: 958320
	936  -  MemoryUsage of job (MB)
	958320  -  ResidentSetSize of job (KB)
...
040 (5770884.154.000) 07/22 13:33:25 Started transferring output files
...
040 (5770884.154.000) 07/22 13:33:25 Finished transferring output files
...
005 (5770884.154.000) 07/22 13:33:25 Job terminated.
	(1) Normal termination (return value 0)
		Usr 0 01:21:32, Sys 0 00:01:39  -  Run Remote Usage
		Usr 0 00:00:00, Sys 0 00:00:00  -  Run Local Usage
		Usr 0 01:21:32, Sys 0 00:01:39  -  Total Remote Usage
		Usr 0 00:00:00, Sys 0 00:00:00  -  Total Local Usage
	595592  -  Run Bytes Sent By Job
	1666  -  Run Bytes Received By Job
	595592  -  Total Bytes Sent By Job
	1666  -  Total Bytes Received By Job
	Partitionable Resources :    Usage  Request Allocated 
	   Cpus                 :     0.89        1         1 
	   Disk (KB)            :   606           2      3811 
	   GPUs                 :                           0 
	   Memory (MB)          :   936        3000      3000 

	Job terminated of its own accord at 2025-07-22T11:33:25Z with exit-code 0.
...
