000 (5770884.121.000) 07/22 11:51:17 Job submitted from host: <188.185.125.71:9618?addrs=188.185.125.71-9618+[2001-1458-d00-4a--100-15e]-9618&alias=bigbird28.cern.ch&noUDP&sock=schedd_2239_58a3>
...
040 (5770884.121.000) 07/22 11:52:18 Started transferring input files
	Transferring to host: <188.185.192.40:9618?addrs=188.185.192.40-9618+[2001-1458-303-1f--100-24]-9618&alias=b9p13p2679.cern.ch&noUDP&sock=slot1_8_8704_815b_55059>
...
040 (5770884.121.000) 07/22 11:52:18 Finished transferring input files
...
001 (5770884.121.000) 07/22 11:52:19 Job executing on host: <188.185.192.40:9618?addrs=188.185.192.40-9618+[2001-1458-303-1f--100-24]-9618&alias=b9p13p2679.cern.ch&noUDP&sock=startd_8054_f3db>
	SlotName: slot1_8@b9p13p2679.cern.ch
	CondorScratchDir = "/pool/condor/dir_1244460"
	Cpus = 1
	Disk = 3935
	GPUs = 0
	Memory = 3000
...
006 (5770884.121.000) 07/22 11:52:32 Image size of job updated: 14820
	15  -  MemoryUsage of job (MB)
	14820  -  ResidentSetSize of job (KB)
...
006 (5770884.121.000) 07/22 11:57:32 Image size of job updated: 180652
	177  -  MemoryUsage of job (MB)
	180652  -  ResidentSetSize of job (KB)
...
006 (5770884.121.000) 07/22 12:02:33 Image size of job updated: 468660
	435  -  MemoryUsage of job (MB)
	444692  -  ResidentSetSize of job (KB)
...
006 (5770884.121.000) 07/22 12:07:33 Image size of job updated: 1026360
	1002  -  MemoryUsage of job (MB)
	1025764  -  ResidentSetSize of job (KB)
...
006 (5770884.121.000) 07/22 12:12:34 Image size of job updated: 1033348
	1010  -  MemoryUsage of job (MB)
	1033348  -  ResidentSetSize of job (KB)
...
006 (5770884.121.000) 07/22 12:17:35 Image size of job updated: 1063988
	1010  -  MemoryUsage of job (MB)
	1033348  -  ResidentSetSize of job (KB)
...
006 (5770884.121.000) 07/22 12:27:36 Image size of job updated: 1070156
	1046  -  MemoryUsage of job (MB)
	1070156  -  ResidentSetSize of job (KB)
...
006 (5770884.121.000) 07/22 12:32:37 Image size of job updated: 1073224
	1048  -  MemoryUsage of job (MB)
	1072708  -  ResidentSetSize of job (KB)
...
006 (5770884.121.000) 07/22 12:37:37 Image size of job updated: 1073224
	1048  -  MemoryUsage of job (MB)
	1072816  -  ResidentSetSize of job (KB)
...
006 (5770884.121.000) 07/22 12:42:38 Image size of job updated: 1075200
	1049  -  MemoryUsage of job (MB)
	1073668  -  ResidentSetSize of job (KB)
...
006 (5770884.121.000) 07/22 12:47:39 Image size of job updated: 1075200
	1049  -  MemoryUsage of job (MB)
	1073720  -  ResidentSetSize of job (KB)
...
006 (5770884.121.000) 07/22 12:52:39 Image size of job updated: 1075200
	1050  -  MemoryUsage of job (MB)
	1074564  -  ResidentSetSize of job (KB)
...
006 (5770884.121.000) 07/22 13:02:41 Image size of job updated: 1075200
	1050  -  MemoryUsage of job (MB)
	1074572  -  ResidentSetSize of job (KB)
...
006 (5770884.121.000) 07/22 13:12:43 Image size of job updated: 1075260
	1051  -  MemoryUsage of job (MB)
	1075260  -  ResidentSetSize of job (KB)
...
006 (5770884.121.000) 07/22 13:17:43 Image size of job updated: 1076836
	1051  -  MemoryUsage of job (MB)
	1075260  -  ResidentSetSize of job (KB)
...
006 (5770884.121.000) 07/22 13:22:43 Image size of job updated: 1076892
	1051  -  MemoryUsage of job (MB)
	1075260  -  ResidentSetSize of job (KB)
...
006 (5770884.121.000) 07/22 13:27:44 Image size of job updated: 1091860
	1067  -  MemoryUsage of job (MB)
	1091860  -  ResidentSetSize of job (KB)
...
006 (5770884.121.000) 07/22 13:42:45 Image size of job updated: 1096472
	1067  -  MemoryUsage of job (MB)
	1091860  -  ResidentSetSize of job (KB)
...
006 (5770884.121.000) 07/22 13:47:45 Image size of job updated: 1098900
	1067  -  MemoryUsage of job (MB)
	1091860  -  ResidentSetSize of job (KB)
...
040 (5770884.121.000) 07/22 13:49:55 Started transferring output files
...
040 (5770884.121.000) 07/22 13:49:55 Finished transferring output files
...
005 (5770884.121.000) 07/22 13:49:55 Job terminated.
	(1) Normal termination (return value 0)
		Usr 0 01:39:05, Sys 0 00:01:40  -  Run Remote Usage
		Usr 0 00:00:00, Sys 0 00:00:00  -  Run Local Usage
		Usr 0 01:39:05, Sys 0 00:01:40  -  Total Remote Usage
		Usr 0 00:00:00, Sys 0 00:00:00  -  Total Local Usage
	683835  -  Run Bytes Sent By Job
	1666  -  Run Bytes Received By Job
	683835  -  Total Bytes Sent By Job
	1666  -  Total Bytes Received By Job
	Partitionable Resources :    Usage  Request Allocated 
	   Cpus                 :     0.89        1         1 
	   Disk (KB)            :   692           2      3935 
	   GPUs                 :                           0 
	   Memory (MB)          :  1067        3000      3000 

	Job terminated of its own accord at 2025-07-22T11:49:55Z with exit-code 0.
...
