000 (5770884.052.000) 07/22 11:51:17 Job submitted from host: <188.185.125.71:9618?addrs=188.185.125.71-9618+[2001-1458-d00-4a--100-15e]-9618&alias=bigbird28.cern.ch&noUDP&sock=schedd_2239_58a3>
...
040 (5770884.052.000) 07/22 11:51:49 Started transferring input files
	Transferring to host: <188.185.192.157:9618?addrs=188.185.192.157-9618+[2001-1458-303-1f--100-99]-9618&alias=b9p13p7797.cern.ch&noUDP&sock=slot1_7_11547_a7ef_37450>
...
040 (5770884.052.000) 07/22 11:51:49 Finished transferring input files
...
001 (5770884.052.000) 07/22 11:51:50 Job executing on host: <188.185.192.157:9618?addrs=188.185.192.157-9618+[2001-1458-303-1f--100-99]-9618&alias=b9p13p7797.cern.ch&noUDP&sock=startd_10961_e9ab>
	SlotName: slot1_7@b9p13p7797.cern.ch
	CondorScratchDir = "/pool/condor/dir_764507"
	Cpus = 1
	Disk = 3874
	GPUs = 0
	Memory = 3000
...
006 (5770884.052.000) 07/22 11:52:04 Image size of job updated: 78576
	77  -  MemoryUsage of job (MB)
	78576  -  ResidentSetSize of job (KB)
...
006 (5770884.052.000) 07/22 11:57:05 Image size of job updated: 191332
	187  -  MemoryUsage of job (MB)
	191332  -  ResidentSetSize of job (KB)
...
006 (5770884.052.000) 07/22 12:02:05 Image size of job updated: 912464
	892  -  MemoryUsage of job (MB)
	912464  -  ResidentSetSize of job (KB)
...
006 (5770884.052.000) 07/22 12:07:06 Image size of job updated: 923484
	902  -  MemoryUsage of job (MB)
	923484  -  ResidentSetSize of job (KB)
...
006 (5770884.052.000) 07/22 12:12:07 Image size of job updated: 926784
	906  -  MemoryUsage of job (MB)
	926784  -  ResidentSetSize of job (KB)
...
006 (5770884.052.000) 07/22 12:17:07 Image size of job updated: 940384
	919  -  MemoryUsage of job (MB)
	940384  -  ResidentSetSize of job (KB)
...
006 (5770884.052.000) 07/22 12:22:07 Image size of job updated: 940420
	919  -  MemoryUsage of job (MB)
	940420  -  ResidentSetSize of job (KB)
...
006 (5770884.052.000) 07/22 12:27:08 Image size of job updated: 940564
	919  -  MemoryUsage of job (MB)
	940564  -  ResidentSetSize of job (KB)
...
006 (5770884.052.000) 07/22 12:32:08 Image size of job updated: 940572
	919  -  MemoryUsage of job (MB)
	940572  -  ResidentSetSize of job (KB)
...
006 (5770884.052.000) 07/22 12:37:08 Image size of job updated: 940588
	919  -  MemoryUsage of job (MB)
	940588  -  ResidentSetSize of job (KB)
...
006 (5770884.052.000) 07/22 12:42:09 Image size of job updated: 940908
	919  -  MemoryUsage of job (MB)
	940908  -  ResidentSetSize of job (KB)
...
006 (5770884.052.000) 07/22 12:47:09 Image size of job updated: 940928
	919  -  MemoryUsage of job (MB)
	940928  -  ResidentSetSize of job (KB)
...
006 (5770884.052.000) 07/22 12:52:09 Image size of job updated: 940964
	919  -  MemoryUsage of job (MB)
	940964  -  ResidentSetSize of job (KB)
...
006 (5770884.052.000) 07/22 12:57:10 Image size of job updated: 948584
	927  -  MemoryUsage of job (MB)
	948584  -  ResidentSetSize of job (KB)
...
006 (5770884.052.000) 07/22 13:02:10 Image size of job updated: 948588
	927  -  MemoryUsage of job (MB)
	948588  -  ResidentSetSize of job (KB)
...
006 (5770884.052.000) 07/22 13:17:11 Image size of job updated: 948592
	927  -  MemoryUsage of job (MB)
	948592  -  ResidentSetSize of job (KB)
...
040 (5770884.052.000) 07/22 13:17:42 Started transferring output files
...
040 (5770884.052.000) 07/22 13:17:42 Finished transferring output files
...
005 (5770884.052.000) 07/22 13:17:42 Job terminated.
	(1) Normal termination (return value 0)
		Usr 0 01:14:33, Sys 0 00:01:18  -  Run Remote Usage
		Usr 0 00:00:00, Sys 0 00:00:00  -  Run Local Usage
		Usr 0 01:14:33, Sys 0 00:01:18  -  Total Remote Usage
		Usr 0 00:00:00, Sys 0 00:00:00  -  Total Local Usage
	505221  -  Run Bytes Sent By Job
	1666  -  Run Bytes Received By Job
	505221  -  Total Bytes Sent By Job
	1666  -  Total Bytes Received By Job
	Partitionable Resources :    Usage  Request Allocated 
	   Cpus                 :     0.98        1         1 
	   Disk (KB)            :   517           2      3874 
	   GPUs                 :                           0 
	   Memory (MB)          :   927        3000      3000 

	Job terminated of its own accord at 2025-07-22T11:17:42Z with exit-code 0.
...
