000 (5770884.177.000) 07/22 11:51:17 Job submitted from host: <188.185.125.71:9618?addrs=188.185.125.71-9618+[2001-1458-d00-4a--100-15e]-9618&alias=bigbird28.cern.ch&noUDP&sock=schedd_2239_58a3>
...
040 (5770884.177.000) 07/22 11:52:35 Started transferring input files
	Transferring to host: <188.185.195.58:9618?addrs=188.185.195.58-9618+[2001-1458-303-22--100-36]-9618&alias=b9p17p2196.cern.ch&noUDP&sock=slot1_26_3246777_dd16_11166>
...
040 (5770884.177.000) 07/22 11:52:35 Finished transferring input files
...
001 (5770884.177.000) 07/22 11:52:36 Job executing on host: <188.185.195.58:9618?addrs=188.185.195.58-9618+[2001-1458-303-22--100-36]-9618&alias=b9p17p2196.cern.ch&noUDP&sock=startd_4569_884e>
	SlotName: slot1_26@b9p17p2196.cern.ch
	CondorScratchDir = "/pool/condor/dir_1946251"
	Cpus = 1
	Disk = 3816
	GPUs = 0
	Memory = 3000
...
006 (5770884.177.000) 07/22 11:52:50 Image size of job updated: 14740
	15  -  MemoryUsage of job (MB)
	14740  -  ResidentSetSize of job (KB)
...
006 (5770884.177.000) 07/22 11:57:51 Image size of job updated: 178784
	175  -  MemoryUsage of job (MB)
	178784  -  ResidentSetSize of job (KB)
...
006 (5770884.177.000) 07/22 12:02:51 Image size of job updated: 876060
	856  -  MemoryUsage of job (MB)
	876060  -  ResidentSetSize of job (KB)
...
006 (5770884.177.000) 07/22 12:07:52 Image size of job updated: 910680
	890  -  MemoryUsage of job (MB)
	910680  -  ResidentSetSize of job (KB)
...
006 (5770884.177.000) 07/22 12:12:53 Image size of job updated: 924572
	903  -  MemoryUsage of job (MB)
	924572  -  ResidentSetSize of job (KB)
...
006 (5770884.177.000) 07/22 12:17:53 Image size of job updated: 933024
	912  -  MemoryUsage of job (MB)
	933024  -  ResidentSetSize of job (KB)
...
006 (5770884.177.000) 07/22 12:22:54 Image size of job updated: 933452
	912  -  MemoryUsage of job (MB)
	933452  -  ResidentSetSize of job (KB)
...
006 (5770884.177.000) 07/22 12:27:55 Image size of job updated: 933492
	912  -  MemoryUsage of job (MB)
	933492  -  ResidentSetSize of job (KB)
...
006 (5770884.177.000) 07/22 12:32:55 Image size of job updated: 933540
	912  -  MemoryUsage of job (MB)
	933540  -  ResidentSetSize of job (KB)
...
006 (5770884.177.000) 07/22 12:37:56 Image size of job updated: 933548
	912  -  MemoryUsage of job (MB)
	933548  -  ResidentSetSize of job (KB)
...
006 (5770884.177.000) 07/22 12:42:57 Image size of job updated: 945304
	924  -  MemoryUsage of job (MB)
	945304  -  ResidentSetSize of job (KB)
...
006 (5770884.177.000) 07/22 12:47:57 Image size of job updated: 945316
	924  -  MemoryUsage of job (MB)
	945316  -  ResidentSetSize of job (KB)
...
006 (5770884.177.000) 07/22 12:52:59 Image size of job updated: 945332
	924  -  MemoryUsage of job (MB)
	945332  -  ResidentSetSize of job (KB)
...
006 (5770884.177.000) 07/22 12:57:59 Image size of job updated: 945340
	924  -  MemoryUsage of job (MB)
	945340  -  ResidentSetSize of job (KB)
...
006 (5770884.177.000) 07/22 13:02:59 Image size of job updated: 945344
	924  -  MemoryUsage of job (MB)
	945344  -  ResidentSetSize of job (KB)
...
006 (5770884.177.000) 07/22 13:08:00 Image size of job updated: 953476
	932  -  MemoryUsage of job (MB)
	953476  -  ResidentSetSize of job (KB)
...
006 (5770884.177.000) 07/22 13:13:01 Image size of job updated: 962836
	941  -  MemoryUsage of job (MB)
	962836  -  ResidentSetSize of job (KB)
...
006 (5770884.177.000) 07/22 13:16:59 Image size of job updated: 962848
	941  -  MemoryUsage of job (MB)
	962836  -  ResidentSetSize of job (KB)
...
040 (5770884.177.000) 07/22 13:16:59 Started transferring output files
...
040 (5770884.177.000) 07/22 13:16:59 Finished transferring output files
...
005 (5770884.177.000) 07/22 13:16:59 Job terminated.
	(1) Normal termination (return value 0)
		Usr 0 01:11:39, Sys 0 00:01:02  -  Run Remote Usage
		Usr 0 00:00:00, Sys 0 00:00:00  -  Run Local Usage
		Usr 0 01:11:39, Sys 0 00:01:02  -  Total Remote Usage
		Usr 0 00:00:00, Sys 0 00:00:00  -  Total Local Usage
	489382  -  Run Bytes Sent By Job
	1666  -  Run Bytes Received By Job
	489382  -  Total Bytes Sent By Job
	1666  -  Total Bytes Received By Job
	Partitionable Resources :    Usage  Request Allocated 
	   Cpus                 :     0.96        1         1 
	   Disk (KB)            :   502           2      3816 
	   GPUs                 :                           0 
	   Memory (MB)          :   941        3000      3000 

	Job terminated of its own accord at 2025-07-22T11:16:59Z with exit-code 0.
...
