000 (5770884.233.000) 07/22 11:51:17 Job submitted from host: <188.185.125.71:9618?addrs=188.185.125.71-9618+[2001-1458-d00-4a--100-15e]-9618&alias=bigbird28.cern.ch&noUDP&sock=schedd_2239_58a3>
...
040 (5770884.233.000) 07/22 11:52:50 Started transferring input files
	Transferring to host: <188.185.196.185:9618?addrs=188.185.196.185-9618+[2001-1458-303-23--100-b5]-9618&alias=b9p16p8521.cern.ch&noUDP&sock=slot1_8_8784_df5e_53247>
...
040 (5770884.233.000) 07/22 11:52:50 Finished transferring input files
...
001 (5770884.233.000) 07/22 11:52:51 Job executing on host: <188.185.196.185:9618?addrs=188.185.196.185-9618+[2001-1458-303-23--100-b5]-9618&alias=b9p16p8521.cern.ch&noUDP&sock=startd_8646_03ec>
	SlotName: slot1_8@b9p16p8521.cern.ch
	CondorScratchDir = "/pool/condor/dir_1118007"
	Cpus = 1
	Disk = 3900
	GPUs = 0
	Memory = 3000
...
006 (5770884.233.000) 07/22 11:52:59 Image size of job updated: 19152
	19  -  MemoryUsage of job (MB)
	19152  -  ResidentSetSize of job (KB)
...
006 (5770884.233.000) 07/22 11:57:59 Image size of job updated: 604332
	591  -  MemoryUsage of job (MB)
	604332  -  ResidentSetSize of job (KB)
...
006 (5770884.233.000) 07/22 12:03:00 Image size of job updated: 936288
	915  -  MemoryUsage of job (MB)
	936288  -  ResidentSetSize of job (KB)
...
006 (5770884.233.000) 07/22 12:08:01 Image size of job updated: 1517416
	1482  -  MemoryUsage of job (MB)
	1517416  -  ResidentSetSize of job (KB)
...
006 (5770884.233.000) 07/22 12:13:01 Image size of job updated: 1535480
	1500  -  MemoryUsage of job (MB)
	1535480  -  ResidentSetSize of job (KB)
...
006 (5770884.233.000) 07/22 12:18:02 Image size of job updated: 1558748
	1523  -  MemoryUsage of job (MB)
	1558748  -  ResidentSetSize of job (KB)
...
006 (5770884.233.000) 07/22 12:33:03 Image size of job updated: 1575688
	1539  -  MemoryUsage of job (MB)
	1575688  -  ResidentSetSize of job (KB)
...
006 (5770884.233.000) 07/22 12:38:04 Image size of job updated: 1577920
	1541  -  MemoryUsage of job (MB)
	1577920  -  ResidentSetSize of job (KB)
...
006 (5770884.233.000) 07/22 12:48:04 Image size of job updated: 1578144
	1542  -  MemoryUsage of job (MB)
	1578144  -  ResidentSetSize of job (KB)
...
006 (5770884.233.000) 07/22 12:53:05 Image size of job updated: 1578680
	1542  -  MemoryUsage of job (MB)
	1578680  -  ResidentSetSize of job (KB)
...
006 (5770884.233.000) 07/22 12:58:05 Image size of job updated: 1597660
	1561  -  MemoryUsage of job (MB)
	1597660  -  ResidentSetSize of job (KB)
...
006 (5770884.233.000) 07/22 13:08:06 Image size of job updated: 1599812
	1563  -  MemoryUsage of job (MB)
	1599812  -  ResidentSetSize of job (KB)
...
006 (5770884.233.000) 07/22 13:23:08 Image size of job updated: 1601608
	1565  -  MemoryUsage of job (MB)
	1601608  -  ResidentSetSize of job (KB)
...
006 (5770884.233.000) 07/22 13:43:10 Image size of job updated: 1615504
	1578  -  MemoryUsage of job (MB)
	1615504  -  ResidentSetSize of job (KB)
...
040 (5770884.233.000) 07/22 13:44:09 Started transferring output files
...
040 (5770884.233.000) 07/22 13:44:09 Finished transferring output files
...
005 (5770884.233.000) 07/22 13:44:09 Job terminated.
	(1) Normal termination (return value 0)
		Usr 0 01:33:16, Sys 0 00:01:43  -  Run Remote Usage
		Usr 0 00:00:00, Sys 0 00:00:00  -  Run Local Usage
		Usr 0 01:33:16, Sys 0 00:01:43  -  Total Remote Usage
		Usr 0 00:00:00, Sys 0 00:00:00  -  Total Local Usage
	646055  -  Run Bytes Sent By Job
	1666  -  Run Bytes Received By Job
	646055  -  Total Bytes Sent By Job
	1666  -  Total Bytes Received By Job
	Partitionable Resources :    Usage  Request Allocated 
	   Cpus                 :     0.92        1         1 
	   Disk (KB)            :   655           2      3900 
	   GPUs                 :                           0 
	   Memory (MB)          :  1578        3000      3000 

	Job terminated of its own accord at 2025-07-22T11:44:09Z with exit-code 0.
...
