000 (5770884.240.000) 07/22 11:51:17 Job submitted from host: <188.185.125.71:9618?addrs=188.185.125.71-9618+[2001-1458-d00-4a--100-15e]-9618&alias=bigbird28.cern.ch&noUDP&sock=schedd_2239_58a3>
...
040 (5770884.240.000) 07/22 11:52:53 Started transferring input files
	Transferring to host: <188.185.192.24:9618?addrs=188.185.192.24-9618+[2001-1458-303-1f--100-14]-9618&alias=b9p13p3802.cern.ch&noUDP&sock=slot1_22_8867_5a82_52955>
...
040 (5770884.240.000) 07/22 11:52:53 Finished transferring input files
...
001 (5770884.240.000) 07/22 11:52:54 Job executing on host: <188.185.192.24:9618?addrs=188.185.192.24-9618+[2001-1458-303-1f--100-14]-9618&alias=b9p13p3802.cern.ch&noUDP&sock=startd_8783_fc66>
	SlotName: slot1_22@b9p13p3802.cern.ch
	CondorScratchDir = "/pool/condor/dir_3595862"
	Cpus = 1
	Disk = 3831
	GPUs = 0
	Memory = 3000
...
006 (5770884.240.000) 07/22 11:53:08 Image size of job updated: 684
	1  -  MemoryUsage of job (MB)
	684  -  ResidentSetSize of job (KB)
...
006 (5770884.240.000) 07/22 11:58:09 Image size of job updated: 175844
	172  -  MemoryUsage of job (MB)
	175844  -  ResidentSetSize of job (KB)
...
006 (5770884.240.000) 07/22 12:03:09 Image size of job updated: 488076
	443  -  MemoryUsage of job (MB)
	453456  -  ResidentSetSize of job (KB)
...
006 (5770884.240.000) 07/22 12:08:10 Image size of job updated: 948756
	927  -  MemoryUsage of job (MB)
	948756  -  ResidentSetSize of job (KB)
...
006 (5770884.240.000) 07/22 12:13:11 Image size of job updated: 1047992
	1008  -  MemoryUsage of job (MB)
	1031348  -  ResidentSetSize of job (KB)
...
006 (5770884.240.000) 07/22 12:18:11 Image size of job updated: 1057644
	1018  -  MemoryUsage of job (MB)
	1041660  -  ResidentSetSize of job (KB)
...
006 (5770884.240.000) 07/22 12:23:11 Image size of job updated: 1062044
	1038  -  MemoryUsage of job (MB)
	1062044  -  ResidentSetSize of job (KB)
...
006 (5770884.240.000) 07/22 12:28:12 Image size of job updated: 1067760
	1038  -  MemoryUsage of job (MB)
	1062044  -  ResidentSetSize of job (KB)
...
006 (5770884.240.000) 07/22 12:33:12 Image size of job updated: 1073448
	1045  -  MemoryUsage of job (MB)
	1070024  -  ResidentSetSize of job (KB)
...
006 (5770884.240.000) 07/22 12:38:12 Image size of job updated: 1074208
	1050  -  MemoryUsage of job (MB)
	1074208  -  ResidentSetSize of job (KB)
...
006 (5770884.240.000) 07/22 12:43:13 Image size of job updated: 1076892
	1050  -  MemoryUsage of job (MB)
	1074208  -  ResidentSetSize of job (KB)
...
006 (5770884.240.000) 07/22 13:28:16 Image size of job updated: 1080944
	1050  -  MemoryUsage of job (MB)
	1074208  -  ResidentSetSize of job (KB)
...
006 (5770884.240.000) 07/22 14:03:19 Image size of job updated: 1080944
	1056  -  MemoryUsage of job (MB)
	1080604  -  ResidentSetSize of job (KB)
...
006 (5770884.240.000) 07/22 14:08:19 Image size of job updated: 1081096
	1056  -  MemoryUsage of job (MB)
	1080604  -  ResidentSetSize of job (KB)
...
006 (5770884.240.000) 07/22 14:11:39 Image size of job updated: 1089544
	1056  -  MemoryUsage of job (MB)
	1080604  -  ResidentSetSize of job (KB)
...
040 (5770884.240.000) 07/22 14:11:39 Started transferring output files
...
040 (5770884.240.000) 07/22 14:11:39 Finished transferring output files
...
005 (5770884.240.000) 07/22 14:11:39 Job terminated.
	(1) Normal termination (return value 0)
		Usr 0 01:53:19, Sys 0 00:02:28  -  Run Remote Usage
		Usr 0 00:00:00, Sys 0 00:00:00  -  Run Local Usage
		Usr 0 01:53:19, Sys 0 00:02:28  -  Total Remote Usage
		Usr 0 00:00:00, Sys 0 00:00:00  -  Total Local Usage
	814914  -  Run Bytes Sent By Job
	1666  -  Run Bytes Received By Job
	814914  -  Total Bytes Sent By Job
	1666  -  Total Bytes Received By Job
	Partitionable Resources :    Usage  Request Allocated 
	   Cpus                 :     0.98        1         1 
	   Disk (KB)            :   820           2      3831 
	   GPUs                 :                           0 
	   Memory (MB)          :  1056        3000      3000 

	Job terminated of its own accord at 2025-07-22T12:11:39Z with exit-code 0.
...
