000 (5770884.006.000) 07/22 11:51:17 Job submitted from host: <188.185.125.71:9618?addrs=188.185.125.71-9618+[2001-1458-d00-4a--100-15e]-9618&alias=bigbird28.cern.ch&noUDP&sock=schedd_2239_58a3>
...
040 (5770884.006.000) 07/22 11:51:35 Started transferring input files
	Transferring to host: <128.142.129.189:9618?addrs=128.142.129.189-9618+[2001-1458-301-57--100-b1]-9618&alias=b9g16p0272.cern.ch&noUDP&sock=slot1_3_166343_7105_44222>
...
040 (5770884.006.000) 07/22 11:51:35 Finished transferring input files
...
001 (5770884.006.000) 07/22 11:51:36 Job executing on host: <128.142.129.189:9618?addrs=128.142.129.189-9618+[2001-1458-301-57--100-b1]-9618&alias=b9g16p0272.cern.ch&noUDP&sock=startd_2961_9404>
	SlotName: slot1_3@b9g16p0272.cern.ch
	CondorScratchDir = "/pool/condor/dir_2441530"
	Cpus = 1
	Disk = 2384
	GPUs = 0
	Memory = 3000
...
006 (5770884.006.000) 07/22 11:51:44 Image size of job updated: 513316
	502  -  MemoryUsage of job (MB)
	513316  -  ResidentSetSize of job (KB)
...
006 (5770884.006.000) 07/22 11:56:44 Image size of job updated: 1179308
	1152  -  MemoryUsage of job (MB)
	1179308  -  ResidentSetSize of job (KB)
...
006 (5770884.006.000) 07/22 12:01:45 Image size of job updated: 1426744
	1394  -  MemoryUsage of job (MB)
	1426744  -  ResidentSetSize of job (KB)
...
040 (5770884.006.000) 07/22 13:54:51 Started transferring output files
...
040 (5770884.006.000) 07/22 13:54:51 Finished transferring output files
...
005 (5770884.006.000) 07/22 13:54:51 Job terminated.
	(1) Normal termination (return value 0)
		Usr 0 01:48:34, Sys 0 00:01:29  -  Run Remote Usage
		Usr 0 00:00:00, Sys 0 00:00:00  -  Run Local Usage
		Usr 0 01:48:34, Sys 0 00:01:29  -  Total Remote Usage
		Usr 0 00:00:00, Sys 0 00:00:00  -  Total Local Usage
	760360  -  Run Bytes Sent By Job
	1666  -  Run Bytes Received By Job
	760360  -  Total Bytes Sent By Job
	1666  -  Total Bytes Received By Job
	Partitionable Resources :    Usage  Request Allocated 
	   Cpus                 :     0.98        1         1 
	   Disk (KB)            :   766           2      2384 
	   GPUs                 :                           0 
	   Memory (MB)          :  1394        3000      3000 

	Job terminated of its own accord at 2025-07-22T11:54:51Z with exit-code 0.
...
