000 (4398173.011.000) 12/02 10:38:15 Job submitted from host: <188.185.125.71:9618?addrs=188.185.125.71-9618+[2001-1458-d00-4a--100-15e]-9618&alias=bigbird28.cern.ch&noUDP&sock=schedd_2239_58a3>
...
040 (4398173.011.000) 12/02 13:01:11 Started transferring input files
	Transferring to host: <128.142.33.57:9618?addrs=128.142.33.57-9618+[2001-1458-301-53--100-36]-9618&alias=b9g34p9084.cern.ch&noUDP&sock=slot1_3_3427396_49e7_13118>
...
040 (4398173.011.000) 12/02 13:01:11 Finished transferring input files
...
001 (4398173.011.000) 12/02 13:01:12 Job executing on host: <128.142.33.57:9618?addrs=128.142.33.57-9618+[2001-1458-301-53--100-36]-9618&alias=b9g34p9084.cern.ch&noUDP&sock=startd_6339_9aef>
	SlotName: slot1_3@b9g34p9084.cern.ch
	CondorScratchDir = "/pool/condor/dir_1401917"
	Cpus = 1
	Disk = 2776166
	Memory = 2000
...
006 (4398173.011.000) 12/02 13:01:21 Image size of job updated: 1
	0  -  MemoryUsage of job (MB)
	0  -  ResidentSetSize of job (KB)
...
006 (4398173.011.000) 12/02 13:06:22 Image size of job updated: 2370208
	2313  -  MemoryUsage of job (MB)
	2367756  -  ResidentSetSize of job (KB)
...
006 (4398173.011.000) 12/02 13:11:23 Image size of job updated: 2481212
	2422  -  MemoryUsage of job (MB)
	2479676  -  ResidentSetSize of job (KB)
...
006 (4398173.011.000) 12/02 13:16:23 Image size of job updated: 2544436
	2484  -  MemoryUsage of job (MB)
	2542796  -  ResidentSetSize of job (KB)
...
006 (4398173.011.000) 12/02 13:21:23 Image size of job updated: 2565124
	2505  -  MemoryUsage of job (MB)
	2564956  -  ResidentSetSize of job (KB)
...
006 (4398173.011.000) 12/02 13:26:24 Image size of job updated: 2574904
	2512  -  MemoryUsage of job (MB)
	2571284  -  ResidentSetSize of job (KB)
...
006 (4398173.011.000) 12/02 13:31:24 Image size of job updated: 2574904
	2512  -  MemoryUsage of job (MB)
	2571488  -  ResidentSetSize of job (KB)
...
006 (4398173.011.000) 12/02 13:36:24 Image size of job updated: 2577248
	2514  -  MemoryUsage of job (MB)
	2573848  -  ResidentSetSize of job (KB)
...
006 (4398173.011.000) 12/02 13:41:25 Image size of job updated: 2578000
	2514  -  MemoryUsage of job (MB)
	2574132  -  ResidentSetSize of job (KB)
...
006 (4398173.011.000) 12/02 13:56:27 Image size of job updated: 2587320
	2524  -  MemoryUsage of job (MB)
	2583572  -  ResidentSetSize of job (KB)
...
006 (4398173.011.000) 12/02 14:01:28 Image size of job updated: 2587320
	2524  -  MemoryUsage of job (MB)
	2583608  -  ResidentSetSize of job (KB)
...
006 (4398173.011.000) 12/02 14:06:28 Image size of job updated: 2587320
	2524  -  MemoryUsage of job (MB)
	2583716  -  ResidentSetSize of job (KB)
...
006 (4398173.011.000) 12/02 14:11:28 Image size of job updated: 2589084
	2524  -  MemoryUsage of job (MB)
	2583716  -  ResidentSetSize of job (KB)
...
006 (4398173.011.000) 12/02 14:16:29 Image size of job updated: 2589084
	2524  -  MemoryUsage of job (MB)
	2583732  -  ResidentSetSize of job (KB)
...
006 (4398173.011.000) 12/02 14:21:29 Image size of job updated: 2589084
	2524  -  MemoryUsage of job (MB)
	2583772  -  ResidentSetSize of job (KB)
...
006 (4398173.011.000) 12/02 14:26:29 Image size of job updated: 2600784
	2536  -  MemoryUsage of job (MB)
	2596268  -  ResidentSetSize of job (KB)
...
006 (4398173.011.000) 12/02 14:31:30 Image size of job updated: 2608040
	2545  -  MemoryUsage of job (MB)
	2605116  -  ResidentSetSize of job (KB)
...
006 (4398173.011.000) 12/02 14:36:30 Image size of job updated: 2608040
	2545  -  MemoryUsage of job (MB)
	2605144  -  ResidentSetSize of job (KB)
...
006 (4398173.011.000) 12/02 14:41:30 Image size of job updated: 2608524
	2545  -  MemoryUsage of job (MB)
	2605176  -  ResidentSetSize of job (KB)
...
006 (4398173.011.000) 12/02 14:46:31 Image size of job updated: 2608524
	2545  -  MemoryUsage of job (MB)
	2605208  -  ResidentSetSize of job (KB)
...
006 (4398173.011.000) 12/02 14:51:32 Image size of job updated: 2608524
	2545  -  MemoryUsage of job (MB)
	2605244  -  ResidentSetSize of job (KB)
...
006 (4398173.011.000) 12/02 14:56:32 Image size of job updated: 2608524
	2545  -  MemoryUsage of job (MB)
	2605276  -  ResidentSetSize of job (KB)
...
006 (4398173.011.000) 12/02 15:01:33 Image size of job updated: 2608704
	2545  -  MemoryUsage of job (MB)
	2605312  -  ResidentSetSize of job (KB)
...
006 (4398173.011.000) 12/02 15:06:34 Image size of job updated: 2608704
	2545  -  MemoryUsage of job (MB)
	2605352  -  ResidentSetSize of job (KB)
...
006 (4398173.011.000) 12/02 15:11:34 Image size of job updated: 2608704
	2545  -  MemoryUsage of job (MB)
	2605380  -  ResidentSetSize of job (KB)
...
006 (4398173.011.000) 12/02 15:16:34 Image size of job updated: 2608988
	2545  -  MemoryUsage of job (MB)
	2605416  -  ResidentSetSize of job (KB)
...
006 (4398173.011.000) 12/02 15:21:35 Image size of job updated: 2609876
	2545  -  MemoryUsage of job (MB)
	2605444  -  ResidentSetSize of job (KB)
...
006 (4398173.011.000) 12/02 15:26:35 Image size of job updated: 2609876
	2545  -  MemoryUsage of job (MB)
	2605472  -  ResidentSetSize of job (KB)
...
006 (4398173.011.000) 12/02 15:31:35 Image size of job updated: 2609876
	2545  -  MemoryUsage of job (MB)
	2605500  -  ResidentSetSize of job (KB)
...
006 (4398173.011.000) 12/02 15:36:36 Image size of job updated: 2609876
	2545  -  MemoryUsage of job (MB)
	2605556  -  ResidentSetSize of job (KB)
...
006 (4398173.011.000) 12/02 15:41:36 Image size of job updated: 2609876
	2545  -  MemoryUsage of job (MB)
	2605776  -  ResidentSetSize of job (KB)
...
006 (4398173.011.000) 12/02 15:56:38 Image size of job updated: 2609876
	2545  -  MemoryUsage of job (MB)
	2605936  -  ResidentSetSize of job (KB)
...
040 (4398173.011.000) 12/02 16:02:02 Started transferring output files
...
040 (4398173.011.000) 12/02 16:02:02 Finished transferring output files
...
005 (4398173.011.000) 12/02 16:02:02 Job terminated.
	(1) Normal termination (return value 0)
		Usr 0 02:50:17, Sys 0 00:01:55  -  Run Remote Usage
		Usr 0 00:00:00, Sys 0 00:00:00  -  Run Local Usage
		Usr 0 02:50:17, Sys 0 00:01:55  -  Total Remote Usage
		Usr 0 00:00:00, Sys 0 00:00:00  -  Total Local Usage
	1152321  -  Run Bytes Sent By Job
	966  -  Run Bytes Received By Job
	1152321  -  Total Bytes Sent By Job
	966  -  Total Bytes Received By Job
	Partitionable Resources :    Usage  Request Allocated 
	   Cpus                 :     0.99        1         1 
	   Disk (KB)            :  1148           1   2776166 
	   Memory (MB)          :  2545        2000      2000 

	Job terminated of its own accord at 2024-12-02T15:02:02Z with exit-code 0.
...
