000 (4404453.001.000) 12/03 00:22:01 Job submitted from host: <188.185.125.71:9618?addrs=188.185.125.71-9618+[2001-1458-d00-4a--100-15e]-9618&alias=bigbird28.cern.ch&noUDP&sock=schedd_2239_58a3>
...
040 (4404453.001.000) 12/03 00:26:45 Started transferring input files
	Transferring to host: <128.142.248.61:9618?addrs=128.142.248.61-9618+[2001-1458-301-73--100-12d]-9618&alias=b9g23p8424.cern.ch&noUDP&sock=slot1_6_3480903_cf87_3313>
...
040 (4404453.001.000) 12/03 00:26:45 Finished transferring input files
...
001 (4404453.001.000) 12/03 00:26:46 Job executing on host: <128.142.248.61:9618?addrs=128.142.248.61-9618+[2001-1458-301-73--100-12d]-9618&alias=b9g23p8424.cern.ch&noUDP&sock=startd_7840_2a97>
	SlotName: slot1_6@b9g23p8424.cern.ch
	CondorScratchDir = "/pool/condor/dir_2883259"
	Cpus = 1
	Disk = 2960231
	Memory = 2000
...
006 (4404453.001.000) 12/03 00:26:55 Image size of job updated: 701424
	685  -  MemoryUsage of job (MB)
	701404  -  ResidentSetSize of job (KB)
...
006 (4404453.001.000) 12/03 00:31:56 Image size of job updated: 1680584
	1638  -  MemoryUsage of job (MB)
	1676448  -  ResidentSetSize of job (KB)
...
006 (4404453.001.000) 12/03 00:36:57 Image size of job updated: 1835248
	1789  -  MemoryUsage of job (MB)
	1831884  -  ResidentSetSize of job (KB)
...
006 (4404453.001.000) 12/03 00:41:57 Image size of job updated: 1864264
	1817  -  MemoryUsage of job (MB)
	1860448  -  ResidentSetSize of job (KB)
...
006 (4404453.001.000) 12/03 00:46:57 Image size of job updated: 1866136
	1818  -  MemoryUsage of job (MB)
	1861068  -  ResidentSetSize of job (KB)
...
006 (4404453.001.000) 12/03 00:51:58 Image size of job updated: 1868632
	1821  -  MemoryUsage of job (MB)
	1863868  -  ResidentSetSize of job (KB)
...
006 (4404453.001.000) 12/03 01:12:00 Image size of job updated: 1876548
	1829  -  MemoryUsage of job (MB)
	1872880  -  ResidentSetSize of job (KB)
...
006 (4404453.001.000) 12/03 01:37:02 Image size of job updated: 1878580
	1830  -  MemoryUsage of job (MB)
	1872924  -  ResidentSetSize of job (KB)
...
006 (4404453.001.000) 12/03 01:42:03 Image size of job updated: 1884632
	1837  -  MemoryUsage of job (MB)
	1881032  -  ResidentSetSize of job (KB)
...
006 (4404453.001.000) 12/03 02:22:07 Image size of job updated: 1890052
	1844  -  MemoryUsage of job (MB)
	1888004  -  ResidentSetSize of job (KB)
...
006 (4404453.001.000) 12/03 02:27:07 Image size of job updated: 1899552
	1853  -  MemoryUsage of job (MB)
	1896456  -  ResidentSetSize of job (KB)
...
006 (4404453.001.000) 12/03 02:31:32 Image size of job updated: 1901032
	1853  -  MemoryUsage of job (MB)
	1896456  -  ResidentSetSize of job (KB)
...
040 (4404453.001.000) 12/03 02:31:32 Started transferring output files
...
040 (4404453.001.000) 12/03 02:31:32 Finished transferring output files
...
005 (4404453.001.000) 12/03 02:31:32 Job terminated.
	(1) Normal termination (return value 0)
		Usr 0 01:59:04, Sys 0 00:01:02  -  Run Remote Usage
		Usr 0 00:00:00, Sys 0 00:00:00  -  Run Local Usage
		Usr 0 01:59:04, Sys 0 00:01:02  -  Total Remote Usage
		Usr 0 00:00:00, Sys 0 00:00:00  -  Total Local Usage
	799342  -  Run Bytes Sent By Job
	1092  -  Run Bytes Received By Job
	799342  -  Total Bytes Sent By Job
	1092  -  Total Bytes Received By Job
	Partitionable Resources :    Usage  Request Allocated 
	   Cpus                 :     0.99        1         1 
	   Disk (KB)            :   802           2   2960231 
	   Memory (MB)          :  1853        2000      2000 

	Job terminated of its own accord at 2024-12-03T01:31:32Z with exit-code 0.
...
