000 (4398173.006.000) 12/02 10:38:15 Job submitted from host: <188.185.125.71:9618?addrs=188.185.125.71-9618+[2001-1458-d00-4a--100-15e]-9618&alias=bigbird28.cern.ch&noUDP&sock=schedd_2239_58a3>
...
040 (4398173.006.000) 12/02 13:01:10 Started transferring input files
	Transferring to host: <188.185.209.76:9618?addrs=188.185.209.76-9618+[2001-1458-303-11--100-49]-9618&alias=b9p11p1755.cern.ch&noUDP&sock=slot1_15_22950_19de_180203>
...
040 (4398173.006.000) 12/02 13:01:10 Finished transferring input files
...
001 (4398173.006.000) 12/02 13:01:11 Job executing on host: <188.185.209.76:9618?addrs=188.185.209.76-9618+[2001-1458-303-11--100-49]-9618&alias=b9p11p1755.cern.ch&noUDP&sock=startd_21984_c61f>
	SlotName: slot1_15@b9p11p1755.cern.ch
	CondorScratchDir = "/pool/condor/dir_2802612"
	Cpus = 1
	Disk = 2806462
	Memory = 2000
...
006 (4398173.006.000) 12/02 13:01:20 Image size of job updated: 514808
	503  -  MemoryUsage of job (MB)
	514808  -  ResidentSetSize of job (KB)
...
006 (4398173.006.000) 12/02 13:06:21 Image size of job updated: 1744056
	1700  -  MemoryUsage of job (MB)
	1740416  -  ResidentSetSize of job (KB)
...
006 (4398173.006.000) 12/02 13:11:22 Image size of job updated: 1800588
	1700  -  MemoryUsage of job (MB)
	1740416  -  ResidentSetSize of job (KB)
...
040 (4398173.006.000) 12/02 14:14:31 Started transferring output files
...
040 (4398173.006.000) 12/02 14:14:31 Finished transferring output files
...
005 (4398173.006.000) 12/02 14:14:31 Job terminated.
	(1) Normal termination (return value 0)
		Usr 0 01:07:08, Sys 0 00:00:46  -  Run Remote Usage
		Usr 0 00:00:00, Sys 0 00:00:00  -  Run Local Usage
		Usr 0 01:07:08, Sys 0 00:00:46  -  Total Remote Usage
		Usr 0 00:00:00, Sys 0 00:00:00  -  Total Local Usage
	469892  -  Run Bytes Sent By Job
	966  -  Run Bytes Received By Job
	469892  -  Total Bytes Sent By Job
	966  -  Total Bytes Received By Job
	Partitionable Resources :    Usage  Request Allocated 
	   Cpus                 :     0.99        1         1 
	   Disk (KB)            :   482           1   2806462 
	   Memory (MB)          :  1700        2000      2000 

	Job terminated of its own accord at 2024-12-02T13:14:31Z with exit-code 0.
...
