000 (4404453.011.000) 12/03 00:22:01 Job submitted from host: <188.185.125.71:9618?addrs=188.185.125.71-9618+[2001-1458-d00-4a--100-15e]-9618&alias=bigbird28.cern.ch&noUDP&sock=schedd_2239_58a3>
...
040 (4404453.011.000) 12/03 00:26:44 Started transferring input files
	Transferring to host: <188.185.198.113:9618?addrs=188.185.198.113-9618+[2001-1458-303-25--100-6d]-9618&alias=b9p15p0787.cern.ch&noUDP&sock=slot1_24_2548116_fc3b_7149>
...
040 (4404453.011.000) 12/03 00:26:44 Finished transferring input files
...
001 (4404453.011.000) 12/03 00:26:45 Job executing on host: <188.185.198.113:9618?addrs=188.185.198.113-9618+[2001-1458-303-25--100-6d]-9618&alias=b9p15p0787.cern.ch&noUDP&sock=startd_8940_acc4>
	SlotName: slot1_24@b9p15p0787.cern.ch
	CondorScratchDir = "/pool/condor/dir_3559930"
	Cpus = 1
	Disk = 3046312
	Memory = 2000
...
006 (4404453.011.000) 12/03 00:26:54 Image size of job updated: 523612
	512  -  MemoryUsage of job (MB)
	523508  -  ResidentSetSize of job (KB)
...
006 (4404453.011.000) 12/03 00:31:55 Image size of job updated: 1663504
	1621  -  MemoryUsage of job (MB)
	1659896  -  ResidentSetSize of job (KB)
...
006 (4404453.011.000) 12/03 00:36:56 Image size of job updated: 1807424
	1765  -  MemoryUsage of job (MB)
	1807244  -  ResidentSetSize of job (KB)
...
006 (4404453.011.000) 12/03 00:41:56 Image size of job updated: 1833384
	1788  -  MemoryUsage of job (MB)
	1830784  -  ResidentSetSize of job (KB)
...
006 (4404453.011.000) 12/03 00:46:57 Image size of job updated: 1862936
	1816  -  MemoryUsage of job (MB)
	1859340  -  ResidentSetSize of job (KB)
...
006 (4404453.011.000) 12/03 00:51:58 Image size of job updated: 1862936
	1817  -  MemoryUsage of job (MB)
	1859596  -  ResidentSetSize of job (KB)
...
006 (4404453.011.000) 12/03 00:56:58 Image size of job updated: 1864008
	1817  -  MemoryUsage of job (MB)
	1859596  -  ResidentSetSize of job (KB)
...
040 (4404453.011.000) 12/03 03:01:00 Started transferring output files
...
040 (4404453.011.000) 12/03 03:01:00 Finished transferring output files
...
005 (4404453.011.000) 12/03 03:01:00 Job terminated.
	(1) Normal termination (return value 0)
		Usr 0 02:27:44, Sys 0 00:01:06  -  Run Remote Usage
		Usr 0 00:00:00, Sys 0 00:00:00  -  Run Local Usage
		Usr 0 02:27:44, Sys 0 00:01:06  -  Total Remote Usage
		Usr 0 00:00:00, Sys 0 00:00:00  -  Total Local Usage
	984842  -  Run Bytes Sent By Job
	1092  -  Run Bytes Received By Job
	984842  -  Total Bytes Sent By Job
	1092  -  Total Bytes Received By Job
	Partitionable Resources :    Usage  Request Allocated 
	   Cpus                 :     0.97        1         1 
	   Disk (KB)            :   984           2   3046312 
	   Memory (MB)          :  1817        2000      2000 

	Job terminated of its own accord at 2024-12-03T02:01:00Z with exit-code 0.
...
