000 (4404453.004.000) 12/03 00:22:01 Job submitted from host: <188.185.125.71:9618?addrs=188.185.125.71-9618+[2001-1458-d00-4a--100-15e]-9618&alias=bigbird28.cern.ch&noUDP&sock=schedd_2239_58a3>
...
040 (4404453.004.000) 12/03 00:26:43 Started transferring input files
	Transferring to host: <128.142.161.112:9618?addrs=128.142.161.112-9618+[2001-1458-301-b8--100-2e]-9618&alias=b9g03p9650.cern.ch&noUDP&sock=slot1_7_4022106_489f_2635>
...
040 (4404453.004.000) 12/03 00:26:43 Finished transferring input files
...
001 (4404453.004.000) 12/03 00:26:44 Job executing on host: <128.142.161.112:9618?addrs=128.142.161.112-9618+[2001-1458-301-b8--100-2e]-9618&alias=b9g03p9650.cern.ch&noUDP&sock=startd_5084_c794>
	SlotName: slot1_7@b9g03p9650.cern.ch
	CondorScratchDir = "/pool/condor/dir_3671391"
	Cpus = 1
	Disk = 4024
	GPUs = 0
	Memory = 2000
...
006 (4404453.004.000) 12/03 00:26:53 Image size of job updated: 553756
	541  -  MemoryUsage of job (MB)
	553756  -  ResidentSetSize of job (KB)
...
006 (4404453.004.000) 12/03 00:31:54 Image size of job updated: 1665708
	1627  -  MemoryUsage of job (MB)
	1665708  -  ResidentSetSize of job (KB)
...
006 (4404453.004.000) 12/03 00:36:54 Image size of job updated: 1792096
	1751  -  MemoryUsage of job (MB)
	1792096  -  ResidentSetSize of job (KB)
...
006 (4404453.004.000) 12/03 00:41:54 Image size of job updated: 1809472
	1768  -  MemoryUsage of job (MB)
	1809472  -  ResidentSetSize of job (KB)
...
006 (4404453.004.000) 12/03 00:46:55 Image size of job updated: 1828136
	1786  -  MemoryUsage of job (MB)
	1828136  -  ResidentSetSize of job (KB)
...
006 (4404453.004.000) 12/03 00:51:56 Image size of job updated: 1838084
	1796  -  MemoryUsage of job (MB)
	1838084  -  ResidentSetSize of job (KB)
...
006 (4404453.004.000) 12/03 00:56:56 Image size of job updated: 1847472
	1805  -  MemoryUsage of job (MB)
	1847472  -  ResidentSetSize of job (KB)
...
006 (4404453.004.000) 12/03 01:01:57 Image size of job updated: 1852308
	1809  -  MemoryUsage of job (MB)
	1852308  -  ResidentSetSize of job (KB)
...
040 (4404453.004.000) 12/03 02:36:11 Started transferring output files
...
040 (4404453.004.000) 12/03 02:36:11 Finished transferring output files
...
005 (4404453.004.000) 12/03 02:36:11 Job terminated.
	(1) Normal termination (return value 0)
		Usr 0 02:03:26, Sys 0 00:01:18  -  Run Remote Usage
		Usr 0 00:00:00, Sys 0 00:00:00  -  Run Local Usage
		Usr 0 02:03:26, Sys 0 00:01:18  -  Total Remote Usage
		Usr 0 00:00:00, Sys 0 00:00:00  -  Total Local Usage
	827008  -  Run Bytes Sent By Job
	1092  -  Run Bytes Received By Job
	827008  -  Total Bytes Sent By Job
	1092  -  Total Bytes Received By Job
	Partitionable Resources :    Usage  Request Allocated 
	   Cpus                 :     0.99        1         1 
	   Disk (KB)            :   831           2      4024 
	   GPUs                 :                           0 
	   Memory (MB)          :  1809        2000      2000 

	Job terminated of its own accord at 2024-12-03T01:36:11Z with exit-code 0.
...
