000 (4404453.012.000) 12/03 00:22:01 Job submitted from host: <188.185.125.71:9618?addrs=188.185.125.71-9618+[2001-1458-d00-4a--100-15e]-9618&alias=bigbird28.cern.ch&noUDP&sock=schedd_2239_58a3>
...
040 (4404453.012.000) 12/03 00:26:45 Started transferring input files
	Transferring to host: <188.185.194.108:9618?addrs=188.185.194.108-9618+[2001-1458-303-21--100-68]-9618&alias=b9p20p1332.cern.ch&noUDP&sock=slot1_2_3059290_4fae_7578>
...
040 (4404453.012.000) 12/03 00:26:45 Finished transferring input files
...
001 (4404453.012.000) 12/03 00:26:46 Job executing on host: <188.185.194.108:9618?addrs=188.185.194.108-9618+[2001-1458-303-21--100-68]-9618&alias=b9p20p1332.cern.ch&noUDP&sock=startd_5726_2361>
	SlotName: slot1_2@b9p20p1332.cern.ch
	CondorScratchDir = "/pool/condor/dir_917699"
	Cpus = 1
	Disk = 2998084
	Memory = 2000
...
006 (4404453.012.000) 12/03 00:26:54 Image size of job updated: 2
	0  -  MemoryUsage of job (MB)
	0  -  ResidentSetSize of job (KB)
...
006 (4404453.012.000) 12/03 00:31:54 Image size of job updated: 1649060
	1609  -  MemoryUsage of job (MB)
	1647064  -  ResidentSetSize of job (KB)
...
006 (4404453.012.000) 12/03 00:36:55 Image size of job updated: 1780896
	1736  -  MemoryUsage of job (MB)
	1777192  -  ResidentSetSize of job (KB)
...
006 (4404453.012.000) 12/03 00:41:56 Image size of job updated: 1830208
	1788  -  MemoryUsage of job (MB)
	1830208  -  ResidentSetSize of job (KB)
...
006 (4404453.012.000) 12/03 00:46:56 Image size of job updated: 1840596
	1796  -  MemoryUsage of job (MB)
	1838816  -  ResidentSetSize of job (KB)
...
006 (4404453.012.000) 12/03 00:51:57 Image size of job updated: 1841180
	1796  -  MemoryUsage of job (MB)
	1838832  -  ResidentSetSize of job (KB)
...
006 (4404453.012.000) 12/03 00:56:58 Image size of job updated: 1841600
	1797  -  MemoryUsage of job (MB)
	1839176  -  ResidentSetSize of job (KB)
...
006 (4404453.012.000) 12/03 01:01:58 Image size of job updated: 1842948
	1797  -  MemoryUsage of job (MB)
	1839860  -  ResidentSetSize of job (KB)
...
006 (4404453.012.000) 12/03 01:06:58 Image size of job updated: 1847016
	1800  -  MemoryUsage of job (MB)
	1842616  -  ResidentSetSize of job (KB)
...
006 (4404453.012.000) 12/03 01:11:59 Image size of job updated: 1847576
	1800  -  MemoryUsage of job (MB)
	1842616  -  ResidentSetSize of job (KB)
...
006 (4404453.012.000) 12/03 01:37:01 Image size of job updated: 1853428
	1808  -  MemoryUsage of job (MB)
	1851264  -  ResidentSetSize of job (KB)
...
006 (4404453.012.000) 12/03 01:42:02 Image size of job updated: 1854156
	1808  -  MemoryUsage of job (MB)
	1851296  -  ResidentSetSize of job (KB)
...
006 (4404453.012.000) 12/03 01:47:03 Image size of job updated: 1854156
	1808  -  MemoryUsage of job (MB)
	1851328  -  ResidentSetSize of job (KB)
...
006 (4404453.012.000) 12/03 01:52:03 Image size of job updated: 1854156
	1808  -  MemoryUsage of job (MB)
	1851360  -  ResidentSetSize of job (KB)
...
006 (4404453.012.000) 12/03 01:57:04 Image size of job updated: 1854464
	1809  -  MemoryUsage of job (MB)
	1851544  -  ResidentSetSize of job (KB)
...
006 (4404453.012.000) 12/03 02:07:05 Image size of job updated: 1854804
	1809  -  MemoryUsage of job (MB)
	1851544  -  ResidentSetSize of job (KB)
...
006 (4404453.012.000) 12/03 02:12:05 Image size of job updated: 1855080
	1809  -  MemoryUsage of job (MB)
	1851544  -  ResidentSetSize of job (KB)
...
006 (4404453.012.000) 12/03 02:17:06 Image size of job updated: 1855080
	1809  -  MemoryUsage of job (MB)
	1851568  -  ResidentSetSize of job (KB)
...
006 (4404453.012.000) 12/03 02:22:06 Image size of job updated: 1862116
	1817  -  MemoryUsage of job (MB)
	1860424  -  ResidentSetSize of job (KB)
...
006 (4404453.012.000) 12/03 02:27:06 Image size of job updated: 1864752
	1817  -  MemoryUsage of job (MB)
	1860424  -  ResidentSetSize of job (KB)
...
006 (4404453.012.000) 12/03 02:34:30 Image size of job updated: 1865720
	1817  -  MemoryUsage of job (MB)
	1860424  -  ResidentSetSize of job (KB)
...
040 (4404453.012.000) 12/03 02:34:30 Started transferring output files
...
040 (4404453.012.000) 12/03 02:34:30 Finished transferring output files
...
005 (4404453.012.000) 12/03 02:34:30 Job terminated.
	(1) Normal termination (return value 0)
		Usr 0 02:01:08, Sys 0 00:01:21  -  Run Remote Usage
		Usr 0 00:00:00, Sys 0 00:00:00  -  Run Local Usage
		Usr 0 02:01:08, Sys 0 00:01:21  -  Total Remote Usage
		Usr 0 00:00:00, Sys 0 00:00:00  -  Total Local Usage
	814288  -  Run Bytes Sent By Job
	1092  -  Run Bytes Received By Job
	814288  -  Total Bytes Sent By Job
	1092  -  Total Bytes Received By Job
	Partitionable Resources :    Usage  Request Allocated 
	   Cpus                 :     0.99        1         1 
	   Disk (KB)            :   818           2   2998084 
	   Memory (MB)          :  1817        2000      2000 

	Job terminated of its own accord at 2024-12-03T01:34:30Z with exit-code 0.
...
