000 (4398173.022.000) 12/02 10:38:15 Job submitted from host: <188.185.125.71:9618?addrs=188.185.125.71-9618+[2001-1458-d00-4a--100-15e]-9618&alias=bigbird28.cern.ch&noUDP&sock=schedd_2239_58a3>
...
040 (4398173.022.000) 12/02 13:01:17 Started transferring input files
	Transferring to host: <188.185.211.159:9618?addrs=188.185.211.159-9618+[2001-1458-303-17--100-1b]-9618&alias=b9p24p4146.cern.ch&noUDP&sock=slot1_7_9268_e4f2_8509>
...
040 (4398173.022.000) 12/02 13:01:17 Finished transferring input files
...
001 (4398173.022.000) 12/02 13:01:18 Job executing on host: <188.185.211.159:9618?addrs=188.185.211.159-9618+[2001-1458-303-17--100-1b]-9618&alias=b9p24p4146.cern.ch&noUDP&sock=startd_8101_30cf>
	SlotName: slot1_7@b9p24p4146.cern.ch
	CondorScratchDir = "/pool/condor/dir_1923671"
	Cpus = 1
	Disk = 3880
	GPUs = 0
	Memory = 2000
...
006 (4398173.022.000) 12/02 13:01:27 Image size of job updated: 615272
	601  -  MemoryUsage of job (MB)
	615272  -  ResidentSetSize of job (KB)
...
006 (4398173.022.000) 12/02 13:06:28 Image size of job updated: 1697192
	1658  -  MemoryUsage of job (MB)
	1697192  -  ResidentSetSize of job (KB)
...
006 (4398173.022.000) 12/02 13:11:29 Image size of job updated: 1765968
	1725  -  MemoryUsage of job (MB)
	1765968  -  ResidentSetSize of job (KB)
...
006 (4398173.022.000) 12/02 13:16:29 Image size of job updated: 1790312
	1749  -  MemoryUsage of job (MB)
	1790312  -  ResidentSetSize of job (KB)
...
006 (4398173.022.000) 12/02 13:21:30 Image size of job updated: 1790396
	1749  -  MemoryUsage of job (MB)
	1790396  -  ResidentSetSize of job (KB)
...
006 (4398173.022.000) 12/02 13:36:31 Image size of job updated: 1794260
	1753  -  MemoryUsage of job (MB)
	1794260  -  ResidentSetSize of job (KB)
...
006 (4398173.022.000) 12/02 13:46:32 Image size of job updated: 1794312
	1753  -  MemoryUsage of job (MB)
	1794312  -  ResidentSetSize of job (KB)
...
006 (4398173.022.000) 12/02 13:56:33 Image size of job updated: 1794340
	1753  -  MemoryUsage of job (MB)
	1794340  -  ResidentSetSize of job (KB)
...
006 (4398173.022.000) 12/02 14:26:37 Image size of job updated: 1814460
	1772  -  MemoryUsage of job (MB)
	1814460  -  ResidentSetSize of job (KB)
...
006 (4398173.022.000) 12/02 14:36:38 Image size of job updated: 1814764
	1773  -  MemoryUsage of job (MB)
	1814764  -  ResidentSetSize of job (KB)
...
006 (4398173.022.000) 12/02 14:41:38 Image size of job updated: 1823992
	1782  -  MemoryUsage of job (MB)
	1823992  -  ResidentSetSize of job (KB)
...
040 (4398173.022.000) 12/02 14:53:51 Started transferring output files
...
040 (4398173.022.000) 12/02 14:53:51 Finished transferring output files
...
005 (4398173.022.000) 12/02 14:53:51 Job terminated.
	(1) Normal termination (return value 0)
		Usr 0 01:46:13, Sys 0 00:01:14  -  Run Remote Usage
		Usr 0 00:00:00, Sys 0 00:00:00  -  Run Local Usage
		Usr 0 01:46:13, Sys 0 00:01:14  -  Total Remote Usage
		Usr 0 00:00:00, Sys 0 00:00:00  -  Total Local Usage
	721536  -  Run Bytes Sent By Job
	966  -  Run Bytes Received By Job
	721536  -  Total Bytes Sent By Job
	966  -  Total Bytes Received By Job
	Partitionable Resources :    Usage  Request Allocated 
	   Cpus                 :     0.99        1         1 
	   Disk (KB)            :   728           1      3880 
	   GPUs                 :                           0 
	   Memory (MB)          :  1782        2000      2000 

	Job terminated of its own accord at 2024-12-02T13:53:50Z with exit-code 0.
...
