000 (4398173.025.000) 12/02 10:38:15 Job submitted from host: <188.185.125.71:9618?addrs=188.185.125.71-9618+[2001-1458-d00-4a--100-15e]-9618&alias=bigbird28.cern.ch&noUDP&sock=schedd_2239_58a3>
...
040 (4398173.025.000) 12/02 13:01:17 Started transferring input files
	Transferring to host: <188.185.206.149:9618?addrs=188.185.206.149-9618+[2001-1458-303-c--100-12]-9618&alias=b9p06p7867.cern.ch&noUDP&sock=slot1_4_3952_4a9a_22700>
...
040 (4398173.025.000) 12/02 13:01:17 Finished transferring input files
...
001 (4398173.025.000) 12/02 13:01:18 Job executing on host: <188.185.206.149:9618?addrs=188.185.206.149-9618+[2001-1458-303-c--100-12]-9618&alias=b9p06p7867.cern.ch&noUDP&sock=startd_3706_9612>
	SlotName: slot1_4@b9p06p7867.cern.ch
	CondorScratchDir = "/pool/condor/dir_3064354"
	Cpus = 1
	Disk = 3643
	GPUs = 0
	Memory = 2000
...
006 (4398173.025.000) 12/02 13:01:27 Image size of job updated: 636900
	622  -  MemoryUsage of job (MB)
	636900  -  ResidentSetSize of job (KB)
...
006 (4398173.025.000) 12/02 13:06:28 Image size of job updated: 1715336
	1676  -  MemoryUsage of job (MB)
	1715336  -  ResidentSetSize of job (KB)
...
006 (4398173.025.000) 12/02 13:11:29 Image size of job updated: 1769704
	1729  -  MemoryUsage of job (MB)
	1769704  -  ResidentSetSize of job (KB)
...
006 (4398173.025.000) 12/02 13:16:29 Image size of job updated: 1800548
	1759  -  MemoryUsage of job (MB)
	1800548  -  ResidentSetSize of job (KB)
...
006 (4398173.025.000) 12/02 13:36:31 Image size of job updated: 1800564
	1759  -  MemoryUsage of job (MB)
	1800564  -  ResidentSetSize of job (KB)
...
006 (4398173.025.000) 12/02 13:41:32 Image size of job updated: 1800580
	1759  -  MemoryUsage of job (MB)
	1800580  -  ResidentSetSize of job (KB)
...
006 (4398173.025.000) 12/02 13:51:32 Image size of job updated: 1804624
	1763  -  MemoryUsage of job (MB)
	1804624  -  ResidentSetSize of job (KB)
...
006 (4398173.025.000) 12/02 13:56:33 Image size of job updated: 1804732
	1763  -  MemoryUsage of job (MB)
	1804732  -  ResidentSetSize of job (KB)
...
006 (4398173.025.000) 12/02 14:01:33 Image size of job updated: 1804896
	1763  -  MemoryUsage of job (MB)
	1804896  -  ResidentSetSize of job (KB)
...
006 (4398173.025.000) 12/02 14:21:35 Image size of job updated: 1816376
	1774  -  MemoryUsage of job (MB)
	1816376  -  ResidentSetSize of job (KB)
...
040 (4398173.025.000) 12/02 14:28:23 Started transferring output files
...
040 (4398173.025.000) 12/02 14:28:23 Finished transferring output files
...
005 (4398173.025.000) 12/02 14:28:23 Job terminated.
	(1) Normal termination (return value 0)
		Usr 0 01:20:31, Sys 0 00:00:58  -  Run Remote Usage
		Usr 0 00:00:00, Sys 0 00:00:00  -  Run Local Usage
		Usr 0 01:20:31, Sys 0 00:00:58  -  Total Remote Usage
		Usr 0 00:00:00, Sys 0 00:00:00  -  Total Local Usage
	559780  -  Run Bytes Sent By Job
	966  -  Run Bytes Received By Job
	559780  -  Total Bytes Sent By Job
	966  -  Total Bytes Received By Job
	Partitionable Resources :    Usage  Request Allocated 
	   Cpus                 :     0.48        1         1 
	   Disk (KB)            :   573           1      3643 
	   GPUs                 :                           0 
	   Memory (MB)          :  1774        2000      2000 

	Job terminated of its own accord at 2024-12-02T13:28:23Z with exit-code 0.
...
